Log file open, 04/18/22 11:11:26
LogWindows: Failed to load 'aqProf.dll' (GetLastError=126)
LogWindows: File 'aqProf.dll' does not exist
LogWindows: Failed to load 'VtuneApi.dll' (GetLastError=126)
LogWindows: File 'VtuneApi.dll' does not exist
LogWindows: Failed to load 'VtuneApi32e.dll' (GetLastError=126)
LogWindows: File 'VtuneApi32e.dll' does not exist
LogConsoleResponse: Display: Failed to find resolution value strings in scalability ini. Falling back to default.
LogConsoleResponse: Display: Failed to find resolution value strings in scalability ini. Falling back to default.
LogInit: Display: Running engine for game: PruebaTecnica
LogPlatformFile: Not using cached read wrapper
LogTaskGraph: Started task graph with 5 named threads and 35 total threads with 3 sets of task threads.
LogStats: Stats thread started at 0.207107
LogICUInternationalization: ICU TimeZone Detection - Raw Offset: -3:00, Platform Override: ''
LogInit: Display: Loading text-based GConfig....
LogPluginManager: Mounting plugin MeshPainting
LogPluginManager: Mounting plugin XGEController
LogPluginManager: Mounting plugin Paper2D
LogPluginManager: Mounting plugin AISupport
LogPluginManager: Mounting plugin EnvironmentQueryEditor
LogPluginManager: Mounting plugin LiveLink
LogPluginManager: Mounting plugin LightPropagationVolume
LogPluginManager: Mounting plugin OodleNetwork
LogPluginManager: Mounting plugin CameraShakePreviewer
LogPluginManager: Mounting plugin GameplayCameras
LogPluginManager: Mounting plugin OodleData
LogPluginManager: Mounting plugin AnimationSharing
LogPluginManager: Mounting plugin CLionSourceCodeAccess
LogPluginManager: Mounting plugin CodeLiteSourceCodeAccess
LogPluginManager: Mounting plugin KDevelopSourceCodeAccess
LogPluginManager: Mounting plugin GitSourceControl
LogPluginManager: Mounting plugin NullSourceCodeAccess
LogPluginManager: Mounting plugin PixWinPlugin
LogPluginManager: Mounting plugin PerforceSourceControl
LogPluginManager: Mounting plugin PlasticSourceControl
LogPluginManager: Mounting plugin PluginUtils
LogPluginManager: Mounting plugin PropertyAccessNode
LogPluginManager: Mounting plugin RiderLink
LogPluginManager: Mounting plugin RiderSourceCodeAccess
LogPluginManager: Mounting plugin UObjectPlugin
LogPluginManager: Mounting plugin SubversionSourceControl
LogPluginManager: Mounting plugin XCodeSourceCodeAccess
LogPluginManager: Mounting plugin TextureFormatOodle
LogPluginManager: Mounting plugin VisualStudioCodeSourceCodeAccess
LogPluginManager: Mounting plugin VisualStudioSourceCodeAccess
LogPluginManager: Mounting plugin AssetManagerEditor
LogPluginManager: Mounting plugin DataValidation
LogPluginManager: Mounting plugin CryptoKeys
LogPluginManager: Mounting plugin CurveEditorTools
LogPluginManager: Mounting plugin FacialAnimation
LogPluginManager: Mounting plugin GameplayTagsEditor
LogPluginManager: Mounting plugin GeometryMode
LogPluginManager: Mounting plugin MacGraphicsSwitching
LogPluginManager: Mounting plugin MaterialAnalyzer
LogPluginManager: Mounting plugin MobileLauncherProfileWizard
LogPluginManager: Mounting plugin SpeedTreeImporter
LogPluginManager: Mounting plugin PluginBrowser
LogPluginManager: Mounting plugin DatasmithContent
LogPluginManager: Mounting plugin AlembicImporter
LogPluginManager: Mounting plugin AutomationUtils
LogPluginManager: Mounting plugin BackChannel
LogPluginManager: Mounting plugin ChaosCloth
LogPluginManager: Mounting plugin ChaosEditor
LogPluginManager: Mounting plugin ChaosClothEditor
LogPluginManager: Mounting plugin ChaosNiagara
LogPluginManager: Mounting plugin ChaosSolverPlugin
LogPluginManager: Mounting plugin Niagara
LogPluginManager: Mounting plugin CharacterAI
LogPluginManager: Mounting plugin VariantManagerContent
LogPluginManager: Mounting plugin GeometryCache
LogPluginManager: Mounting plugin GeometryCollectionPlugin
LogPluginManager: Mounting plugin GeometryProcessing
LogPluginManager: Mounting plugin MotoSynth
LogPluginManager: Mounting plugin OpenImageDenoise
LogPluginManager: Mounting plugin PlanarCut
LogPluginManager: Mounting plugin ProxyLODPlugin
LogPluginManager: Mounting plugin PlatformCrypto
LogPluginManager: Mounting plugin PythonScriptPlugin
LogPluginManager: Mounting plugin SkeletalReduction
LogPluginManager: Mounting plugin AndroidMedia
LogPluginManager: Mounting plugin AvfMedia
LogPluginManager: Mounting plugin ImgMedia
LogPluginManager: Mounting plugin MediaCompositing
LogPluginManager: Mounting plugin MediaPlayerEditor
LogPluginManager: Mounting plugin WebMMedia
LogPluginManager: Mounting plugin WmfMedia
LogPluginManager: Mounting plugin TcpMessaging
LogPluginManager: Mounting plugin UdpMessaging
LogPluginManager: Mounting plugin LuminPlatformFeatures
LogPluginManager: Mounting plugin MagicLeap
LogPluginManager: Mounting plugin MagicLeapMedia
LogPluginManager: Mounting plugin MagicLeapLightEstimation
LogPluginManager: Mounting plugin MagicLeapPassableWorld
LogPluginManager: Mounting plugin MLSDK
LogPluginManager: Mounting plugin OnlineSubsystem
LogPluginManager: Mounting plugin OnlineSubsystemNull
LogPluginManager: Mounting plugin ActorSequence
LogPluginManager: Mounting plugin AndroidMoviePlayer
LogPluginManager: Mounting plugin AndroidPermission
LogPluginManager: Mounting plugin OnlineSubsystemUtils
LogPluginManager: Mounting plugin AndroidDeviceProfileSelector
LogPluginManager: Mounting plugin ActorLayerUtilities
LogPluginManager: Mounting plugin AppleImageUtils
LogPluginManager: Mounting plugin AppleMoviePlayer
LogPluginManager: Mounting plugin AssetTags
LogPluginManager: Mounting plugin AudioCapture
LogPluginManager: Mounting plugin LevelSequenceEditor
LogPluginManager: Mounting plugin MatineeToLevelSequence
LogPluginManager: Mounting plugin ArchVisCharacter
LogPluginManager: Mounting plugin CableComponent
LogPluginManager: Mounting plugin TemplateSequence
LogPluginManager: Mounting plugin AudioSynesthesia
LogPluginManager: Mounting plugin ChunkDownloader
LogPluginManager: Mounting plugin CustomMeshComponent
LogPluginManager: Mounting plugin ExampleDeviceProfileSelector
LogPluginManager: Mounting plugin EditableMesh
LogPluginManager: Mounting plugin GoogleCloudMessaging
LogPluginManager: Mounting plugin GooglePAD
LogPluginManager: Mounting plugin IOSDeviceProfileSelector
LogPluginManager: Mounting plugin LinuxDeviceProfileSelector
LogPluginManager: Mounting plugin LocationServicesBPLibrary
LogPluginManager: Mounting plugin MobilePatchingUtils
LogPluginManager: Mounting plugin OpenXR
LogPluginManager: Mounting plugin OpenXREyeTracker
LogPluginManager: Mounting plugin OpenXRHandTracking
LogPluginManager: Mounting plugin PhysXVehicles
LogPluginManager: Mounting plugin PostSplashScreen
LogPluginManager: Mounting plugin ProceduralMeshComponent
LogPluginManager: Mounting plugin PropertyAccessEditor
LogPluginManager: Mounting plugin SignificanceManager
LogPluginManager: Mounting plugin SoundFields
LogPluginManager: Mounting plugin RuntimePhysXCooking
LogPluginManager: Mounting plugin Synthesis
LogPluginManager: Mounting plugin LauncherChunkInstaller
LogPluginManager: Mounting plugin WebMMoviePlayer
LogPluginManager: Mounting plugin WindowsMoviePlayer
LogPluginManager: Mounting plugin ScreenshotTools
LogPluginManager: Mounting plugin Takes
LogPluginManager: Mounting plugin ContentBrowserAssetDataSource
LogPluginManager: Mounting plugin ContentBrowserClassDataSource
LogPluginManager: Mounting plugin ContentBrowserFileDataSource
LogPluginManager: Mounting plugin OnlineSubsystemGooglePlay
LogPluginManager: Mounting plugin OnlineSubsystemIOS
LogPluginManager: Mounting plugin OculusVR
LogPluginManager: Mounting plugin SteamVR
PixWinPlugin: PIX capture plugin failed to initialize! Check that the process is launched from PIX.
LogInit: Using libcurl 7.55.1-DEV
LogInit:  - built for x86_64-pc-win32
LogInit:  - supports SSL with OpenSSL/1.1.1
LogInit:  - supports HTTP deflate (compression) using libz 1.2.8
LogInit:  - other features:
LogInit:      CURL_VERSION_SSL
LogInit:      CURL_VERSION_LIBZ
LogInit:      CURL_VERSION_IPV6
LogInit:      CURL_VERSION_ASYNCHDNS
LogInit:      CURL_VERSION_LARGEFILE
LogInit:      CURL_VERSION_IDN
LogInit:  CurlRequestOptions (configurable via config and command line):
LogInit:  - bVerifyPeer = true  - Libcurl will verify peer certificate
LogInit:  - bUseHttpProxy = false  - Libcurl will NOT use HTTP proxy
LogInit:  - bDontReuseConnections = false  - Libcurl will reuse connections
LogInit:  - MaxHostConnections = 16  - Libcurl will limit the number of connections to a host
LogInit:  - LocalHostAddr = Default
LogInit:  - BufferSize = 65536
LogOnline: OSS: Creating online subsystem instance for: NULL
LogInit: WinSock: version 1.1 (2.2), MaxSocks=32767, MaxUdp=65467
LogOnline: OSS: TryLoadSubsystemAndSetDefault: Loaded subsystem for module [NULL]
LogOculusPluginWrapper: OculusPlugin initialized successfully
LogHMD: Failed initializing OVRPlugin 1.59.0
LogInit: Build: ++UE4+Release-4.27-CL-18319896
LogInit: Engine Version: 4.27.2-18319896+++UE4+Release-4.27
LogInit: Compatible Engine Version: 4.27.0-17155196+++UE4+Release-4.27
LogInit: Net CL: 17155196
LogInit: OS: Windows 10 (Release 2009) (), CPU: Intel(R) Core(TM) i7-8700 CPU @ 3.20GHz, GPU: NVIDIA GeForce GTX 1070 Ti
LogInit: Compiled (64-bit): Nov 30 2021 07:12:08
LogInit: Compiled with Visual C++: 19.24.28315.00
LogInit: Build Configuration: Development
LogInit: Branch Name: ++UE4+Release-4.27
LogInit: Command Line:  -skipcompile
LogInit: Base Directory: E:/Unreal/UE_4.27/Engine/Binaries/Win64/
LogInit: Allocator: TBB
LogInit: Installed Engine Build: 1
LogDevObjectVersion: Number of dev versions registered: 29
LogDevObjectVersion:   Dev-Blueprints (B0D832E4-1F89-4F0D-ACCF-7EB736FD4AA2): 10
LogDevObjectVersion:   Dev-Build (E1C64328-A22C-4D53-A36C-8E866417BD8C): 0
LogDevObjectVersion:   Dev-Core (375EC13C-06E4-48FB-B500-84F0262A717E): 4
LogDevObjectVersion:   Dev-Editor (E4B068ED-F494-42E9-A231-DA0B2E46BB41): 40
LogDevObjectVersion:   Dev-Framework (CFFC743F-43B0-4480-9391-14DF171D2073): 37
LogDevObjectVersion:   Dev-Mobile (B02B49B5-BB20-44E9-A304-32B752E40360): 3
LogDevObjectVersion:   Dev-Networking (A4E4105C-59A1-49B5-A7C5-40C4547EDFEE): 0
LogDevObjectVersion:   Dev-Online (39C831C9-5AE6-47DC-9A44-9C173E1C8E7C): 0
LogDevObjectVersion:   Dev-Physics (78F01B33-EBEA-4F98-B9B4-84EACCB95AA2): 14
LogDevObjectVersion:   Dev-Platform (6631380F-2D4D-43E0-8009-CF276956A95A): 0
LogDevObjectVersion:   Dev-Rendering (12F88B9F-8875-4AFC-A67C-D90C383ABD29): 45
LogDevObjectVersion:   Dev-Sequencer (7B5AE74C-D270-4C10-A958-57980B212A5A): 13
LogDevObjectVersion:   Dev-VR (D7296918-1DD6-4BDD-9DE2-64A83CC13884): 3
LogDevObjectVersion:   Dev-LoadTimes (C2A15278-BFE7-4AFE-6C17-90FF531DF755): 1
LogDevObjectVersion:   Private-Geometry (6EACA3D4-40EC-4CC1-B786-8BED09428FC5): 3
LogDevObjectVersion:   Dev-AnimPhys (29E575DD-E0A3-4627-9D10-D276232CDCEA): 17
LogDevObjectVersion:   Dev-Anim (AF43A65D-7FD3-4947-9873-3E8ED9C1BB05): 15
LogDevObjectVersion:   Dev-ReflectionCapture (6B266CEC-1EC7-4B8F-A30B-E4D90942FC07): 1
LogDevObjectVersion:   Dev-Automation (0DF73D61-A23F-47EA-B727-89E90C41499A): 1
LogDevObjectVersion:   FortniteMain (601D1886-AC64-4F84-AA16-D3DE0DEAC7D6): 47
LogDevObjectVersion:   FortniteRelease (E7086368-6B23-4C58-8439-1B7016265E91): 1
LogDevObjectVersion:   Dev-Enterprise (9DFFBCD6-494F-0158-E221-12823C92A888): 10
LogDevObjectVersion:   Dev-Niagara (F2AED0AC-9AFE-416F-8664-AA7FFA26D6FC): 1
LogDevObjectVersion:   Dev-Destruction (174F1F0B-B4C6-45A5-B13F-2EE8D0FB917D): 10
LogDevObjectVersion:   Dev-Physics-Ext (35F94A83-E258-406C-A318-09F59610247C): 41
LogDevObjectVersion:   Dev-PhysicsMaterial-Chaos (B68FC16E-8B1B-42E2-B453-215C058844FE): 1
LogDevObjectVersion:   Dev-CineCamera (B2E18506-4273-CFC2-A54E-F4BB758BBA07): 1
LogDevObjectVersion:   Dev-VirtualProduction (64F58936-FD1B-42BA-BA96-7289D5D0FA4E): 1
LogDevObjectVersion:   Dev-MediaFramework (6F0ED827-A609-4895-9C91-998D90180EA4): 2
LogInit: Presizing for max 25165824 objects, including 0 objects not considered by GC, pre-allocating 0 bytes for permanent pool.
LogConfig: Applying CVar settings from Section [/Script/Engine.StreamingSettings] File [E:/Prueba Tecnica/PruebaTecnica/PruebaTecnica/Saved/Config/Windows/Engine.ini]
LogConfig: Setting CVar [[s.MinBulkDataSizeForAsyncLoading:131072]]
LogConfig: Setting CVar [[s.AsyncLoadingThreadEnabled:0]]
LogConfig: Setting CVar [[s.EventDrivenLoaderEnabled:1]]
LogConfig: Setting CVar [[s.WarnIfTimeLimitExceeded:0]]
LogConfig: Setting CVar [[s.TimeLimitExceededMultiplier:1.5]]
LogConfig: Setting CVar [[s.TimeLimitExceededMinTime:0.005]]
LogConfig: Setting CVar [[s.UseBackgroundLevelStreaming:1]]
LogConfig: Setting CVar [[s.PriorityAsyncLoadingExtraTime:15.0]]
LogConfig: Setting CVar [[s.LevelStreamingActorsUpdateTimeLimit:5.0]]
LogConfig: Setting CVar [[s.PriorityLevelStreamingActorsUpdateExtraTime:5.0]]
LogConfig: Setting CVar [[s.LevelStreamingComponentsRegistrationGranularity:10]]
LogConfig: Setting CVar [[s.UnregisterComponentsTimeLimit:1.0]]
LogConfig: Setting CVar [[s.LevelStreamingComponentsUnregistrationGranularity:5]]
LogConfig: Setting CVar [[s.FlushStreamingOnExit:1]]
LogInit: Object subsystem initialized
LogConfig: Setting CVar [[con.DebugEarlyDefault:1]]
LogConfig: Setting CVar [[r.setres:1280x720]]
[2022.04.18-14.11.26:628][  0]LogConfig: Setting CVar [[r.VSync:0]]
[2022.04.18-14.11.26:628][  0]LogConfig: Setting CVar [[r.RHICmdBypass:0]]
[2022.04.18-14.11.26:628][  0]LogConfig: Applying CVar settings from Section [/Script/Engine.RendererSettings] File [E:/Prueba Tecnica/PruebaTecnica/PruebaTecnica/Saved/Config/Windows/Engine.ini]
[2022.04.18-14.11.26:628][  0]LogConfig: Setting CVar [[r.GPUCrashDebugging:0]]
[2022.04.18-14.11.26:628][  0]LogConfig: Applying CVar settings from Section [/Script/Engine.RendererOverrideSettings] File [E:/Prueba Tecnica/PruebaTecnica/PruebaTecnica/Saved/Config/Windows/Engine.ini]
[2022.04.18-14.11.26:628][  0]LogConfig: Applying CVar settings from Section [/Script/Engine.StreamingSettings] File [E:/Prueba Tecnica/PruebaTecnica/PruebaTecnica/Saved/Config/Windows/Engine.ini]
[2022.04.18-14.11.26:628][  0]LogConfig: Setting CVar [[s.MinBulkDataSizeForAsyncLoading:131072]]
[2022.04.18-14.11.26:628][  0]LogConfig: Setting CVar [[s.AsyncLoadingThreadEnabled:0]]
[2022.04.18-14.11.26:628][  0]LogConfig: Setting CVar [[s.EventDrivenLoaderEnabled:1]]
[2022.04.18-14.11.26:628][  0]LogConfig: Setting CVar [[s.WarnIfTimeLimitExceeded:0]]
[2022.04.18-14.11.26:628][  0]LogConfig: Setting CVar [[s.TimeLimitExceededMultiplier:1.5]]
[2022.04.18-14.11.26:628][  0]LogConfig: Setting CVar [[s.TimeLimitExceededMinTime:0.005]]
[2022.04.18-14.11.26:628][  0]LogConfig: Setting CVar [[s.UseBackgroundLevelStreaming:1]]
[2022.04.18-14.11.26:628][  0]LogConfig: Setting CVar [[s.PriorityAsyncLoadingExtraTime:15.0]]
[2022.04.18-14.11.26:628][  0]LogConfig: Setting CVar [[s.LevelStreamingActorsUpdateTimeLimit:5.0]]
[2022.04.18-14.11.26:628][  0]LogConfig: Setting CVar [[s.PriorityLevelStreamingActorsUpdateExtraTime:5.0]]
[2022.04.18-14.11.26:628][  0]LogConfig: Setting CVar [[s.LevelStreamingComponentsRegistrationGranularity:10]]
[2022.04.18-14.11.26:628][  0]LogConfig: Setting CVar [[s.UnregisterComponentsTimeLimit:1.0]]
[2022.04.18-14.11.26:628][  0]LogConfig: Setting CVar [[s.LevelStreamingComponentsUnregistrationGranularity:5]]
[2022.04.18-14.11.26:628][  0]LogConfig: Setting CVar [[s.FlushStreamingOnExit:1]]
[2022.04.18-14.11.26:628][  0]LogConfig: Applying CVar settings from Section [/Script/Engine.GarbageCollectionSettings] File [E:/Prueba Tecnica/PruebaTecnica/PruebaTecnica/Saved/Config/Windows/Engine.ini]
[2022.04.18-14.11.26:628][  0]LogConfig: Setting CVar [[gc.MaxObjectsNotConsideredByGC:1]]
[2022.04.18-14.11.26:628][  0]LogConfig: Setting CVar [[gc.SizeOfPermanentObjectPool:0]]
[2022.04.18-14.11.26:628][  0]LogConfig: Setting CVar [[gc.FlushStreamingOnGC:0]]
[2022.04.18-14.11.26:628][  0]LogConfig: Setting CVar [[gc.NumRetriesBeforeForcingGC:10]]
[2022.04.18-14.11.26:628][  0]LogConfig: Setting CVar [[gc.AllowParallelGC:1]]
[2022.04.18-14.11.26:628][  0]LogConfig: Setting CVar [[gc.TimeBetweenPurgingPendingKillObjects:61.1]]
[2022.04.18-14.11.26:628][  0]LogConfig: Setting CVar [[gc.MaxObjectsInEditor:25165824]]
[2022.04.18-14.11.26:628][  0]LogConfig: Setting CVar [[gc.IncrementalBeginDestroyEnabled:1]]
[2022.04.18-14.11.26:628][  0]LogConfig: Setting CVar [[gc.CreateGCClusters:1]]
[2022.04.18-14.11.26:628][  0]LogConfig: Setting CVar [[gc.MinGCClusterSize:5]]
[2022.04.18-14.11.26:628][  0]LogConfig: Setting CVar [[gc.ActorClusteringEnabled:0]]
[2022.04.18-14.11.26:628][  0]LogConfig: Setting CVar [[gc.BlueprintClusteringEnabled:0]]
[2022.04.18-14.11.26:628][  0]LogConfig: Setting CVar [[gc.UseDisregardForGCOnDedicatedServers:0]]
[2022.04.18-14.11.26:628][  0]LogConfig: Setting CVar [[gc.MultithreadedDestructionEnabled:1]]
[2022.04.18-14.11.26:628][  0]LogConfig: Applying CVar settings from Section [/Script/Engine.NetworkSettings] File [E:/Prueba Tecnica/PruebaTecnica/PruebaTecnica/Saved/Config/Windows/Engine.ini]
[2022.04.18-14.11.26:628][  0]LogConfig: Applying CVar settings from Section [/Script/UnrealEd.CookerSettings] File [E:/Prueba Tecnica/PruebaTecnica/PruebaTecnica/Saved/Config/Windows/Engine.ini]
[2022.04.18-14.11.26:659][  0]LogConfig: Applying CVar settings from Section [ViewDistanceQuality@3] File [E:/Prueba Tecnica/PruebaTecnica/PruebaTecnica/Saved/Config/Windows/Scalability.ini]
[2022.04.18-14.11.26:659][  0]LogConfig: Setting CVar [[r.SkeletalMeshLODBias:0]]
[2022.04.18-14.11.26:659][  0]LogConfig: Setting CVar [[r.ViewDistanceScale:1.0]]
[2022.04.18-14.11.26:659][  0]LogConfig: Applying CVar settings from Section [AntiAliasingQuality@3] File [E:/Prueba Tecnica/PruebaTecnica/PruebaTecnica/Saved/Config/Windows/Scalability.ini]
[2022.04.18-14.11.26:659][  0]LogConfig: Setting CVar [[r.PostProcessAAQuality:4]]
[2022.04.18-14.11.26:659][  0]LogConfig: Applying CVar settings from Section [ShadowQuality@3] File [E:/Prueba Tecnica/PruebaTecnica/PruebaTecnica/Saved/Config/Windows/Scalability.ini]
[2022.04.18-14.11.26:659][  0]LogConfig: Setting CVar [[r.LightFunctionQuality:1]]
[2022.04.18-14.11.26:659][  0]LogConfig: Setting CVar [[r.ShadowQuality:5]]
[2022.04.18-14.11.26:659][  0]LogConfig: Setting CVar [[r.Shadow.CSM.MaxCascades:10]]
[2022.04.18-14.11.26:659][  0]LogConfig: Setting CVar [[r.Shadow.MaxResolution:2048]]
[2022.04.18-14.11.26:659][  0]LogConfig: Setting CVar [[r.Shadow.MaxCSMResolution:2048]]
[2022.04.18-14.11.26:659][  0]LogConfig: Setting CVar [[r.Shadow.RadiusThreshold:0.01]]
[2022.04.18-14.11.26:659][  0]LogConfig: Setting CVar [[r.Shadow.DistanceScale:1.0]]
[2022.04.18-14.11.26:659][  0]LogConfig: Setting CVar [[r.Shadow.CSM.TransitionScale:1.0]]
[2022.04.18-14.11.26:659][  0]LogConfig: Setting CVar [[r.Shadow.PreShadowResolutionFactor:1.0]]
[2022.04.18-14.11.26:659][  0]LogConfig: Setting CVar [[r.DistanceFieldShadowing:1]]
[2022.04.18-14.11.26:659][  0]LogConfig: Setting CVar [[r.DistanceFieldAO:1]]
[2022.04.18-14.11.26:659][  0]LogConfig: Setting CVar [[r.AOQuality:2]]
[2022.04.18-14.11.26:659][  0]LogConfig: Setting CVar [[r.VolumetricFog:1]]
[2022.04.18-14.11.26:659][  0]LogConfig: Setting CVar [[r.VolumetricFog.GridPixelSize:8]]
[2022.04.18-14.11.26:659][  0]LogConfig: Setting CVar [[r.VolumetricFog.GridSizeZ:128]]
[2022.04.18-14.11.26:659][  0]LogConfig: Setting CVar [[r.VolumetricFog.HistoryMissSupersampleCount:4]]
[2022.04.18-14.11.26:659][  0]LogConfig: Setting CVar [[r.LightMaxDrawDistanceScale:1]]
[2022.04.18-14.11.26:659][  0]LogConfig: Setting CVar [[r.CapsuleShadows:1]]
[2022.04.18-14.11.26:659][  0]LogConfig: Applying CVar settings from Section [PostProcessQuality@3] File [E:/Prueba Tecnica/PruebaTecnica/PruebaTecnica/Saved/Config/Windows/Scalability.ini]
[2022.04.18-14.11.26:659][  0]LogConfig: Setting CVar [[r.MotionBlurQuality:4]]
[2022.04.18-14.11.26:659][  0]LogConfig: Setting CVar [[r.AmbientOcclusionMipLevelFactor:0.4]]
[2022.04.18-14.11.26:659][  0]LogConfig: Setting CVar [[r.AmbientOcclusionMaxQuality:100]]
[2022.04.18-14.11.26:659][  0]LogConfig: Setting CVar [[r.AmbientOcclusionLevels:-1]]
[2022.04.18-14.11.26:659][  0]LogConfig: Setting CVar [[r.AmbientOcclusionRadiusScale:1.0]]
[2022.04.18-14.11.26:659][  0]LogConfig: Setting CVar [[r.DepthOfFieldQuality:2]]
[2022.04.18-14.11.26:659][  0]LogConfig: Setting CVar [[r.RenderTargetPoolMin:400]]
[2022.04.18-14.11.26:659][  0]LogConfig: Setting CVar [[r.LensFlareQuality:2]]
[2022.04.18-14.11.26:659][  0]LogConfig: Setting CVar [[r.SceneColorFringeQuality:1]]
[2022.04.18-14.11.26:659][  0]LogConfig: Setting CVar [[r.EyeAdaptationQuality:2]]
[2022.04.18-14.11.26:659][  0]LogConfig: Setting CVar [[r.BloomQuality:5]]
[2022.04.18-14.11.26:659][  0]LogConfig: Setting CVar [[r.FastBlurThreshold:100]]
[2022.04.18-14.11.26:660][  0]LogConfig: Setting CVar [[r.Upscale.Quality:3]]
[2022.04.18-14.11.26:660][  0]LogConfig: Setting CVar [[r.Tonemapper.GrainQuantization:1]]
[2022.04.18-14.11.26:660][  0]LogConfig: Setting CVar [[r.LightShaftQuality:1]]
[2022.04.18-14.11.26:660][  0]LogConfig: Setting CVar [[r.Filter.SizeScale:1]]
[2022.04.18-14.11.26:660][  0]LogConfig: Setting CVar [[r.Tonemapper.Quality:5]]
[2022.04.18-14.11.26:660][  0]LogConfig: Setting CVar [[r.DOF.Gather.AccumulatorQuality:1        ; higher gathering accumulator quality]]
[2022.04.18-14.11.26:660][  0]LogConfig: Setting CVar [[r.DOF.Gather.PostfilterMethod:1          ; Median3x3 postfilering method]]
[2022.04.18-14.11.26:660][  0]LogConfig: Setting CVar [[r.DOF.Gather.EnableBokehSettings:0       ; no bokeh simulation when gathering]]
[2022.04.18-14.11.26:660][  0]LogConfig: Setting CVar [[r.DOF.Gather.RingCount:4                 ; medium number of samples when gathering]]
[2022.04.18-14.11.26:660][  0]LogConfig: Setting CVar [[r.DOF.Scatter.ForegroundCompositing:1    ; additive foreground scattering]]
[2022.04.18-14.11.26:660][  0]LogConfig: Setting CVar [[r.DOF.Scatter.BackgroundCompositing:2    ; additive background scattering]]
[2022.04.18-14.11.26:660][  0]LogConfig: Setting CVar [[r.DOF.Scatter.EnableBokehSettings:1      ; bokeh simulation when scattering]]
[2022.04.18-14.11.26:660][  0]LogConfig: Setting CVar [[r.DOF.Scatter.MaxSpriteRatio:0.1         ; only a maximum of 10% of scattered bokeh]]
[2022.04.18-14.11.26:660][  0]LogConfig: Setting CVar [[r.DOF.Recombine.Quality:1                ; cheap slight out of focus]]
[2022.04.18-14.11.26:660][  0]LogConfig: Setting CVar [[r.DOF.Recombine.EnableBokehSettings:0    ; no bokeh simulation on slight out of focus]]
[2022.04.18-14.11.26:660][  0]LogConfig: Setting CVar [[r.DOF.TemporalAAQuality:1                ; more stable temporal accumulation]]
[2022.04.18-14.11.26:660][  0]LogConfig: Setting CVar [[r.DOF.Kernel.MaxForegroundRadius:0.025]]
[2022.04.18-14.11.26:660][  0]LogConfig: Setting CVar [[r.DOF.Kernel.MaxBackgroundRadius:0.025]]
[2022.04.18-14.11.26:660][  0]LogConfig: Applying CVar settings from Section [TextureQuality@3] File [E:/Prueba Tecnica/PruebaTecnica/PruebaTecnica/Saved/Config/Windows/Scalability.ini]
[2022.04.18-14.11.26:660][  0]LogConfig: Setting CVar [[r.Streaming.MipBias:0]]
[2022.04.18-14.11.26:660][  0]LogConfig: Setting CVar [[r.Streaming.AmortizeCPUToGPUCopy:0]]
[2022.04.18-14.11.26:660][  0]LogConfig: Setting CVar [[r.Streaming.MaxNumTexturesToStreamPerFrame:0]]
[2022.04.18-14.11.26:660][  0]LogConfig: Setting CVar [[r.Streaming.Boost:1]]
[2022.04.18-14.11.26:660][  0]LogConfig: Setting CVar [[r.MaxAnisotropy:8]]
[2022.04.18-14.11.26:660][  0]LogConfig: Setting CVar [[r.VT.MaxAnisotropy:8]]
[2022.04.18-14.11.26:660][  0]LogConfig: Setting CVar [[r.Streaming.LimitPoolSizeToVRAM:0]]
[2022.04.18-14.11.26:660][  0]LogConfig: Setting CVar [[r.Streaming.PoolSize:1000]]
[2022.04.18-14.11.26:660][  0]LogConfig: Setting CVar [[r.Streaming.MaxEffectiveScreenSize:0]]
[2022.04.18-14.11.26:660][  0]LogConfig: Applying CVar settings from Section [EffectsQuality@3] File [E:/Prueba Tecnica/PruebaTecnica/PruebaTecnica/Saved/Config/Windows/Scalability.ini]
[2022.04.18-14.11.26:660][  0]LogConfig: Setting CVar [[r.TranslucencyLightingVolumeDim:64]]
[2022.04.18-14.11.26:660][  0]LogConfig: Setting CVar [[r.RefractionQuality:2]]
[2022.04.18-14.11.26:660][  0]LogConfig: Setting CVar [[r.SSR.Quality:3]]
[2022.04.18-14.11.26:660][  0]LogConfig: Setting CVar [[r.SSR.HalfResSceneColor:0]]
[2022.04.18-14.11.26:660][  0]LogConfig: Setting CVar [[r.SceneColorFormat:4]]
[2022.04.18-14.11.26:660][  0]LogConfig: Setting CVar [[r.DetailMode:2]]
[2022.04.18-14.11.26:660][  0]LogConfig: Setting CVar [[r.TranslucencyVolumeBlur:1]]
[2022.04.18-14.11.26:660][  0]LogConfig: Setting CVar [[r.MaterialQualityLevel:1 ; High quality]]
[2022.04.18-14.11.26:660][  0]LogConfig: Setting CVar [[r.AnisotropicMaterials:1]]
[2022.04.18-14.11.26:660][  0]LogConfig: Setting CVar [[r.SSS.Scale:1]]
[2022.04.18-14.11.26:660][  0]LogConfig: Setting CVar [[r.SSS.SampleSet:2]]
[2022.04.18-14.11.26:660][  0]LogConfig: Setting CVar [[r.SSS.Quality:1]]
[2022.04.18-14.11.26:660][  0]LogConfig: Setting CVar [[r.SSS.HalfRes:0]]
[2022.04.18-14.11.26:660][  0]LogConfig: Setting CVar [[r.SSGI.Quality:3]]
[2022.04.18-14.11.26:660][  0]LogConfig: Setting CVar [[r.EmitterSpawnRateScale:1.0]]
[2022.04.18-14.11.26:660][  0]LogConfig: Setting CVar [[r.ParticleLightQuality:2]]
[2022.04.18-14.11.26:660][  0]LogConfig: Setting CVar [[r.SkyAtmosphere.AerialPerspectiveLUT.FastApplyOnOpaque:1 ; Always have FastSkyLUT 1 in this case to avoid wrong sky]]
[2022.04.18-14.11.26:660][  0]LogConfig: Setting CVar [[r.SkyAtmosphere.AerialPerspectiveLUT.SampleCountMaxPerSlice:4]]
[2022.04.18-14.11.26:660][  0]LogConfig: Setting CVar [[r.SkyAtmosphere.AerialPerspectiveLUT.DepthResolution:16.0]]
[2022.04.18-14.11.26:660][  0]LogConfig: Setting CVar [[r.SkyAtmosphere.FastSkyLUT:1]]
[2022.04.18-14.11.26:660][  0]LogConfig: Setting CVar [[r.SkyAtmosphere.FastSkyLUT.SampleCountMin:4.0]]
[2022.04.18-14.11.26:660][  0]LogConfig: Setting CVar [[r.SkyAtmosphere.FastSkyLUT.SampleCountMax:128.0]]
[2022.04.18-14.11.26:660][  0]LogConfig: Setting CVar [[r.SkyAtmosphere.SampleCountMin:4.0]]
[2022.04.18-14.11.26:660][  0]LogConfig: Setting CVar [[r.SkyAtmosphere.SampleCountMax:128.0]]
[2022.04.18-14.11.26:660][  0]LogConfig: Setting CVar [[r.SkyAtmosphere.TransmittanceLUT.UseSmallFormat:0]]
[2022.04.18-14.11.26:660][  0]LogConfig: Setting CVar [[r.SkyAtmosphere.TransmittanceLUT.SampleCount:10.0]]
[2022.04.18-14.11.26:660][  0]LogConfig: Setting CVar [[r.SkyAtmosphere.MultiScatteringLUT.SampleCount:15.0]]
[2022.04.18-14.11.26:660][  0]LogConfig: Setting CVar [[r.SkyLight.RealTimeReflectionCapture:1]]
[2022.04.18-14.11.26:660][  0]LogConfig: Applying CVar settings from Section [FoliageQuality@3] File [E:/Prueba Tecnica/PruebaTecnica/PruebaTecnica/Saved/Config/Windows/Scalability.ini]
[2022.04.18-14.11.26:660][  0]LogConfig: Setting CVar [[foliage.DensityScale:1.0]]
[2022.04.18-14.11.26:660][  0]LogConfig: Setting CVar [[grass.DensityScale:1.0]]
[2022.04.18-14.11.26:660][  0]LogConfig: Applying CVar settings from Section [ShadingQuality@3] File [E:/Prueba Tecnica/PruebaTecnica/PruebaTecnica/Saved/Config/Windows/Scalability.ini]
[2022.04.18-14.11.26:660][  0]LogConfig: Setting CVar [[r.HairStrands.SkyLighting.IntegrationType:2]]
[2022.04.18-14.11.26:660][  0]LogConfig: Setting CVar [[r.HairStrands.SkyAO.SampleCount:4]]
[2022.04.18-14.11.26:660][  0]LogConfig: Setting CVar [[r.HairStrands.Visibility.MSAA.SamplePerPixel:4]]
[2022.04.18-14.11.26:660][  0]LogInit: Selected Device Profile: [Windows]
[2022.04.18-14.11.26:660][  0]LogInit: Applying CVar settings loaded from the selected device profile: [Windows]
[2022.04.18-14.11.26:660][  0]LogHAL: Display: Platform has ~ 32 GB [34282221568 / 34359738368 / 32], which maps to Largest [LargestMinGB=32, LargerMinGB=12, DefaultMinGB=8, SmallerMinGB=6, SmallestMinGB=0)
[2022.04.18-14.11.26:661][  0]LogInit: Going up to parent DeviceProfile []
[2022.04.18-14.11.26:661][  0]LogConfig: Applying CVar settings from Section [ViewDistanceQuality@3] File [E:/Prueba Tecnica/PruebaTecnica/PruebaTecnica/Saved/Config/Windows/Scalability.ini]
[2022.04.18-14.11.26:661][  0]LogConfig: Setting CVar [[r.SkeletalMeshLODBias:0]]
[2022.04.18-14.11.26:661][  0]LogConfig: Setting CVar [[r.ViewDistanceScale:1.0]]
[2022.04.18-14.11.26:661][  0]LogConfig: Applying CVar settings from Section [AntiAliasingQuality@3] File [E:/Prueba Tecnica/PruebaTecnica/PruebaTecnica/Saved/Config/Windows/Scalability.ini]
[2022.04.18-14.11.26:661][  0]LogConfig: Setting CVar [[r.PostProcessAAQuality:4]]
[2022.04.18-14.11.26:661][  0]LogConfig: Applying CVar settings from Section [ShadowQuality@3] File [E:/Prueba Tecnica/PruebaTecnica/PruebaTecnica/Saved/Config/Windows/Scalability.ini]
[2022.04.18-14.11.26:661][  0]LogConfig: Setting CVar [[r.LightFunctionQuality:1]]
[2022.04.18-14.11.26:661][  0]LogConfig: Setting CVar [[r.ShadowQuality:5]]
[2022.04.18-14.11.26:661][  0]LogConfig: Setting CVar [[r.Shadow.CSM.MaxCascades:10]]
[2022.04.18-14.11.26:661][  0]LogConfig: Setting CVar [[r.Shadow.MaxResolution:2048]]
[2022.04.18-14.11.26:661][  0]LogConfig: Setting CVar [[r.Shadow.MaxCSMResolution:2048]]
[2022.04.18-14.11.26:661][  0]LogConfig: Setting CVar [[r.Shadow.RadiusThreshold:0.01]]
[2022.04.18-14.11.26:661][  0]LogConfig: Setting CVar [[r.Shadow.DistanceScale:1.0]]
[2022.04.18-14.11.26:661][  0]LogConfig: Setting CVar [[r.Shadow.CSM.TransitionScale:1.0]]
[2022.04.18-14.11.26:661][  0]LogConfig: Setting CVar [[r.Shadow.PreShadowResolutionFactor:1.0]]
[2022.04.18-14.11.26:661][  0]LogConfig: Setting CVar [[r.DistanceFieldShadowing:1]]
[2022.04.18-14.11.26:661][  0]LogConfig: Setting CVar [[r.DistanceFieldAO:1]]
[2022.04.18-14.11.26:661][  0]LogConfig: Setting CVar [[r.AOQuality:2]]
[2022.04.18-14.11.26:661][  0]LogConfig: Setting CVar [[r.VolumetricFog:1]]
[2022.04.18-14.11.26:661][  0]LogConfig: Setting CVar [[r.VolumetricFog.GridPixelSize:8]]
[2022.04.18-14.11.26:661][  0]LogConfig: Setting CVar [[r.VolumetricFog.GridSizeZ:128]]
[2022.04.18-14.11.26:661][  0]LogConfig: Setting CVar [[r.VolumetricFog.HistoryMissSupersampleCount:4]]
[2022.04.18-14.11.26:661][  0]LogConfig: Setting CVar [[r.LightMaxDrawDistanceScale:1]]
[2022.04.18-14.11.26:661][  0]LogConfig: Setting CVar [[r.CapsuleShadows:1]]
[2022.04.18-14.11.26:661][  0]LogConfig: Applying CVar settings from Section [PostProcessQuality@3] File [E:/Prueba Tecnica/PruebaTecnica/PruebaTecnica/Saved/Config/Windows/Scalability.ini]
[2022.04.18-14.11.26:661][  0]LogConfig: Setting CVar [[r.MotionBlurQuality:4]]
[2022.04.18-14.11.26:661][  0]LogConfig: Setting CVar [[r.AmbientOcclusionMipLevelFactor:0.4]]
[2022.04.18-14.11.26:661][  0]LogConfig: Setting CVar [[r.AmbientOcclusionMaxQuality:100]]
[2022.04.18-14.11.26:661][  0]LogConfig: Setting CVar [[r.AmbientOcclusionLevels:-1]]
[2022.04.18-14.11.26:661][  0]LogConfig: Setting CVar [[r.AmbientOcclusionRadiusScale:1.0]]
[2022.04.18-14.11.26:661][  0]LogConfig: Setting CVar [[r.DepthOfFieldQuality:2]]
[2022.04.18-14.11.26:661][  0]LogConfig: Setting CVar [[r.RenderTargetPoolMin:400]]
[2022.04.18-14.11.26:661][  0]LogConfig: Setting CVar [[r.LensFlareQuality:2]]
[2022.04.18-14.11.26:661][  0]LogConfig: Setting CVar [[r.SceneColorFringeQuality:1]]
[2022.04.18-14.11.26:661][  0]LogConfig: Setting CVar [[r.EyeAdaptationQuality:2]]
[2022.04.18-14.11.26:661][  0]LogConfig: Setting CVar [[r.BloomQuality:5]]
[2022.04.18-14.11.26:661][  0]LogConfig: Setting CVar [[r.FastBlurThreshold:100]]
[2022.04.18-14.11.26:661][  0]LogConfig: Setting CVar [[r.Upscale.Quality:3]]
[2022.04.18-14.11.26:661][  0]LogConfig: Setting CVar [[r.Tonemapper.GrainQuantization:1]]
[2022.04.18-14.11.26:661][  0]LogConfig: Setting CVar [[r.LightShaftQuality:1]]
[2022.04.18-14.11.26:661][  0]LogConfig: Setting CVar [[r.Filter.SizeScale:1]]
[2022.04.18-14.11.26:661][  0]LogConfig: Setting CVar [[r.Tonemapper.Quality:5]]
[2022.04.18-14.11.26:661][  0]LogConfig: Setting CVar [[r.DOF.Gather.AccumulatorQuality:1        ; higher gathering accumulator quality]]
[2022.04.18-14.11.26:661][  0]LogConfig: Setting CVar [[r.DOF.Gather.PostfilterMethod:1          ; Median3x3 postfilering method]]
[2022.04.18-14.11.26:661][  0]LogConfig: Setting CVar [[r.DOF.Gather.EnableBokehSettings:0       ; no bokeh simulation when gathering]]
[2022.04.18-14.11.26:661][  0]LogConfig: Setting CVar [[r.DOF.Gather.RingCount:4                 ; medium number of samples when gathering]]
[2022.04.18-14.11.26:661][  0]LogConfig: Setting CVar [[r.DOF.Scatter.ForegroundCompositing:1    ; additive foreground scattering]]
[2022.04.18-14.11.26:661][  0]LogConfig: Setting CVar [[r.DOF.Scatter.BackgroundCompositing:2    ; additive background scattering]]
[2022.04.18-14.11.26:661][  0]LogConfig: Setting CVar [[r.DOF.Scatter.EnableBokehSettings:1      ; bokeh simulation when scattering]]
[2022.04.18-14.11.26:661][  0]LogConfig: Setting CVar [[r.DOF.Scatter.MaxSpriteRatio:0.1         ; only a maximum of 10% of scattered bokeh]]
[2022.04.18-14.11.26:661][  0]LogConfig: Setting CVar [[r.DOF.Recombine.Quality:1                ; cheap slight out of focus]]
[2022.04.18-14.11.26:661][  0]LogConfig: Setting CVar [[r.DOF.Recombine.EnableBokehSettings:0    ; no bokeh simulation on slight out of focus]]
[2022.04.18-14.11.26:661][  0]LogConfig: Setting CVar [[r.DOF.TemporalAAQuality:1                ; more stable temporal accumulation]]
[2022.04.18-14.11.26:661][  0]LogConfig: Setting CVar [[r.DOF.Kernel.MaxForegroundRadius:0.025]]
[2022.04.18-14.11.26:661][  0]LogConfig: Setting CVar [[r.DOF.Kernel.MaxBackgroundRadius:0.025]]
[2022.04.18-14.11.26:661][  0]LogConfig: Applying CVar settings from Section [TextureQuality@3] File [E:/Prueba Tecnica/PruebaTecnica/PruebaTecnica/Saved/Config/Windows/Scalability.ini]
[2022.04.18-14.11.26:661][  0]LogConfig: Setting CVar [[r.Streaming.MipBias:0]]
[2022.04.18-14.11.26:661][  0]LogConfig: Setting CVar [[r.Streaming.AmortizeCPUToGPUCopy:0]]
[2022.04.18-14.11.26:661][  0]LogConfig: Setting CVar [[r.Streaming.MaxNumTexturesToStreamPerFrame:0]]
[2022.04.18-14.11.26:661][  0]LogConfig: Setting CVar [[r.Streaming.Boost:1]]
[2022.04.18-14.11.26:661][  0]LogConfig: Setting CVar [[r.MaxAnisotropy:8]]
[2022.04.18-14.11.26:661][  0]LogConfig: Setting CVar [[r.VT.MaxAnisotropy:8]]
[2022.04.18-14.11.26:662][  0]LogConfig: Setting CVar [[r.Streaming.LimitPoolSizeToVRAM:0]]
[2022.04.18-14.11.26:662][  0]LogConfig: Setting CVar [[r.Streaming.PoolSize:1000]]
[2022.04.18-14.11.26:662][  0]LogConfig: Setting CVar [[r.Streaming.MaxEffectiveScreenSize:0]]
[2022.04.18-14.11.26:662][  0]LogConfig: Applying CVar settings from Section [EffectsQuality@3] File [E:/Prueba Tecnica/PruebaTecnica/PruebaTecnica/Saved/Config/Windows/Scalability.ini]
[2022.04.18-14.11.26:662][  0]LogConfig: Setting CVar [[r.TranslucencyLightingVolumeDim:64]]
[2022.04.18-14.11.26:662][  0]LogConfig: Setting CVar [[r.RefractionQuality:2]]
[2022.04.18-14.11.26:662][  0]LogConfig: Setting CVar [[r.SSR.Quality:3]]
[2022.04.18-14.11.26:662][  0]LogConfig: Setting CVar [[r.SSR.HalfResSceneColor:0]]
[2022.04.18-14.11.26:662][  0]LogConfig: Setting CVar [[r.SceneColorFormat:4]]
[2022.04.18-14.11.26:662][  0]LogConfig: Setting CVar [[r.DetailMode:2]]
[2022.04.18-14.11.26:662][  0]LogConfig: Setting CVar [[r.TranslucencyVolumeBlur:1]]
[2022.04.18-14.11.26:662][  0]LogConfig: Setting CVar [[r.MaterialQualityLevel:1 ; High quality]]
[2022.04.18-14.11.26:662][  0]LogConfig: Setting CVar [[r.AnisotropicMaterials:1]]
[2022.04.18-14.11.26:662][  0]LogConfig: Setting CVar [[r.SSS.Scale:1]]
[2022.04.18-14.11.26:662][  0]LogConfig: Setting CVar [[r.SSS.SampleSet:2]]
[2022.04.18-14.11.26:662][  0]LogConfig: Setting CVar [[r.SSS.Quality:1]]
[2022.04.18-14.11.26:662][  0]LogConfig: Setting CVar [[r.SSS.HalfRes:0]]
[2022.04.18-14.11.26:662][  0]LogConfig: Setting CVar [[r.SSGI.Quality:3]]
[2022.04.18-14.11.26:662][  0]LogConfig: Setting CVar [[r.EmitterSpawnRateScale:1.0]]
[2022.04.18-14.11.26:662][  0]LogConfig: Setting CVar [[r.ParticleLightQuality:2]]
[2022.04.18-14.11.26:662][  0]LogConfig: Setting CVar [[r.SkyAtmosphere.AerialPerspectiveLUT.FastApplyOnOpaque:1 ; Always have FastSkyLUT 1 in this case to avoid wrong sky]]
[2022.04.18-14.11.26:662][  0]LogConfig: Setting CVar [[r.SkyAtmosphere.AerialPerspectiveLUT.SampleCountMaxPerSlice:4]]
[2022.04.18-14.11.26:662][  0]LogConfig: Setting CVar [[r.SkyAtmosphere.AerialPerspectiveLUT.DepthResolution:16.0]]
[2022.04.18-14.11.26:662][  0]LogConfig: Setting CVar [[r.SkyAtmosphere.FastSkyLUT:1]]
[2022.04.18-14.11.26:662][  0]LogConfig: Setting CVar [[r.SkyAtmosphere.FastSkyLUT.SampleCountMin:4.0]]
[2022.04.18-14.11.26:662][  0]LogConfig: Setting CVar [[r.SkyAtmosphere.FastSkyLUT.SampleCountMax:128.0]]
[2022.04.18-14.11.26:662][  0]LogConfig: Setting CVar [[r.SkyAtmosphere.SampleCountMin:4.0]]
[2022.04.18-14.11.26:662][  0]LogConfig: Setting CVar [[r.SkyAtmosphere.SampleCountMax:128.0]]
[2022.04.18-14.11.26:662][  0]LogConfig: Setting CVar [[r.SkyAtmosphere.TransmittanceLUT.UseSmallFormat:0]]
[2022.04.18-14.11.26:662][  0]LogConfig: Setting CVar [[r.SkyAtmosphere.TransmittanceLUT.SampleCount:10.0]]
[2022.04.18-14.11.26:662][  0]LogConfig: Setting CVar [[r.SkyAtmosphere.MultiScatteringLUT.SampleCount:15.0]]
[2022.04.18-14.11.26:662][  0]LogConfig: Setting CVar [[r.SkyLight.RealTimeReflectionCapture:1]]
[2022.04.18-14.11.26:662][  0]LogConfig: Applying CVar settings from Section [FoliageQuality@3] File [E:/Prueba Tecnica/PruebaTecnica/PruebaTecnica/Saved/Config/Windows/Scalability.ini]
[2022.04.18-14.11.26:662][  0]LogConfig: Setting CVar [[foliage.DensityScale:1.0]]
[2022.04.18-14.11.26:662][  0]LogConfig: Setting CVar [[grass.DensityScale:1.0]]
[2022.04.18-14.11.26:662][  0]LogConfig: Applying CVar settings from Section [ShadingQuality@3] File [E:/Prueba Tecnica/PruebaTecnica/PruebaTecnica/Saved/Config/Windows/Scalability.ini]
[2022.04.18-14.11.26:662][  0]LogConfig: Setting CVar [[r.HairStrands.SkyLighting.IntegrationType:2]]
[2022.04.18-14.11.26:662][  0]LogConfig: Setting CVar [[r.HairStrands.SkyAO.SampleCount:4]]
[2022.04.18-14.11.26:662][  0]LogConfig: Setting CVar [[r.HairStrands.Visibility.MSAA.SamplePerPixel:4]]
[2022.04.18-14.11.26:662][  0]LogConfig: Applying CVar settings from Section [Startup] File [../../../Engine/Config/ConsoleVariables.ini]
[2022.04.18-14.11.26:662][  0]LogConfig: Setting CVar [[net.UseAdaptiveNetUpdateFrequency:0]]
[2022.04.18-14.11.26:662][  0]LogConfig: Setting CVar [[p.chaos.AllowCreatePhysxBodies:1]]
[2022.04.18-14.11.26:662][  0]LogConfig: Setting CVar [[fx.SkipVectorVMBackendOptimizations:1]]
[2022.04.18-14.11.26:662][  0]LogConfig: Applying CVar settings from Section [ConsoleVariables] File [E:/Prueba Tecnica/PruebaTecnica/PruebaTecnica/Saved/Config/Windows/Engine.ini]
[2022.04.18-14.11.26:662][  0]LogConfig: Applying CVar settings from Section [ConsoleVariables] File [E:/Prueba Tecnica/PruebaTecnica/PruebaTecnica/Saved/Config/Windows/Editor.ini]
[2022.04.18-14.11.26:662][  0]LogInit: Computer: DESKTOP-PATULNA
[2022.04.18-14.11.26:662][  0]LogInit: User: Pablo
[2022.04.18-14.11.26:662][  0]LogInit: CPU Page size=4096, Cores=6
[2022.04.18-14.11.26:663][  0]LogInit: High frequency timer resolution =10.000000 MHz
[2022.04.18-14.11.26:663][  0]LogMemory: Memory total: Physical=31.9GB (32GB approx)
[2022.04.18-14.11.26:663][  0]LogMemory: Platform Memory Stats for Windows
[2022.04.18-14.11.26:663][  0]LogMemory: Process Physical Memory: 144.50 MB used, 144.51 MB peak
[2022.04.18-14.11.26:663][  0]LogMemory: Process Virtual Memory: 116.05 MB used, 116.05 MB peak
[2022.04.18-14.11.26:663][  0]LogMemory: Physical Memory: 14491.95 MB used,  18202.13 MB free, 32694.07 MB total
[2022.04.18-14.11.26:663][  0]LogMemory: Virtual Memory: 134198288.00 MB used,  19437.36 MB free, 134217728.00 MB total
[2022.04.18-14.11.26:670][  0]LogWindows: WindowsPlatformFeatures enabled
[2022.04.18-14.11.26:717][  0]LogInit: Physics initialised using underlying interface: PhysX
[2022.04.18-14.11.26:717][  0]LogInit: Overriding language with editor language configuration option (en-US).
[2022.04.18-14.11.26:718][  0]LogInit: Overriding language with editor locale configuration option (en).
[2022.04.18-14.11.26:719][  0]LogTextLocalizationManager: No specific localization for 'en-US' exists, so the 'en' localization will be used.
[2022.04.18-14.11.26:881][  0]LogInit: Setting process to per monitor DPI aware
[2022.04.18-14.11.26:894][  0]LogWindowsTextInputMethodSystem: Display: IME system deactivated.
[2022.04.18-14.11.26:907][  0]LogSlate: New Slate User Created.  User Index 0, Is Virtual User: 0
[2022.04.18-14.11.26:907][  0]LogSlate: Slate User Registered.  User Index 0, Is Virtual User: 0
[2022.04.18-14.11.27:017][  0]LogD3D11RHI: Loaded GFSDK_Aftermath_Lib.x64.dll
[2022.04.18-14.11.27:020][  0]LogHMD: Failed to initialize OpenVR with code 110
[2022.04.18-14.11.27:020][  0]LogD3D11RHI: D3D11 min allowed feature level: 11_0
[2022.04.18-14.11.27:020][  0]LogD3D11RHI: D3D11 max allowed feature level: 11_0
[2022.04.18-14.11.27:020][  0]LogD3D11RHI: D3D11 adapters:
[2022.04.18-14.11.27:116][  0]LogD3D11RHI:    0. 'NVIDIA GeForce GTX 1070 Ti' (Feature Level 11_0)
[2022.04.18-14.11.27:117][  0]LogD3D11RHI:       8079/0/16347 MB DedicatedVideo/DedicatedSystem/SharedSystem, Outputs:2, VendorId:0x10de
[2022.04.18-14.11.27:118][  0]LogD3D11RHI:    1. 'Microsoft Basic Render Driver' (Feature Level 11_0)
[2022.04.18-14.11.27:118][  0]LogD3D11RHI:       0/0/16347 MB DedicatedVideo/DedicatedSystem/SharedSystem, Outputs:0, VendorId:0x1414
[2022.04.18-14.11.27:119][  0]LogD3D11RHI: Chosen D3D11 Adapter:
[2022.04.18-14.11.27:119][  0]LogD3D11RHI:     Description : NVIDIA GeForce GTX 1070 Ti
[2022.04.18-14.11.27:119][  0]LogD3D11RHI:     VendorId    : 10de
[2022.04.18-14.11.27:119][  0]LogD3D11RHI:     DeviceId    : 1b82
[2022.04.18-14.11.27:119][  0]LogD3D11RHI:     SubSysId    : c3041462
[2022.04.18-14.11.27:119][  0]LogD3D11RHI:     Revision    : 00a1
[2022.04.18-14.11.27:119][  0]LogD3D11RHI:     DedicatedVideoMemory : 8471445504 bytes
[2022.04.18-14.11.27:119][  0]LogD3D11RHI:     DedicatedSystemMemory : 0 bytes
[2022.04.18-14.11.27:119][  0]LogD3D11RHI:     SharedSystemMemory : 17141110784 bytes
[2022.04.18-14.11.27:119][  0]LogD3D11RHI:     AdapterLuid : 0 51828
[2022.04.18-14.11.27:124][  0]LogD3D11RHI: Creating new Direct3DDevice
[2022.04.18-14.11.27:124][  0]LogD3D11RHI:     GPU DeviceId: 0x1b82 (for the marketing name, search the web for "GPU Device Id")
[2022.04.18-14.11.27:124][  0]LogWindows: EnumDisplayDevices:
[2022.04.18-14.11.27:125][  0]LogWindows:    0. 'NVIDIA GeForce GTX 1070 Ti' (P:0 D:1)
[2022.04.18-14.11.27:125][  0]LogWindows:    1. 'NVIDIA GeForce GTX 1070 Ti' (P:1 D:1)
[2022.04.18-14.11.27:125][  0]LogWindows:    2. 'NVIDIA GeForce GTX 1070 Ti' (P:0 D:0)
[2022.04.18-14.11.27:126][  0]LogWindows:    3. 'NVIDIA GeForce GTX 1070 Ti' (P:0 D:0)
[2022.04.18-14.11.27:126][  0]LogWindows: DebugString: FoundDriverCount:4 
[2022.04.18-14.11.27:126][  0]LogD3D11RHI:     Adapter Name: NVIDIA GeForce GTX 1070 Ti
[2022.04.18-14.11.27:126][  0]LogD3D11RHI:   Driver Version: 472.12 (internal:30.0.14.7212, unified:472.12)
[2022.04.18-14.11.27:126][  0]LogD3D11RHI:      Driver Date: 9-13-2021
[2022.04.18-14.11.27:126][  0]LogRHI: Texture pool is 5655 MB (70% of 8079 MB)
[2022.04.18-14.11.27:126][  0]LogD3D11RHI: Creating D3DDevice using adapter:
[2022.04.18-14.11.27:126][  0]LogD3D11RHI:     Description : NVIDIA GeForce GTX 1070 Ti
[2022.04.18-14.11.27:126][  0]LogD3D11RHI:     VendorId    : 10de
[2022.04.18-14.11.27:126][  0]LogD3D11RHI:     DeviceId    : 1b82
[2022.04.18-14.11.27:126][  0]LogD3D11RHI:     SubSysId    : c3041462
[2022.04.18-14.11.27:126][  0]LogD3D11RHI:     Revision    : 00a1
[2022.04.18-14.11.27:126][  0]LogD3D11RHI:     DedicatedVideoMemory : 8471445504 bytes
[2022.04.18-14.11.27:126][  0]LogD3D11RHI:     DedicatedSystemMemory : 0 bytes
[2022.04.18-14.11.27:126][  0]LogD3D11RHI:     SharedSystemMemory : 17141110784 bytes
[2022.04.18-14.11.27:126][  0]LogD3D11RHI:     AdapterLuid : 0 51828
[2022.04.18-14.11.27:195][  0]LogD3D11RHI: RHI has support for 64 bit atomics
[2022.04.18-14.11.27:195][  0]LogD3D11RHI: Async texture creation enabled
[2022.04.18-14.11.27:195][  0]LogD3D11RHI: Array index from any shader is supported
[2022.04.18-14.11.27:216][  0]LogD3D11RHI: GPU Timing Frequency: 1000.000000 (Debug: 2 1)
[2022.04.18-14.11.27:262][  0]LogRHI: GeForceNow SDK initialized: 1
[2022.04.18-14.11.27:523][  0]LogTargetPlatformManager: Display: Loaded TargetPlatform 'AllDesktop'
[2022.04.18-14.11.27:540][  0]LogTargetPlatformManager: Display: Loaded TargetPlatform 'Android'
[2022.04.18-14.11.27:540][  0]LogTargetPlatformManager: Display: Loaded TargetPlatform 'Android_ASTC'
[2022.04.18-14.11.27:540][  0]LogTargetPlatformManager: Display: Loaded TargetPlatform 'Android_DXT'
[2022.04.18-14.11.27:540][  0]LogTargetPlatformManager: Display: Loaded TargetPlatform 'Android_ETC2'
[2022.04.18-14.11.27:540][  0]LogTargetPlatformManager: Display: Loaded TargetPlatform 'AndroidClient'
[2022.04.18-14.11.27:540][  0]LogTargetPlatformManager: Display: Loaded TargetPlatform 'Android_ASTCClient'
[2022.04.18-14.11.27:540][  0]LogTargetPlatformManager: Display: Loaded TargetPlatform 'Android_DXTClient'
[2022.04.18-14.11.27:540][  0]LogTargetPlatformManager: Display: Loaded TargetPlatform 'Android_ETC2Client'
[2022.04.18-14.11.27:540][  0]LogTargetPlatformManager: Display: Loaded TargetPlatform 'Android_Multi'
[2022.04.18-14.11.27:540][  0]LogTargetPlatformManager: Display: Loaded TargetPlatform 'Android_MultiClient'
[2022.04.18-14.11.27:554][  0]LogTargetPlatformManager: Display: Loaded TargetPlatform 'IOSClient'
[2022.04.18-14.11.27:554][  0]LogTargetPlatformManager: Display: Loaded TargetPlatform 'IOS'
[2022.04.18-14.11.27:561][  0]LogTargetPlatformManager: Display: Loaded TargetPlatform 'Linux'
[2022.04.18-14.11.27:565][  0]LogTargetPlatformManager: Display: Loaded TargetPlatform 'LinuxNoEditor'
[2022.04.18-14.11.27:568][  0]LogTargetPlatformManager: Display: Loaded TargetPlatform 'LinuxClient'
[2022.04.18-14.11.27:572][  0]LogTargetPlatformManager: Display: Loaded TargetPlatform 'LinuxServer'
[2022.04.18-14.11.27:579][  0]LogTargetPlatformManager: Display: Loaded TargetPlatform 'LinuxAArch64NoEditor'
[2022.04.18-14.11.27:582][  0]LogTargetPlatformManager: Display: Loaded TargetPlatform 'LinuxAArch64Client'
[2022.04.18-14.11.27:586][  0]LogTargetPlatformManager: Display: Loaded TargetPlatform 'LinuxAArch64Server'
[2022.04.18-14.11.27:605][  0]LogTargetPlatformManager: Display: Loaded TargetPlatform 'Lumin'
[2022.04.18-14.11.27:605][  0]LogTargetPlatformManager: Display: Loaded TargetPlatform 'LuminClient'
[2022.04.18-14.11.27:611][  0]LogTargetPlatformManager: Display: Loaded TargetPlatform 'MacNoEditor'
[2022.04.18-14.11.27:615][  0]LogTargetPlatformManager: Display: Loaded TargetPlatform 'Mac'
[2022.04.18-14.11.27:618][  0]LogTargetPlatformManager: Display: Loaded TargetPlatform 'MacClient'
[2022.04.18-14.11.27:621][  0]LogTargetPlatformManager: Display: Loaded TargetPlatform 'MacServer'
[2022.04.18-14.11.27:629][  0]LogTargetPlatformManager: Display: Loaded TargetPlatform 'TVOSClient'
[2022.04.18-14.11.27:629][  0]LogTargetPlatformManager: Display: Loaded TargetPlatform 'TVOS'
[2022.04.18-14.11.27:636][  0]LogTargetPlatformManager: Display: Loaded TargetPlatform 'WindowsNoEditor'
[2022.04.18-14.11.27:639][  0]LogTargetPlatformManager: Display: Loaded TargetPlatform 'Windows'
[2022.04.18-14.11.27:643][  0]LogTargetPlatformManager: Display: Loaded TargetPlatform 'WindowsClient'
[2022.04.18-14.11.27:647][  0]LogTargetPlatformManager: Display: Loaded TargetPlatform 'WindowsServer'
[2022.04.18-14.11.27:647][  0]LogTargetPlatformManager: Display: Building Assets For Windows
[2022.04.18-14.11.27:652][  0]LogAudioDebug: Display: Lib vorbis DLL was dynamically loaded.
[2022.04.18-14.11.27:675][  0]LogTextureFormatOodle: Display: Oodle Texture 2.9.0 init RDO Off
[2022.04.18-14.11.27:700][  0]LogRendererCore: Ray tracing is disabled. Reason: r.RayTracing=0.
[2022.04.18-14.11.27:700][  0]LogShaderCompilers: Guid format shader working directory is -12 characters bigger than the processId version (../../../../../Prueba Tecnica/PruebaTecnica/PruebaTecnica/Intermediate/Shaders/WorkingDirectory/25212/).
[2022.04.18-14.11.27:700][  0]LogShaderCompilers: Cleaned the shader compiler working directory 'C:/Users/Pablo/AppData/Local/Temp/UnrealShaderWorkingDir/266FD68941469DCAE2F7B58D182397E5/'.
[2022.04.18-14.11.27:700][  0]LogXGEController: Cannot use XGE Controller as Incredibuild is not installed on this machine.
[2022.04.18-14.11.27:700][  0]LogShaderCompilers: Cannot use XGE Shader Compiler as Incredibuild is not installed on this machine.
[2022.04.18-14.11.27:701][  0]LogShaderCompilers: Display: Using Local Shader Compiler.
[2022.04.18-14.11.28:318][  0]LogDerivedDataCache: Display: Max Cache Size: 512 MB
[2022.04.18-14.11.28:364][  0]LogDerivedDataCache: Loaded boot cache 0.05s 99MB C:/Users/Pablo/AppData/Local/UnrealEngine/4.27/DerivedDataCache/Boot.ddc.
[2022.04.18-14.11.28:364][  0]LogDerivedDataCache: Display: Loaded Boot cache: C:/Users/Pablo/AppData/Local/UnrealEngine/4.27/DerivedDataCache/Boot.ddc
[2022.04.18-14.11.28:364][  0]LogDerivedDataCache: FDerivedDataBackendGraph:  Pak pak cache file ../../../../../Prueba Tecnica/PruebaTecnica/PruebaTecnica/DerivedDataCache/DDC.ddp not found, will not use a pak cache.
[2022.04.18-14.11.28:365][  0]LogDerivedDataCache: Unable to find inner node Pak for hierarchical cache Hierarchy.
[2022.04.18-14.11.28:365][  0]LogDerivedDataCache: FDerivedDataBackendGraph:  CompressedPak pak cache file ../../../../../Prueba Tecnica/PruebaTecnica/PruebaTecnica/DerivedDataCache/Compressed.ddp not found, will not use a pak cache.
[2022.04.18-14.11.28:365][  0]LogDerivedDataCache: Unable to find inner node CompressedPak for hierarchical cache Hierarchy.
[2022.04.18-14.11.28:378][  0]LogDerivedDataCache: Display: Pak cache opened for reading ../../../Engine/DerivedDataCache/Compressed.ddp.
[2022.04.18-14.11.28:378][  0]LogDerivedDataCache: FDerivedDataBackendGraph:  EnterprisePak pak cache file ../../../Enterprise/DerivedDataCache/Compressed.ddp not found, will not use a pak cache.
[2022.04.18-14.11.28:378][  0]LogDerivedDataCache: Unable to find inner node EnterprisePak for hierarchical cache Hierarchy.
[2022.04.18-14.11.28:387][  0]LogDerivedDataCache: Speed tests for C:/Users/Pablo/AppData/Local/UnrealEngine/Common/DerivedDataCache took 0.01 seconds
[2022.04.18-14.11.28:387][  0]LogDerivedDataCache: Display: Performance to C:/Users/Pablo/AppData/Local/UnrealEngine/Common/DerivedDataCache: Latency=0.03ms. RandomReadSpeed=1268.51MBs, RandomWriteSpeed=125.11MBs. Assigned SpeedClass 'Local'
[2022.04.18-14.11.28:387][  0]LogDerivedDataCache: Using Local data cache path C:/Users/Pablo/AppData/Local/UnrealEngine/Common/DerivedDataCache: Writable
[2022.04.18-14.11.28:387][  0]LogDerivedDataCache: Shared data cache path not found in *engine.ini, will not use an Shared cache.
[2022.04.18-14.11.28:387][  0]LogDerivedDataCache: Unable to find inner node Shared for hierarchical cache Hierarchy.
[2022.04.18-14.11.28:426][  0]LogSlate: Using FreeType 2.10.0
[2022.04.18-14.11.28:427][  0]LogSlate: SlateFontServices - WITH_FREETYPE: 1, WITH_HARFBUZZ: 1
[2022.04.18-14.11.28:448][  0]LogAssetRegistry: FAssetRegistry took 0.0024 seconds to start up
[2022.04.18-14.11.28:632][  0]LogInit: Selected Device Profile: [Windows]
[2022.04.18-14.11.28:632][  0]LogInit: Active device profile: [0000015A0CC6A800][0000015A0DEE1540 49] Windows
[2022.04.18-14.11.28:632][  0]LogInit: Profiles: [0000015A0CC6A800][0000015A0DEE1540 49] Windows, [0000015A0CC72F00][0000015A0DEED6C0 49] WindowsNoEditor, [0000015A0CC6B600][0000015A0C8A3840 49] WindowsServer, [0000015A0CC71B00][0000015A0C8A79C0 49] WindowsClient, [0000015A0CC69300][0000015A0C8ABB40 49] IOS, [0000015A0CC70F00][0000015A0C8AE140 49] iPadAir, [0000015A0CC69100][0000015A0C8B22C0 49] iPadAir2, [0000015A0CC02200][0000015A0C8BA580 49] IPadPro, [0000015A0CC02300][0000015A0C8B65C0 49] iPadAir3, [0000015A0CC6BB00][0000015A090AC740 49] iPadAir4, [0000015A0CC02900][0000015A0DEE4880 49] iPadMini2, [0000015A0CC6BC00][0000015A0C8BE9C0 49] iPadMini3, [0000015A0CC02A00][0000015A0C8C2B00 49] iPadMini4, [0000015A0CC68500][0000015A01700C80 49] iPadMini5, [0000015A0CC4DB00][0000015A0A2A2F40 49] iPhone6, [0000015A0CC4DC00][0000015A01710F80 49] iPodTouch6, [0000015A0CC01A00][0000015A01E07240 49] iPhone7, [0000015A0CC01D00][0000015A01715280 49] iPodTouch7, [0000015A0CC4E000][0000015A01E13400 49] iPhone5S, [0000015A0CC02100][0000015A01E23580 49] iPhone6Plus, [0000015A0CC4E100][0000015A0CA1F700 49] iPhone6S, [0000015A0CC03F00][0000015A0CA2D880 49] iPhone6SPlus, [0000015A0CC4EA00][0000015A0CA31A00 49] iPhone7Plus, [0000015A0CC01900][0000015A0CA35B80 49] iPhoneSE, [0000015A0CC4FD00][0000015A0CA38180 49] iPhone8, [0000015A0CC01100][0000015A0CA3C300 49] iPhone8Plus, [0000015A0CC4FE00][0000015A0CA40480 49] iPhoneX, [0000015A0CC03000][0000015A0CA44600 49] iPhoneXS, [0000015A0CC4D900][0000015A0CA48780 49] iPhoneXSMax, [0000015A0CC01B00][0000015A0CA4C900 49] iPhoneXR, [0000015A0CC4F600][0000015A016FCA40 49] iPhone11, [0000015A0CC02D00][0000015A0DC52B80 49] iPhone11Pro, [0000015A0CC4C600][0000015A0DC6ACC0 49] iPhone11ProMax, [0000015A0CC00A00][0000015A0CA90E40 49] iPhoneSE2, [0000015A0CC4E900][0000015A0DC6EFC0 49] iPhone12Mini, [0000015A0CC02700][0000015A0DC73140 49] iPhone12, [0000015A0CC4F900][0000015A0DC772C0 49] iPhone12Pro, [0000015A0CC02E00][0000015A01DD3440 49] iPhone12ProMax, [0000015A0CC4C900][0000015A01DD75C0 49] iPadPro105, [0000015A0CC00D00][0000015A01DDB740 49] iPadPro129, [0000015A0CC4CD00][0000015A01DE38C0 49] iPadPro97, [0000015A0CC03C00][0000015A01DE7A40 49] iPadPro2_129, [0000015A0CC4F300][0000015A01DEBBC0 49] iPad5, [0000015A0CC00300][0000015A01DEE1C0 49] iPad6, [0000015A0CC4E600][0000015A01DF2340 49] iPad7, [0000015A0CC00900][0000015A01DF64C0 49] iPad8, [0000015A0CC4F100][0000015A0DC7A640 49] iPadPro11, [0000015A0CC70100][0000015A01DDE7C0 49] iPadPro2_11, [0000015A0CDCD100][0000015A0DB60940 49] iPadPro3_129, [0000015A0CC70600][0000015A0DB64AC0 49] iPadPro4_129, [0000015A0CDCCD00][0000015A0CA8CC00 49] AppleTV, [0000015A0CC72000][0000015A0DB68D40 49] AppleTV4K, [0000015A0CDCD800][0000015A01E0AE80 49] TVOS, [0000015A0CC72900][0000015A01718FC0 49] Mac, [0000015A0CDCC600][0000015A0170D140 49] MacClient, [0000015A0CC4D300][0000015A017092C0 49] MacNoEditor, [0000015A0CC03900][0000015A01705440 49] MacServer, [0000015A0CC4CB00][0000015A0DEDD5C0 49] Linux, [0000015A0CC00E00][0000015A0DEE9740 49] LinuxAArch64, [0000015A0CC4EB00][0000015A0C85B8C0 49] LinuxNoEditor, [0000015A0CC00C00][0000015A0C85FA40 49] LinuxAArch64NoEditor, [0000015A0CC4F000][0000015A0C863BC0 49] LinuxClient, [0000015A0CC02F00][0000015A0C8661C0 49] LinuxAArch64Client, [0000015A0CC4F500][0000015A0C86A340 49] LinuxServer, [0000015A0CC01200][0000015A0C86E4C0 49] LinuxAArch64Server, [0000015A0CC4D000][0000015A0C872640 49] Android, [0000015A0CC01F00][0000015A0C8767C0 49] Android_Low, [0000015A0CC4DA00][0000015A0C87A940 49] Android_Mid, [0000015A0CC02600][0000015A0C87EAC0 49] Android_High, [0000015A0CC4D700][0000015A01D96C40 49] Android_Default, [0000015A0CC03300][0000015A0A29ED80 49] Android_Adreno4xx, [0000015A0CC4F700][0000015A01D9AEC0 49] Android_Adreno5xx_Low, [0000015A0CC00500][0000015A01D9F000 49] Android_Adreno5xx, [0000015A0CC4FB00][0000015A01DA3140 49] Android_Adreno6xx, [0000015A0CC00F00][0000015A01DAB2C0 49] Android_Adreno6xx_Vulkan, [0000015A0CDCD200][0000015A01DAF440 49] Android_Mali_T6xx, [0000015A0CC01E00][0000015A01DB35C0 49] Android_Mali_T7xx, [0000015A0CDCCA00][0000015A01DB7740 49] Android_Mali_T8xx, [0000015A0CC00700][0000015A01DBB8C0 49] Android_Mali_G71, [0000015A0CDCDE00][0000015A01DBFA40 49] Android_Mali_G72, [0000015A0CC03B00][0000015A01DC3BC0 49] Android_Mali_G72_Vulkan, [0000015A0CDCCE00][0000015A01DC61C0 49] Android_Mali_G76, [0000015A0CC03100][0000015A01DCA340 49] Android_Mali_G76_Vulkan, [0000015A0CC4D800][0000015A01DCE4C0 49] Android_Mali_G77, [0000015A0CC01000][0000015A0DB6C640 49] Android_Mali_G77_Vulkan, [0000015A0CC4C100][0000015A0DB707C0 49] Android_Mali_G78, [0000015A0CC02B00][0000015A0DB74940 49] Android_Mali_G78_Vulkan, [0000015A0CC4C700][0000015A0DB78AC0 49] Android_Mali_G710, [0000015A0CC01400][0000015A0DB7CC40 49] Android_Mali_G710_Vulkan, [0000015A0CC4E300][0000015A0DB80DC0 49] Android_Vulkan_SM5, [0000015A0CC03A00][0000015A0DB84F40 49] Android_PowerVR_G6xxx, [0000015A0CC4F400][0000015A01DA7080 49] Android_PowerVR_GT7xxx, [0000015A0CC01600][0000015A0DB891C0 49] Android_PowerVR_GE8xxx, [0000015A0CC4D200][0000015A0DB8D300 49] Android_PowerVR_GM9xxx, [0000015A0CC03500][0000015A0DB95480 49] Android_PowerVR_GM9xxx_Vulkan, [0000015A0CC4FC00][0000015A0DB99600 49] Android_TegraK1, [0000015A0CC71F00][0000015A0DB9D780 49] Android_Unknown_Vulkan, [0000015A0CC4F800][0000015A0DBA1900 49] Lumin, [0000015A0CC71900][0000015A0DBA5A80 49] Lumin_Desktop, [0000015A0CC4C500][0000015A0DBA9C00 49] HoloLens, 
[2022.04.18-14.11.28:735][  0]LogMeshReduction: Using QuadricMeshReduction for automatic static mesh reduction
[2022.04.18-14.11.28:735][  0]LogMeshReduction: Using SimplygonMeshReduction for automatic skeletal mesh reduction
[2022.04.18-14.11.28:735][  0]LogMeshReduction: Using ProxyLODMeshReduction for automatic mesh merging
[2022.04.18-14.11.28:735][  0]LogMeshReduction: No distributed automatic mesh merging module available
[2022.04.18-14.11.28:735][  0]LogMeshMerging: No distributed automatic mesh merging module available
[2022.04.18-14.11.28:748][  0]LogNetVersion: PruebaTecnica 1.0.0, NetCL: 17155196, EngineNetVer: 17, GameNetVer: 0 (Checksum: 2142848701)
[2022.04.18-14.11.29:063][  0]LogTexture: Default maximum texture size for cubemaps generated from long-lat sources has been changed from 512 to unlimited. In order to preserve old behaiour for '/Engine/MapTemplates/Sky/DaylightAmbientCubemap.DaylightAmbientCubemap', its maximum texture size has been explicitly set to 512.
[2022.04.18-14.11.29:107][  0]LogHMD: PokeAHoleMaterial loaded successfully
[2022.04.18-14.11.29:112][  0]LogUObjectArray: 17178 objects as part of root set at end of initial load.
[2022.04.18-14.11.29:112][  0]LogUObjectAllocator: 4302048 out of 0 bytes used by permanent object pool.
[2022.04.18-14.11.29:112][  0]LogUObjectArray: CloseDisregardForGC: 0/0 objects in disregard for GC pool
[2022.04.18-14.11.29:331][  0]LogNiagaraDebuggerClient: Niagara Debugger Client Initialized | Session: B43911B1441BAF47A550FCB7BE2ECFC7 | Instance: 7BF3FAF347EF102EB616C9BD16155540 (DESKTOP-PATULNA-25212).
[2022.04.18-14.11.29:358][  0]LogPython: Using Python 3.7.7
[2022.04.18-14.11.29:770][  0]LogTcpMessaging: Initializing TcpMessaging bridge
[2022.04.18-14.11.29:774][  0]LogUdpMessaging: Initializing bridge on interface 0.0.0.0:0 to multicast group 230.0.0.1:6666.
[2022.04.18-14.11.29:886][  0]LogOutputDevice: Warning: 

Script Stack (0 frames):

[2022.04.18-14.11.29:933][  0]LogStats: FPlatformStackWalk::StackWalkAndDump -  0.047 s
[2022.04.18-14.11.29:933][  0]LogOutputDevice: Error: === Handled ensure: ===
[2022.04.18-14.11.29:933][  0]LogOutputDevice: Error: 
[2022.04.18-14.11.29:933][  0]LogOutputDevice: Error: Ensure condition failed: this->IsBound() [File:E:\Unreal\UE_4.27\Engine\Source\Runtime\Core\Public\Delegates/DelegateSignatureImpl.inl] [Line: 1028]
[2022.04.18-14.11.29:933][  0]LogOutputDevice: Error: Unable to bind delegate to 'OnOverlapBegin' (function might not be marked as a UFUNCTION or object may be pending kill)
[2022.04.18-14.11.29:933][  0]LogOutputDevice: Error: Stack: 
[2022.04.18-14.11.29:933][  0]LogOutputDevice: Error: [Callstack] 0x00007fff8c6054a8 UE4Editor-PruebaTecnica.dll!DispatchCheckVerify<bool,<lambda_da26843666f3776819781e265ee9e814> >() [E:\Unreal\UE_4.27\Engine\Source\Runtime\Core\Public\Misc\AssertionMacros.h:164]
[2022.04.18-14.11.29:933][  0]LogOutputDevice: Error: [Callstack] 0x00007fff8c5f63cf UE4Editor-PruebaTecnica.dll!ALevelEnd::ALevelEnd() [E:\Prueba Tecnica\PruebaTecnica\PruebaTecnica\Source\PruebaTecnica\Private\LevelEnd.cpp:20]
[2022.04.18-14.11.29:933][  0]LogOutputDevice: Error: [Callstack] 0x00007fffc2a561d3 UE4Editor-CoreUObject.dll!UnknownFunction []
[2022.04.18-14.11.29:933][  0]LogOutputDevice: Error: [Callstack] 0x00007fffc2d78faf UE4Editor-CoreUObject.dll!UnknownFunction []
[2022.04.18-14.11.29:933][  0]LogOutputDevice: Error: [Callstack] 0x00007fffc2d55411 UE4Editor-CoreUObject.dll!UnknownFunction []
[2022.04.18-14.11.29:933][  0]LogOutputDevice: Error: [Callstack] 0x00007fffc2c1ddc5 UE4Editor-CoreUObject.dll!UnknownFunction []
[2022.04.18-14.11.29:933][  0]LogOutputDevice: Error: [Callstack] 0x00007fffa9f11bea UE4Editor-Core.dll!UnknownFunction []
[2022.04.18-14.11.29:934][  0]LogOutputDevice: Error: [Callstack] 0x00007fffa9f315a3 UE4Editor-Core.dll!UnknownFunction []
[2022.04.18-14.11.29:934][  0]LogOutputDevice: Error: [Callstack] 0x00007ff829526433 UE4Editor-Projects.dll!UnknownFunction []
[2022.04.18-14.11.29:934][  0]LogOutputDevice: Error: [Callstack] 0x00007ff82952674f UE4Editor-Projects.dll!UnknownFunction []
[2022.04.18-14.11.29:934][  0]LogOutputDevice: Error: [Callstack] 0x00007ff650cb5642 UE4Editor.exe!UnknownFunction []
[2022.04.18-14.11.29:934][  0]LogOutputDevice: Error: [Callstack] 0x00007ff650cb9000 UE4Editor.exe!UnknownFunction []
[2022.04.18-14.11.29:934][  0]LogOutputDevice: Error: [Callstack] 0x00007ff650cb0d2c UE4Editor.exe!UnknownFunction []
[2022.04.18-14.11.29:934][  0]LogOutputDevice: Error: [Callstack] 0x00007ff650cb10ba UE4Editor.exe!UnknownFunction []
[2022.04.18-14.11.29:934][  0]LogOutputDevice: Error: [Callstack] 0x00007ff650cb40dd UE4Editor.exe!UnknownFunction []
[2022.04.18-14.11.29:934][  0]LogOutputDevice: Error: [Callstack] 0x00007ff650cc5984 UE4Editor.exe!UnknownFunction []
[2022.04.18-14.11.29:934][  0]LogOutputDevice: Error: [Callstack] 0x00007ff650cc853a UE4Editor.exe!UnknownFunction []
[2022.04.18-14.11.29:934][  0]LogOutputDevice: Error: [Callstack] 0x00007ff8361c7034 KERNEL32.DLL!UnknownFunction []
[2022.04.18-14.11.29:934][  0]LogOutputDevice: Error: [Callstack] 0x00007ff8370e2651 ntdll.dll!UnknownFunction []
[2022.04.18-14.11.29:934][  0]LogOutputDevice: Error: 
[2022.04.18-14.11.29:945][  0]LogStats:                SubmitErrorReport -  0.000 s
[2022.04.18-14.11.30:888][  0]LogStats:                    SendNewReport -  0.943 s
[2022.04.18-14.11.30:888][  0]LogStats:             FDebug::EnsureFailed -  1.002 s
[2022.04.18-14.11.31:085][  0]SourceControl: Source control is disabled
[2022.04.18-14.11.31:085][  0]SourceControl: Source control is disabled
[2022.04.18-14.11.31:088][  0]SourceControl: Source control is disabled
[2022.04.18-14.11.31:090][  0]SourceControl: Source control is disabled
[2022.04.18-14.11.31:105][  0]SourceControl: Source control is disabled
[2022.04.18-14.11.31:107][  0]LogUProjectInfo: Found projects:
[2022.04.18-14.11.31:264][  0]LogOpenImageDenoise: OIDN starting up
[2022.04.18-14.11.31:289][  0]LogAndroidPermission: UAndroidPermissionCallbackProxy::GetInstance
[2022.04.18-14.11.31:311][  0]LogAudioCaptureCore: Display: No Audio Capture implementations found. Audio input will be silent.
[2022.04.18-14.11.31:311][  0]LogAudioCaptureCore: Display: No Audio Capture implementations found. Audio input will be silent.
[2022.04.18-14.11.31:408][  0]LogCollectionManager: Loaded 0 collections in 0.000617 seconds
[2022.04.18-14.11.31:427][  0]LogFileCache: Scanning file cache for directory 'E:/Prueba Tecnica/PruebaTecnica/PruebaTecnica/Saved/Collections/' took 0.00s
[2022.04.18-14.11.31:427][  0]LogFileCache: Scanning file cache for directory 'E:/Prueba Tecnica/PruebaTecnica/PruebaTecnica/Content/Developers/Pablo/Collections/' took 0.00s
[2022.04.18-14.11.31:427][  0]LogFileCache: Scanning file cache for directory 'E:/Prueba Tecnica/PruebaTecnica/PruebaTecnica/Content/Collections/' took 0.00s
[2022.04.18-14.11.31:427][  0]LogOcInput: OculusInput pre-init called
[2022.04.18-14.11.31:628][  0]LogEngine: Initializing Engine...
[2022.04.18-14.11.31:630][  0]LogHMD: Failed to enumerate extensions. Please check that you have a valid OpenXR runtime installed.
[2022.04.18-14.11.31:630][  0]LogHMD: Failed to initialize OpenVR with code 110
[2022.04.18-14.11.31:630][  0]LogMagicLeap: Warning: VR disabled because ZI is not enabled.  To enable, in the editor, Edit -> Project Settings -> Plugins -> Magic Leap Plugin -> Enable Zero Iteration
[2022.04.18-14.11.31:631][  0]LogStats: UGameplayTagsManager::InitializeManager -  0.000 s
[2022.04.18-14.11.31:721][  0]LogInit: Initializing FReadOnlyCVARCache
[2022.04.18-14.11.31:727][  0]LogAIModule: Creating AISystem for world Untitled
[2022.04.18-14.11.31:738][  0]LogAudio: Display: Initializing Audio Device Manager...
[2022.04.18-14.11.31:741][  0]LogAudio: Display: Loading Default Audio Settings Objects...
[2022.04.18-14.11.31:741][  0]LogAudio: Display: No default SoundConcurrencyObject specified (or failed to load).
[2022.04.18-14.11.31:741][  0]LogAudio: Display: Audio Device Manager Initialized
[2022.04.18-14.11.31:742][  0]LogAudio: Display: Creating Audio Device:                 Id: 1, Scope: Shared, Realtime: True
[2022.04.18-14.11.31:742][  0]LogAudioMixer: Display: Audio Mixer Platform Settings:
[2022.04.18-14.11.31:742][  0]LogAudioMixer: Display: 	Sample Rate:						  48000
[2022.04.18-14.11.31:742][  0]LogAudioMixer: Display: 	Callback Buffer Frame Size Requested: 1024
[2022.04.18-14.11.31:742][  0]LogAudioMixer: Display: 	Callback Buffer Frame Size To Use:	  1024
[2022.04.18-14.11.31:742][  0]LogAudioMixer: Display: 	Number of buffers to queue:			  2
[2022.04.18-14.11.31:742][  0]LogAudioMixer: Display: 	Max Channels (voices):				  32
[2022.04.18-14.11.31:742][  0]LogAudioMixer: Display: 	Number of Async Source Workers:		  0
[2022.04.18-14.11.31:742][  0]LogAudio: Display: AudioDevice MaxSources: 32
[2022.04.18-14.11.31:742][  0]LogAudio: Display: Audio Spatialization Plugin: None (built-in).
[2022.04.18-14.11.31:742][  0]LogAudio: Display: Audio Reverb Plugin: None (built-in).
[2022.04.18-14.11.31:742][  0]LogAudio: Display: Audio Occlusion Plugin: None (built-in).
[2022.04.18-14.11.31:742][  0]LogAudioMixer: Display: Initializing audio mixer.
[2022.04.18-14.11.31:754][  0]LogAudioMixer: Display: 0: FrontLeft
[2022.04.18-14.11.31:754][  0]LogAudioMixer: Display: 1: FrontRight
[2022.04.18-14.11.31:788][  0]LogAudioMixer: Display: Using Audio Device Altavoces (Realtek High Definition Audio)
[2022.04.18-14.11.31:789][  0]LogAudioMixer: Display: Initializing Sound Submixes...
[2022.04.18-14.11.31:790][  0]LogAudioMixer: Display: Creating Master Submix 'MasterSubmixDefault'
[2022.04.18-14.11.31:790][  0]LogAudioMixer: Display: Creating Master Submix 'MasterReverbSubmixDefault'
[2022.04.18-14.11.31:791][  0]LogAudioMixer: Display: Creating Master Submix 'MasterEQSubmixDefault'
[2022.04.18-14.11.31:791][  0]LogAudioMixer: FMixerPlatformXAudio2::StartAudioStream() called
[2022.04.18-14.11.31:791][  0]LogAudioMixer: Display: Output buffers initialized: Frames=1024, Channels=2, Samples=2048
[2022.04.18-14.11.31:792][  0]LogAudioMixer: Display: Starting AudioMixerPlatformInterface::RunInternal()
[2022.04.18-14.11.31:792][  0]LogAudioMixer: Display: FMixerPlatformXAudio2::SubmitBuffer() called for the first time
[2022.04.18-14.11.31:792][  0]LogInit: FAudioDevice initialized.
[2022.04.18-14.11.31:792][  0]LogAudio: Display: Audio Device (ID: 1) registered with world 'Untitled'.
[2022.04.18-14.11.31:793][  0]LogNetVersion: Set ProjectVersion to 1.0.0.0. Version Checksum will be recalculated on next use.
[2022.04.18-14.11.31:867][  0]LogDerivedDataCache: Saved boot cache 0.07s 99MB C:/Users/Pablo/AppData/Local/UnrealEngine/4.27/DerivedDataCache/Boot.ddc.
[2022.04.18-14.11.31:868][  0]LogInit: Texture streaming: Enabled
[2022.04.18-14.11.31:878][  0]LogAnalytics: Display: [UEEditor.Rocket.Release] APIServer = https://datarouter.ol.epicgames.com/. AppVersion = 4.27.2-18319896+++UE4+Release-4.27
[2022.04.18-14.11.31:883][  0]LogEngineSessionManager: EngineSessionManager initialized
[2022.04.18-14.11.31:883][  0]LogEditorSessionSummary: Verbose: Initializing EditorSessionSummaryWriter for editor session tracking
[2022.04.18-14.11.31:893][  0]LogEditorSessionSummary: EditorSessionSummaryWriter initialized
[2022.04.18-14.11.31:913][  0]LogInit: Transaction tracking system initialized
[2022.04.18-14.11.31:929][  0]BlueprintLog: New page: Editor Load
[2022.04.18-14.11.31:973][  0]LocalizationService: Localization service is disabled
[2022.04.18-14.11.31:990][  0]TimingProfiler: Initialize
[2022.04.18-14.11.31:990][  0]TimingProfiler: OnSessionChanged
[2022.04.18-14.11.31:990][  0]LoadingProfiler: Initialize
[2022.04.18-14.11.31:990][  0]LoadingProfiler: OnSessionChanged
[2022.04.18-14.11.31:990][  0]NetworkingProfiler: Initialize
[2022.04.18-14.11.31:990][  0]NetworkingProfiler: OnSessionChanged
[2022.04.18-14.11.31:990][  0]MemoryProfiler: Initialize
[2022.04.18-14.11.31:990][  0]MemoryProfiler: OnSessionChanged
[2022.04.18-14.11.32:091][  0]LogCook: Display: CookSettings for Memory: MemoryMaxUsedVirtual 0MiB, MemoryMaxUsedPhysical 16384MiB, MemoryMinFreeVirtual 0MiB, MemoryMinFreePhysical 1024MiB
[2022.04.18-14.11.32:092][  0]LogCook: Display: Mobile HDR setting 1
[2022.04.18-14.11.32:232][  0]LogFileCache: Scanning file cache for directory 'E:/Prueba Tecnica/PruebaTecnica/PruebaTecnica/Content/' took 0.00s
[2022.04.18-14.11.32:387][  0]LogInit: Display: Engine is initialized. Leaving FEngineLoop::Init()
[2022.04.18-14.11.32:394][  0]SourceControl: Source control is disabled
[2022.04.18-14.11.32:394][  0]LogUnrealEdMisc: Loading editor; pre map load, took 6.495
[2022.04.18-14.11.32:394][  0]Cmd: MAP LOAD FILE="../../../../../Prueba Tecnica/PruebaTecnica/PruebaTecnica/Content/FirstPersonCPP/Maps/FirstPersonExampleMap.umap" TEMPLATE=0 SHOWPROGRESS=1 FEATURELEVEL=3
[2022.04.18-14.11.32:394][  0]LightingResults: New page: Lighting Build
[2022.04.18-14.11.32:395][  0]LogWorld: UWorld::CleanupWorld for Untitled, bSessionEnded=true, bCleanupResources=true
[2022.04.18-14.11.32:395][  0]LogSlate: InvalidateAllWidgets triggered.  All widgets were invalidated
[2022.04.18-14.11.32:395][  0]MapCheck: New page: Map Check
[2022.04.18-14.11.32:395][  0]LightingResults: New page: Lighting Build
[2022.04.18-14.11.32:401][  0]LogAudio: Display: Audio Device unregistered from world 'None'.
[2022.04.18-14.11.32:404][  0]LogUObjectHash: Compacting FUObjectHashTables data took   0.69ms
[2022.04.18-14.11.32:485][  0]LogAudio: Display: Audio Device (ID: 1) registered with world 'FirstPersonExampleMap'.
[2022.04.18-14.11.32:485][  0]LogAIModule: Creating AISystem for world FirstPersonExampleMap
[2022.04.18-14.11.32:491][  0]LogEditorServer: Finished looking for orphan Actors (0.000 secs)
[2022.04.18-14.11.32:500][  0]LogUObjectHash: Compacting FUObjectHashTables data took   0.69ms
[2022.04.18-14.11.32:500][  0]Cmd: MAP CHECKDEP NOCLEARLOG
[2022.04.18-14.11.32:500][  0]MapCheck: Map check complete: 0 Error(s), 0 Warning(s), took 0.088ms to complete.
[2022.04.18-14.11.32:500][  0]LogFileHelpers: Loading map 'FirstPersonExampleMap' took 0.106
[2022.04.18-14.11.32:502][  0]LogUnrealEdMisc: Total Editor Startup Time, took 6.604
[2022.04.18-14.11.32:652][  0]LogSlate: Updating window title bar state: overlay mode, drag disabled, window buttons hidden, title bar hidden
[2022.04.18-14.11.32:658][  0]LogSlate: Updating window title bar state: overlay mode, drag disabled, window buttons hidden, title bar hidden
[2022.04.18-14.11.32:663][  0]LogSlate: Updating window title bar state: overlay mode, drag disabled, window buttons hidden, title bar hidden
[2022.04.18-14.11.32:668][  0]LogSlate: Updating window title bar state: overlay mode, drag disabled, window buttons hidden, title bar hidden
[2022.04.18-14.11.32:684][  0]LogNativeClassHierarchy: Verbose: Native class hierarchy populated in 0.0077 seconds. Added 3833 classes and 931 folders.
[2022.04.18-14.11.32:685][  0]LogNativeClassHierarchy: Verbose: Native class hierarchy updated for 'WidgetCarousel' in 0.0002 seconds. Added 0 classes and 0 folders.
[2022.04.18-14.11.32:686][  0]LogPakFile: PakFile PrimaryIndexSize=187
[2022.04.18-14.11.32:686][  0]LogPakFile: PakFile PathHashIndexSize=101
[2022.04.18-14.11.32:687][  0]LogPakFile: PakFile FullDirectoryIndexSize=148
[2022.04.18-14.11.32:687][  0]LogShaderLibrary: Display: ShaderCodeLibraryPakFileMountedCallback: PakFile 'E:/Unreal/UE_4.27/FeaturePacks/FP_FirstPerson.upack' (chunk index -1, root 'root:/') mounted
[2022.04.18-14.11.32:687][  0]LogShaderLibrary: Display: ShaderCodeLibraryPakFileMountedCallback: pending pak file info (ChunkID:-1 Root:root:/ File:E:/Unreal/UE_4.27/FeaturePacks/FP_FirstPerson.upack)
[2022.04.18-14.11.32:687][  0]LogPakFile: OnPakFileMounted2Time == 0.000095
[2022.04.18-14.11.32:687][  0]LogPakFile: PakFile PrimaryIndexSize=189
[2022.04.18-14.11.32:687][  0]LogPakFile: PakFile PathHashIndexSize=101
[2022.04.18-14.11.32:687][  0]LogPakFile: PakFile FullDirectoryIndexSize=152
[2022.04.18-14.11.32:687][  0]LogShaderLibrary: Display: ShaderCodeLibraryPakFileMountedCallback: PakFile 'E:/Unreal/UE_4.27/FeaturePacks/FP_FirstPersonBP.upack' (chunk index -1, root 'root:/') mounted
[2022.04.18-14.11.32:687][  0]LogShaderLibrary: Display: ShaderCodeLibraryPakFileMountedCallback: pending pak file info (ChunkID:-1 Root:root:/ File:E:/Unreal/UE_4.27/FeaturePacks/FP_FirstPersonBP.upack)
[2022.04.18-14.11.32:687][  0]LogPakFile: OnPakFileMounted2Time == 0.000068
[2022.04.18-14.11.32:688][  0]LogPakFile: PakFile PrimaryIndexSize=191
[2022.04.18-14.11.32:688][  0]LogPakFile: PakFile PathHashIndexSize=101
[2022.04.18-14.11.32:688][  0]LogPakFile: PakFile FullDirectoryIndexSize=160
[2022.04.18-14.11.32:688][  0]LogShaderLibrary: Display: ShaderCodeLibraryPakFileMountedCallback: PakFile 'E:/Unreal/UE_4.27/FeaturePacks/MobileStarterContent.upack' (chunk index -1, root 'root:/') mounted
[2022.04.18-14.11.32:688][  0]LogShaderLibrary: Display: ShaderCodeLibraryPakFileMountedCallback: pending pak file info (ChunkID:-1 Root:root:/ File:E:/Unreal/UE_4.27/FeaturePacks/MobileStarterContent.upack)
[2022.04.18-14.11.32:688][  0]LogPakFile: OnPakFileMounted2Time == 0.000043
[2022.04.18-14.11.32:688][  0]LogPakFile: PakFile PrimaryIndexSize=185
[2022.04.18-14.11.32:688][  0]LogPakFile: PakFile PathHashIndexSize=101
[2022.04.18-14.11.32:688][  0]LogPakFile: PakFile FullDirectoryIndexSize=148
[2022.04.18-14.11.32:689][  0]LogShaderLibrary: Display: ShaderCodeLibraryPakFileMountedCallback: PakFile 'E:/Unreal/UE_4.27/FeaturePacks/StarterContent.upack' (chunk index -1, root 'root:/') mounted
[2022.04.18-14.11.32:689][  0]LogShaderLibrary: Display: ShaderCodeLibraryPakFileMountedCallback: pending pak file info (ChunkID:-1 Root:root:/ File:E:/Unreal/UE_4.27/FeaturePacks/StarterContent.upack)
[2022.04.18-14.11.32:689][  0]LogPakFile: OnPakFileMounted2Time == 0.000065
[2022.04.18-14.11.32:689][  0]LogPakFile: PakFile PrimaryIndexSize=190
[2022.04.18-14.11.32:689][  0]LogPakFile: PakFile PathHashIndexSize=101
[2022.04.18-14.11.32:689][  0]LogPakFile: PakFile FullDirectoryIndexSize=154
[2022.04.18-14.11.32:689][  0]LogShaderLibrary: Display: ShaderCodeLibraryPakFileMountedCallback: PakFile 'E:/Unreal/UE_4.27/FeaturePacks/TP_2DSideScroller.upack' (chunk index -1, root 'root:/') mounted
[2022.04.18-14.11.32:689][  0]LogShaderLibrary: Display: ShaderCodeLibraryPakFileMountedCallback: pending pak file info (ChunkID:-1 Root:root:/ File:E:/Unreal/UE_4.27/FeaturePacks/TP_2DSideScroller.upack)
[2022.04.18-14.11.32:689][  0]LogPakFile: OnPakFileMounted2Time == 0.000039
[2022.04.18-14.11.32:690][  0]LogPakFile: PakFile PrimaryIndexSize=192
[2022.04.18-14.11.32:690][  0]LogPakFile: PakFile PathHashIndexSize=101
[2022.04.18-14.11.32:690][  0]LogPakFile: PakFile FullDirectoryIndexSize=158
[2022.04.18-14.11.32:690][  0]LogShaderLibrary: Display: ShaderCodeLibraryPakFileMountedCallback: PakFile 'E:/Unreal/UE_4.27/FeaturePacks/TP_2DSideScrollerBP.upack' (chunk index -1, root 'root:/') mounted
[2022.04.18-14.11.32:690][  0]LogShaderLibrary: Display: ShaderCodeLibraryPakFileMountedCallback: pending pak file info (ChunkID:-1 Root:root:/ File:E:/Unreal/UE_4.27/FeaturePacks/TP_2DSideScrollerBP.upack)
[2022.04.18-14.11.32:690][  0]LogPakFile: OnPakFileMounted2Time == 0.000063
[2022.04.18-14.11.32:690][  0]LogPakFile: PakFile PrimaryIndexSize=182
[2022.04.18-14.11.32:690][  0]LogPakFile: PakFile PathHashIndexSize=101
[2022.04.18-14.11.32:690][  0]LogPakFile: PakFile FullDirectoryIndexSize=138
[2022.04.18-14.11.32:690][  0]LogShaderLibrary: Display: ShaderCodeLibraryPakFileMountedCallback: PakFile 'E:/Unreal/UE_4.27/FeaturePacks/TP_Flying.upack' (chunk index -1, root 'root:/') mounted
[2022.04.18-14.11.32:690][  0]LogShaderLibrary: Display: ShaderCodeLibraryPakFileMountedCallback: pending pak file info (ChunkID:-1 Root:root:/ File:E:/Unreal/UE_4.27/FeaturePacks/TP_Flying.upack)
[2022.04.18-14.11.32:690][  0]LogPakFile: OnPakFileMounted2Time == 0.000042
[2022.04.18-14.11.32:691][  0]LogPakFile: PakFile PrimaryIndexSize=184
[2022.04.18-14.11.32:691][  0]LogPakFile: PakFile PathHashIndexSize=101
[2022.04.18-14.11.32:691][  0]LogPakFile: PakFile FullDirectoryIndexSize=142
[2022.04.18-14.11.32:691][  0]LogShaderLibrary: Display: ShaderCodeLibraryPakFileMountedCallback: PakFile 'E:/Unreal/UE_4.27/FeaturePacks/TP_FlyingBP.upack' (chunk index -1, root 'root:/') mounted
[2022.04.18-14.11.32:691][  0]LogShaderLibrary: Display: ShaderCodeLibraryPakFileMountedCallback: pending pak file info (ChunkID:-1 Root:root:/ File:E:/Unreal/UE_4.27/FeaturePacks/TP_FlyingBP.upack)
[2022.04.18-14.11.32:691][  0]LogPakFile: OnPakFileMounted2Time == 0.000065
[2022.04.18-14.11.32:691][  0]LogPakFile: PakFile PrimaryIndexSize=188
[2022.04.18-14.11.32:691][  0]LogPakFile: PakFile PathHashIndexSize=101
[2022.04.18-14.11.32:691][  0]LogPakFile: PakFile FullDirectoryIndexSize=150
[2022.04.18-14.11.32:691][  0]LogShaderLibrary: Display: ShaderCodeLibraryPakFileMountedCallback: PakFile 'E:/Unreal/UE_4.27/FeaturePacks/TP_HandheldARBP.upack' (chunk index -1, root 'root:/') mounted
[2022.04.18-14.11.32:691][  0]LogShaderLibrary: Display: ShaderCodeLibraryPakFileMountedCallback: pending pak file info (ChunkID:-1 Root:root:/ File:E:/Unreal/UE_4.27/FeaturePacks/TP_HandheldARBP.upack)
[2022.04.18-14.11.32:691][  0]LogPakFile: OnPakFileMounted2Time == 0.000042
[2022.04.18-14.11.32:692][  0]LogPakFile: PakFile PrimaryIndexSize=182
[2022.04.18-14.11.32:692][  0]LogPakFile: PakFile PathHashIndexSize=101
[2022.04.18-14.11.32:692][  0]LogPakFile: PakFile FullDirectoryIndexSize=138
[2022.04.18-14.11.32:692][  0]LogShaderLibrary: Display: ShaderCodeLibraryPakFileMountedCallback: PakFile 'E:/Unreal/UE_4.27/FeaturePacks/TP_Puzzle.upack' (chunk index -1, root 'root:/') mounted
[2022.04.18-14.11.32:692][  0]LogShaderLibrary: Display: ShaderCodeLibraryPakFileMountedCallback: pending pak file info (ChunkID:-1 Root:root:/ File:E:/Unreal/UE_4.27/FeaturePacks/TP_Puzzle.upack)
[2022.04.18-14.11.32:692][  0]LogPakFile: OnPakFileMounted2Time == 0.000041
[2022.04.18-14.11.32:693][  0]LogPakFile: PakFile PrimaryIndexSize=184
[2022.04.18-14.11.32:693][  0]LogPakFile: PakFile PathHashIndexSize=101
[2022.04.18-14.11.32:693][  0]LogPakFile: PakFile FullDirectoryIndexSize=142
[2022.04.18-14.11.32:693][  0]LogShaderLibrary: Display: ShaderCodeLibraryPakFileMountedCallback: PakFile 'E:/Unreal/UE_4.27/FeaturePacks/TP_PuzzleBP.upack' (chunk index -1, root 'root:/') mounted
[2022.04.18-14.11.32:693][  0]LogShaderLibrary: Display: ShaderCodeLibraryPakFileMountedCallback: pending pak file info (ChunkID:-1 Root:root:/ File:E:/Unreal/UE_4.27/FeaturePacks/TP_PuzzleBP.upack)
[2022.04.18-14.11.32:693][  0]LogPakFile: OnPakFileMounted2Time == 0.000041
[2022.04.18-14.11.32:693][  0]LogPakFile: PakFile PrimaryIndexSize=183
[2022.04.18-14.11.32:693][  0]LogPakFile: PakFile PathHashIndexSize=101
[2022.04.18-14.11.32:693][  0]LogPakFile: PakFile FullDirectoryIndexSize=140
[2022.04.18-14.11.32:693][  0]LogShaderLibrary: Display: ShaderCodeLibraryPakFileMountedCallback: PakFile 'E:/Unreal/UE_4.27/FeaturePacks/TP_Rolling.upack' (chunk index -1, root 'root:/') mounted
[2022.04.18-14.11.32:693][  0]LogShaderLibrary: Display: ShaderCodeLibraryPakFileMountedCallback: pending pak file info (ChunkID:-1 Root:root:/ File:E:/Unreal/UE_4.27/FeaturePacks/TP_Rolling.upack)
[2022.04.18-14.11.32:693][  0]LogPakFile: OnPakFileMounted2Time == 0.000040
[2022.04.18-14.11.32:694][  0]LogPakFile: PakFile PrimaryIndexSize=185
[2022.04.18-14.11.32:694][  0]LogPakFile: PakFile PathHashIndexSize=101
[2022.04.18-14.11.32:694][  0]LogPakFile: PakFile FullDirectoryIndexSize=144
[2022.04.18-14.11.32:694][  0]LogShaderLibrary: Display: ShaderCodeLibraryPakFileMountedCallback: PakFile 'E:/Unreal/UE_4.27/FeaturePacks/TP_RollingBP.upack' (chunk index -1, root 'root:/') mounted
[2022.04.18-14.11.32:694][  0]LogShaderLibrary: Display: ShaderCodeLibraryPakFileMountedCallback: pending pak file info (ChunkID:-1 Root:root:/ File:E:/Unreal/UE_4.27/FeaturePacks/TP_RollingBP.upack)
[2022.04.18-14.11.32:694][  0]LogPakFile: OnPakFileMounted2Time == 0.000039
[2022.04.18-14.11.32:694][  0]LogPakFile: PakFile PrimaryIndexSize=188
[2022.04.18-14.11.32:694][  0]LogPakFile: PakFile PathHashIndexSize=101
[2022.04.18-14.11.32:694][  0]LogPakFile: PakFile FullDirectoryIndexSize=150
[2022.04.18-14.11.32:694][  0]LogShaderLibrary: Display: ShaderCodeLibraryPakFileMountedCallback: PakFile 'E:/Unreal/UE_4.27/FeaturePacks/TP_SideScroller.upack' (chunk index -1, root 'root:/') mounted
[2022.04.18-14.11.32:694][  0]LogShaderLibrary: Display: ShaderCodeLibraryPakFileMountedCallback: pending pak file info (ChunkID:-1 Root:root:/ File:E:/Unreal/UE_4.27/FeaturePacks/TP_SideScroller.upack)
[2022.04.18-14.11.32:694][  0]LogPakFile: OnPakFileMounted2Time == 0.000039
[2022.04.18-14.11.32:695][  0]LogPakFile: PakFile PrimaryIndexSize=190
[2022.04.18-14.11.32:695][  0]LogPakFile: PakFile PathHashIndexSize=101
[2022.04.18-14.11.32:695][  0]LogPakFile: PakFile FullDirectoryIndexSize=154
[2022.04.18-14.11.32:695][  0]LogShaderLibrary: Display: ShaderCodeLibraryPakFileMountedCallback: PakFile 'E:/Unreal/UE_4.27/FeaturePacks/TP_SideScrollerBP.upack' (chunk index -1, root 'root:/') mounted
[2022.04.18-14.11.32:695][  0]LogShaderLibrary: Display: ShaderCodeLibraryPakFileMountedCallback: pending pak file info (ChunkID:-1 Root:root:/ File:E:/Unreal/UE_4.27/FeaturePacks/TP_SideScrollerBP.upack)
[2022.04.18-14.11.32:695][  0]LogPakFile: OnPakFileMounted2Time == 0.000039
[2022.04.18-14.11.32:695][  0]LogPakFile: PakFile PrimaryIndexSize=187
[2022.04.18-14.11.32:695][  0]LogPakFile: PakFile PathHashIndexSize=101
[2022.04.18-14.11.32:695][  0]LogPakFile: PakFile FullDirectoryIndexSize=148
[2022.04.18-14.11.32:695][  0]LogShaderLibrary: Display: ShaderCodeLibraryPakFileMountedCallback: PakFile 'E:/Unreal/UE_4.27/FeaturePacks/TP_ThirdPerson.upack' (chunk index -1, root 'root:/') mounted
[2022.04.18-14.11.32:695][  0]LogShaderLibrary: Display: ShaderCodeLibraryPakFileMountedCallback: pending pak file info (ChunkID:-1 Root:root:/ File:E:/Unreal/UE_4.27/FeaturePacks/TP_ThirdPerson.upack)
[2022.04.18-14.11.32:695][  0]LogPakFile: OnPakFileMounted2Time == 0.000039
[2022.04.18-14.11.32:696][  0]LogPakFile: PakFile PrimaryIndexSize=189
[2022.04.18-14.11.32:696][  0]LogPakFile: PakFile PathHashIndexSize=101
[2022.04.18-14.11.32:696][  0]LogPakFile: PakFile FullDirectoryIndexSize=152
[2022.04.18-14.11.32:696][  0]LogShaderLibrary: Display: ShaderCodeLibraryPakFileMountedCallback: PakFile 'E:/Unreal/UE_4.27/FeaturePacks/TP_ThirdPersonBP.upack' (chunk index -1, root 'root:/') mounted
[2022.04.18-14.11.32:696][  0]LogShaderLibrary: Display: ShaderCodeLibraryPakFileMountedCallback: pending pak file info (ChunkID:-1 Root:root:/ File:E:/Unreal/UE_4.27/FeaturePacks/TP_ThirdPersonBP.upack)
[2022.04.18-14.11.32:696][  0]LogPakFile: OnPakFileMounted2Time == 0.000038
[2022.04.18-14.11.32:696][  0]LogPakFile: PakFile PrimaryIndexSize=183
[2022.04.18-14.11.32:696][  0]LogPakFile: PakFile PathHashIndexSize=101
[2022.04.18-14.11.32:696][  0]LogPakFile: PakFile FullDirectoryIndexSize=140
[2022.04.18-14.11.32:696][  0]LogShaderLibrary: Display: ShaderCodeLibraryPakFileMountedCallback: PakFile 'E:/Unreal/UE_4.27/FeaturePacks/TP_TopDown.upack' (chunk index -1, root 'root:/') mounted
[2022.04.18-14.11.32:696][  0]LogShaderLibrary: Display: ShaderCodeLibraryPakFileMountedCallback: pending pak file info (ChunkID:-1 Root:root:/ File:E:/Unreal/UE_4.27/FeaturePacks/TP_TopDown.upack)
[2022.04.18-14.11.32:696][  0]LogPakFile: OnPakFileMounted2Time == 0.000045
[2022.04.18-14.11.32:697][  0]LogPakFile: PakFile PrimaryIndexSize=185
[2022.04.18-14.11.32:697][  0]LogPakFile: PakFile PathHashIndexSize=101
[2022.04.18-14.11.32:697][  0]LogPakFile: PakFile FullDirectoryIndexSize=144
[2022.04.18-14.11.32:697][  0]LogShaderLibrary: Display: ShaderCodeLibraryPakFileMountedCallback: PakFile 'E:/Unreal/UE_4.27/FeaturePacks/TP_TopDownBP.upack' (chunk index -1, root 'root:/') mounted
[2022.04.18-14.11.32:697][  0]LogShaderLibrary: Display: ShaderCodeLibraryPakFileMountedCallback: pending pak file info (ChunkID:-1 Root:root:/ File:E:/Unreal/UE_4.27/FeaturePacks/TP_TopDownBP.upack)
[2022.04.18-14.11.32:697][  0]LogPakFile: OnPakFileMounted2Time == 0.000039
[2022.04.18-14.11.32:697][  0]LogPakFile: PakFile PrimaryIndexSize=185
[2022.04.18-14.11.32:697][  0]LogPakFile: PakFile PathHashIndexSize=101
[2022.04.18-14.11.32:697][  0]LogPakFile: PakFile FullDirectoryIndexSize=144
[2022.04.18-14.11.32:697][  0]LogShaderLibrary: Display: ShaderCodeLibraryPakFileMountedCallback: PakFile 'E:/Unreal/UE_4.27/FeaturePacks/TP_TwinStick.upack' (chunk index -1, root 'root:/') mounted
[2022.04.18-14.11.32:697][  0]LogShaderLibrary: Display: ShaderCodeLibraryPakFileMountedCallback: pending pak file info (ChunkID:-1 Root:root:/ File:E:/Unreal/UE_4.27/FeaturePacks/TP_TwinStick.upack)
[2022.04.18-14.11.32:697][  0]LogPakFile: OnPakFileMounted2Time == 0.000040
[2022.04.18-14.11.32:698][  0]LogPakFile: PakFile PrimaryIndexSize=187
[2022.04.18-14.11.32:698][  0]LogPakFile: PakFile PathHashIndexSize=101
[2022.04.18-14.11.32:698][  0]LogPakFile: PakFile FullDirectoryIndexSize=148
[2022.04.18-14.11.32:698][  0]LogShaderLibrary: Display: ShaderCodeLibraryPakFileMountedCallback: PakFile 'E:/Unreal/UE_4.27/FeaturePacks/TP_TwinStickBP.upack' (chunk index -1, root 'root:/') mounted
[2022.04.18-14.11.32:698][  0]LogShaderLibrary: Display: ShaderCodeLibraryPakFileMountedCallback: pending pak file info (ChunkID:-1 Root:root:/ File:E:/Unreal/UE_4.27/FeaturePacks/TP_TwinStickBP.upack)
[2022.04.18-14.11.32:698][  0]LogPakFile: OnPakFileMounted2Time == 0.000039
[2022.04.18-14.11.32:698][  0]LogPakFile: PakFile PrimaryIndexSize=183
[2022.04.18-14.11.32:698][  0]LogPakFile: PakFile PathHashIndexSize=101
[2022.04.18-14.11.32:698][  0]LogPakFile: PakFile FullDirectoryIndexSize=140
[2022.04.18-14.11.32:698][  0]LogShaderLibrary: Display: ShaderCodeLibraryPakFileMountedCallback: PakFile 'E:/Unreal/UE_4.27/FeaturePacks/TP_Vehicle.upack' (chunk index -1, root 'root:/') mounted
[2022.04.18-14.11.32:698][  0]LogShaderLibrary: Display: ShaderCodeLibraryPakFileMountedCallback: pending pak file info (ChunkID:-1 Root:root:/ File:E:/Unreal/UE_4.27/FeaturePacks/TP_Vehicle.upack)
[2022.04.18-14.11.32:698][  0]LogPakFile: OnPakFileMounted2Time == 0.000038
[2022.04.18-14.11.32:699][  0]LogPakFile: PakFile PrimaryIndexSize=186
[2022.04.18-14.11.32:699][  0]LogPakFile: PakFile PathHashIndexSize=101
[2022.04.18-14.11.32:699][  0]LogPakFile: PakFile FullDirectoryIndexSize=146
[2022.04.18-14.11.32:699][  0]LogShaderLibrary: Display: ShaderCodeLibraryPakFileMountedCallback: PakFile 'E:/Unreal/UE_4.27/FeaturePacks/TP_VehicleAdv.upack' (chunk index -1, root 'root:/') mounted
[2022.04.18-14.11.32:699][  0]LogShaderLibrary: Display: ShaderCodeLibraryPakFileMountedCallback: pending pak file info (ChunkID:-1 Root:root:/ File:E:/Unreal/UE_4.27/FeaturePacks/TP_VehicleAdv.upack)
[2022.04.18-14.11.32:699][  0]LogPakFile: OnPakFileMounted2Time == 0.000039
[2022.04.18-14.11.32:700][  0]LogPakFile: PakFile PrimaryIndexSize=188
[2022.04.18-14.11.32:700][  0]LogPakFile: PakFile PathHashIndexSize=101
[2022.04.18-14.11.32:700][  0]LogPakFile: PakFile FullDirectoryIndexSize=150
[2022.04.18-14.11.32:700][  0]LogShaderLibrary: Display: ShaderCodeLibraryPakFileMountedCallback: PakFile 'E:/Unreal/UE_4.27/FeaturePacks/TP_VehicleAdvBP.upack' (chunk index -1, root 'root:/') mounted
[2022.04.18-14.11.32:700][  0]LogShaderLibrary: Display: ShaderCodeLibraryPakFileMountedCallback: pending pak file info (ChunkID:-1 Root:root:/ File:E:/Unreal/UE_4.27/FeaturePacks/TP_VehicleAdvBP.upack)
[2022.04.18-14.11.32:700][  0]LogPakFile: OnPakFileMounted2Time == 0.000041
[2022.04.18-14.11.32:700][  0]LogPakFile: PakFile PrimaryIndexSize=185
[2022.04.18-14.11.32:700][  0]LogPakFile: PakFile PathHashIndexSize=101
[2022.04.18-14.11.32:700][  0]LogPakFile: PakFile FullDirectoryIndexSize=144
[2022.04.18-14.11.32:700][  0]LogShaderLibrary: Display: ShaderCodeLibraryPakFileMountedCallback: PakFile 'E:/Unreal/UE_4.27/FeaturePacks/TP_VehicleBP.upack' (chunk index -1, root 'root:/') mounted
[2022.04.18-14.11.32:700][  0]LogShaderLibrary: Display: ShaderCodeLibraryPakFileMountedCallback: pending pak file info (ChunkID:-1 Root:root:/ File:E:/Unreal/UE_4.27/FeaturePacks/TP_VehicleBP.upack)
[2022.04.18-14.11.32:700][  0]LogPakFile: OnPakFileMounted2Time == 0.000038
[2022.04.18-14.11.32:701][  0]LogPakFile: PakFile PrimaryIndexSize=192
[2022.04.18-14.11.32:701][  0]LogPakFile: PakFile PathHashIndexSize=101
[2022.04.18-14.11.32:701][  0]LogPakFile: PakFile FullDirectoryIndexSize=158
[2022.04.18-14.11.32:701][  0]LogShaderLibrary: Display: ShaderCodeLibraryPakFileMountedCallback: PakFile 'E:/Unreal/UE_4.27/FeaturePacks/TP_VirtualRealityBP.upack' (chunk index -1, root 'root:/') mounted
[2022.04.18-14.11.32:701][  0]LogShaderLibrary: Display: ShaderCodeLibraryPakFileMountedCallback: pending pak file info (ChunkID:-1 Root:root:/ File:E:/Unreal/UE_4.27/FeaturePacks/TP_VirtualRealityBP.upack)
[2022.04.18-14.11.32:701][  0]LogPakFile: OnPakFileMounted2Time == 0.000041
[2022.04.18-14.11.32:732][  0]LogNativeClassHierarchy: Verbose: Native class hierarchy updated for 'AddContentDialog' in 0.0002 seconds. Added 0 classes and 0 folders.
[2022.04.18-14.11.32:735][  0]LogNativeClassHierarchy: Verbose: Native class hierarchy updated for 'SceneOutliner' in 0.0002 seconds. Added 2 classes and 0 folders.
[2022.04.18-14.11.32:835][  0]LogSlate: Took 0.000137 seconds to synchronously load lazily loaded font '../../../Engine/Content/Slate/Fonts/Roboto-Regular.ttf' (155K)
[2022.04.18-14.11.32:836][  0]LogSlate: Took 0.000087 seconds to synchronously load lazily loaded font '../../../Engine/Content/Editor/Slate/Fonts/FontAwesome.ttf' (139K)
[2022.04.18-14.11.32:837][  0]LogSlate: Took 0.000082 seconds to synchronously load lazily loaded font '../../../Engine/Content/Slate/Fonts/Roboto-Bold.ttf' (160K)
[2022.04.18-14.11.32:913][  0]LogRenderer: Reallocating scene render targets to support 1124x524 Format 10 NumSamples 1 (Frame:1).
[2022.04.18-14.11.32:953][  0]LogSlate: Took 0.000123 seconds to synchronously load lazily loaded font '../../../Engine/Content/Slate/Fonts/Roboto-Light.ttf' (167K)
[2022.04.18-14.11.33:013][  0]LogNativeClassHierarchy: Verbose: Native class hierarchy updated for 'HierarchicalLODOutliner' in 0.0002 seconds. Added 0 classes and 0 folders.
[2022.04.18-14.11.33:013][  0]LogLoad: (Engine Initialization) Total time: 7.11 seconds
[2022.04.18-14.11.33:013][  0]LogLoad: (Engine Initialization) Total Blueprint compile time: 0.00 seconds
[2022.04.18-14.11.33:048][  0]LogAssetRegistry: Asset discovery search completed in 4.6012 seconds
[2022.04.18-14.11.33:052][  0]LogCollectionManager: Fixed up redirectors for 0 collections in 0.000003 seconds (updated 0 objects)
[2022.04.18-14.11.33:054][  0]LogContentStreaming: Texture pool size now 1000 MB
[2022.04.18-14.11.34:666][177]LogTemp: Repeating last play command: Selected Viewport
[2022.04.18-14.11.34:674][177]LogPlayLevel: PlayLevel: No blueprints needed recompiling
[2022.04.18-14.11.34:675][177]PIE: New page: PIE session: FirstPersonExampleMap (Apr 18, 2022, 8:11:34 AM)
[2022.04.18-14.11.34:676][177]LogOnline: OSS: Creating online subsystem instance for: NULL
[2022.04.18-14.11.34:677][177]LogOnline: OSS: TryLoadSubsystemAndSetDefault: Loaded subsystem for module [NULL]
[2022.04.18-14.11.34:677][177]LogPlayLevel: Creating play world package: /Game/FirstPersonCPP/Maps/UEDPIE_0_FirstPersonExampleMap
[2022.04.18-14.11.34:688][177]LogPlayLevel: PIE: StaticDuplicateObject took: (0.010924s)
[2022.04.18-14.11.34:689][177]LogAIModule: Creating AISystem for world FirstPersonExampleMap
[2022.04.18-14.11.34:689][177]LogPlayLevel: PIE: World Init took: (0.001046s)
[2022.04.18-14.11.34:689][177]LogPlayLevel: PIE: Created PIE world by copying editor world from /Game/FirstPersonCPP/Maps/FirstPersonExampleMap.FirstPersonExampleMap to /Game/FirstPersonCPP/Maps/UEDPIE_0_FirstPersonExampleMap.FirstPersonExampleMap (0.012163s)
[2022.04.18-14.11.34:696][177]LogUObjectHash: Compacting FUObjectHashTables data took   0.51ms
[2022.04.18-14.11.34:697][177]LogAudio: Display: Creating Audio Device:                 Id: 2, Scope: Unique, Realtime: True
[2022.04.18-14.11.34:697][177]LogAudioMixer: Display: Audio Mixer Platform Settings:
[2022.04.18-14.11.34:697][177]LogAudioMixer: Display: 	Sample Rate:						  48000
[2022.04.18-14.11.34:697][177]LogAudioMixer: Display: 	Callback Buffer Frame Size Requested: 1024
[2022.04.18-14.11.34:697][177]LogAudioMixer: Display: 	Callback Buffer Frame Size To Use:	  1024
[2022.04.18-14.11.34:697][177]LogAudioMixer: Display: 	Number of buffers to queue:			  2
[2022.04.18-14.11.34:697][177]LogAudioMixer: Display: 	Max Channels (voices):				  32
[2022.04.18-14.11.34:697][177]LogAudioMixer: Display: 	Number of Async Source Workers:		  0
[2022.04.18-14.11.34:697][177]LogAudio: Display: AudioDevice MaxSources: 32
[2022.04.18-14.11.34:698][177]LogAudio: Display: Audio Spatialization Plugin: None (built-in).
[2022.04.18-14.11.34:698][177]LogAudio: Display: Audio Reverb Plugin: None (built-in).
[2022.04.18-14.11.34:698][177]LogAudio: Display: Audio Occlusion Plugin: None (built-in).
[2022.04.18-14.11.34:698][177]LogAudioMixer: Display: Initializing audio mixer.
[2022.04.18-14.11.34:703][177]LogAudioMixer: Display: 0: FrontLeft
[2022.04.18-14.11.34:703][177]LogAudioMixer: Display: 1: FrontRight
[2022.04.18-14.11.34:708][177]LogAudioMixer: Display: Using Audio Device Altavoces (Realtek High Definition Audio)
[2022.04.18-14.11.34:708][177]LogAudioMixer: Display: Initializing Sound Submixes...
[2022.04.18-14.11.34:708][177]LogAudioMixer: Display: Creating Master Submix 'MasterSubmixDefault'
[2022.04.18-14.11.34:708][177]LogAudioMixer: Display: Creating Master Submix 'MasterReverbSubmixDefault'
[2022.04.18-14.11.34:709][177]LogAudioMixer: Display: Creating Master Submix 'MasterEQSubmixDefault'
[2022.04.18-14.11.34:709][177]LogAudioMixer: FMixerPlatformXAudio2::StartAudioStream() called
[2022.04.18-14.11.34:709][177]LogAudioMixer: Display: Output buffers initialized: Frames=1024, Channels=2, Samples=2048
[2022.04.18-14.11.34:710][177]LogAudioMixer: Display: Starting AudioMixerPlatformInterface::RunInternal()
[2022.04.18-14.11.34:710][177]LogAudioMixer: Display: FMixerPlatformXAudio2::SubmitBuffer() called for the first time
[2022.04.18-14.11.34:710][177]LogInit: FAudioDevice initialized.
[2022.04.18-14.11.34:710][177]LogAudio: Display: Audio Device (ID: 2) registered with world 'FirstPersonExampleMap'.
[2022.04.18-14.11.34:733][177]LogLoad: Game class is 'BP_GameMode_C'
[2022.04.18-14.11.34:736][177]LogWorld: Bringing World /Game/FirstPersonCPP/Maps/UEDPIE_0_FirstPersonExampleMap.FirstPersonExampleMap up for play (max tick rate 0) at 2022.04.18-11.11.34
[2022.04.18-14.11.34:736][177]LogWorld: Bringing up level for play took: 0.002019
[2022.04.18-14.11.34:737][177]LogOnline: OSS: Creating online subsystem instance for: :Context_1
[2022.04.18-14.11.34:739][177]LogNativeClassHierarchy: Verbose: Native class hierarchy updated for 'MovieSceneCapture' in 0.0003 seconds. Added 20 classes and 0 folders.
[2022.04.18-14.11.34:742][177]LogViewport: Display: Viewport MouseCaptureMode Changed, CapturePermanently_IncludingInitialMouseDown -> CapturePermanently
[2022.04.18-14.11.34:742][177]PIE: Server logged in
[2022.04.18-14.11.34:743][177]PIE: Play in editor total start time 0.074 seconds.
[2022.04.18-14.11.43:159][178]LogSlate: Updating window title bar state: overlay mode, drag disabled, window buttons hidden, title bar hidden
[2022.04.18-14.11.43:159][178]LogWorld: BeginTearingDown for /Game/FirstPersonCPP/Maps/UEDPIE_0_FirstPersonExampleMap
[2022.04.18-14.11.43:159][178]LogWorld: UWorld::CleanupWorld for FirstPersonExampleMap, bSessionEnded=true, bCleanupResources=true
[2022.04.18-14.11.43:160][178]LogSlate: InvalidateAllWidgets triggered.  All widgets were invalidated
[2022.04.18-14.11.43:172][178]LogPlayLevel: Display: Shutting down PIE online subsystems
[2022.04.18-14.11.43:174][178]LogSlate: InvalidateAllWidgets triggered.  All widgets were invalidated
[2022.04.18-14.11.43:178][178]LogAudio: Display: Audio Device unregistered from world 'None'.
[2022.04.18-14.11.43:178][178]LogAudioMixer: FMixerPlatformXAudio2::StopAudioStream() called
[2022.04.18-14.11.43:179][178]LogAudioMixer: FMixerPlatformXAudio2::StopAudioStream() called
[2022.04.18-14.11.43:181][178]LogSlate: Updating window title bar state: overlay mode, drag disabled, window buttons hidden, title bar hidden
[2022.04.18-14.11.43:183][178]LogUObjectHash: Compacting FUObjectHashTables data took   0.70ms
[2022.04.18-14.11.43:225][181]LogPlayLevel: Display: Destroying online subsystem :Context_1
