Log file open, 04/18/22 11:06:10
LogWindows: Failed to load 'aqProf.dll' (GetLastError=126)
LogWindows: File 'aqProf.dll' does not exist
LogWindows: Failed to load 'VtuneApi.dll' (GetLastError=126)
LogWindows: File 'VtuneApi.dll' does not exist
LogWindows: Failed to load 'VtuneApi32e.dll' (GetLastError=126)
LogWindows: File 'VtuneApi32e.dll' does not exist
LogConsoleResponse: Display: Failed to find resolution value strings in scalability ini. Falling back to default.
LogConsoleResponse: Display: Failed to find resolution value strings in scalability ini. Falling back to default.
LogInit: Display: Running engine for game: PruebaTecnica
LogPlatformFile: Not using cached read wrapper
LogTaskGraph: Started task graph with 5 named threads and 35 total threads with 3 sets of task threads.
LogStats: Stats thread started at 0.208252
LogICUInternationalization: ICU TimeZone Detection - Raw Offset: -3:00, Platform Override: ''
LogInit: Display: Loading text-based GConfig....
LogPluginManager: Mounting plugin MeshPainting
LogPluginManager: Mounting plugin XGEController
LogPluginManager: Mounting plugin Paper2D
LogPluginManager: Mounting plugin AISupport
LogPluginManager: Mounting plugin EnvironmentQueryEditor
LogPluginManager: Mounting plugin LightPropagationVolume
LogPluginManager: Mounting plugin LiveLink
LogPluginManager: Mounting plugin CameraShakePreviewer
LogPluginManager: Mounting plugin AnimationSharing
LogPluginManager: Mounting plugin GameplayCameras
LogPluginManager: Mounting plugin CodeLiteSourceCodeAccess
LogPluginManager: Mounting plugin CLionSourceCodeAccess
LogPluginManager: Mounting plugin GitSourceControl
LogPluginManager: Mounting plugin KDevelopSourceCodeAccess
LogPluginManager: Mounting plugin PixWinPlugin
LogPluginManager: Mounting plugin PerforceSourceControl
LogPluginManager: Mounting plugin NullSourceCodeAccess
LogPluginManager: Mounting plugin PlasticSourceControl
LogPluginManager: Mounting plugin PluginUtils
LogPluginManager: Mounting plugin PropertyAccessNode
LogPluginManager: Mounting plugin RiderLink
LogPluginManager: Mounting plugin RiderSourceCodeAccess
LogPluginManager: Mounting plugin SubversionSourceControl
LogPluginManager: Mounting plugin UObjectPlugin
LogPluginManager: Mounting plugin TextureFormatOodle
LogPluginManager: Mounting plugin VisualStudioSourceCodeAccess
LogPluginManager: Mounting plugin XCodeSourceCodeAccess
LogPluginManager: Mounting plugin OodleNetwork
LogPluginManager: Mounting plugin VisualStudioCodeSourceCodeAccess
LogPluginManager: Mounting plugin OodleData
LogPluginManager: Mounting plugin DatasmithContent
LogPluginManager: Mounting plugin VariantManagerContent
LogPluginManager: Mounting plugin AssetManagerEditor
LogPluginManager: Mounting plugin CryptoKeys
LogPluginManager: Mounting plugin CurveEditorTools
LogPluginManager: Mounting plugin FacialAnimation
LogPluginManager: Mounting plugin DataValidation
LogPluginManager: Mounting plugin GameplayTagsEditor
LogPluginManager: Mounting plugin GeometryMode
LogPluginManager: Mounting plugin MacGraphicsSwitching
LogPluginManager: Mounting plugin MaterialAnalyzer
LogPluginManager: Mounting plugin MobileLauncherProfileWizard
LogPluginManager: Mounting plugin PluginBrowser
LogPluginManager: Mounting plugin SpeedTreeImporter
LogPluginManager: Mounting plugin Niagara
LogPluginManager: Mounting plugin AndroidMedia
LogPluginManager: Mounting plugin AvfMedia
LogPluginManager: Mounting plugin ImgMedia
LogPluginManager: Mounting plugin MediaCompositing
LogPluginManager: Mounting plugin AlembicImporter
LogPluginManager: Mounting plugin AutomationUtils
LogPluginManager: Mounting plugin MediaPlayerEditor
LogPluginManager: Mounting plugin WmfMedia
LogPluginManager: Mounting plugin WebMMedia
LogPluginManager: Mounting plugin ChaosCloth
LogPluginManager: Mounting plugin ChaosEditor
LogPluginManager: Mounting plugin ChaosSolverPlugin
LogPluginManager: Mounting plugin CharacterAI
LogPluginManager: Mounting plugin ChaosNiagara
LogPluginManager: Mounting plugin GeometryCache
LogPluginManager: Mounting plugin ChaosClothEditor
LogPluginManager: Mounting plugin GeometryCollectionPlugin
LogPluginManager: Mounting plugin GeometryProcessing
LogPluginManager: Mounting plugin MotoSynth
LogPluginManager: Mounting plugin OpenImageDenoise
LogPluginManager: Mounting plugin PlanarCut
LogPluginManager: Mounting plugin ProxyLODPlugin
LogPluginManager: Mounting plugin PythonScriptPlugin
LogPluginManager: Mounting plugin SkeletalReduction
LogPluginManager: Mounting plugin PlatformCrypto
LogPluginManager: Mounting plugin TcpMessaging
LogPluginManager: Mounting plugin UdpMessaging
LogPluginManager: Mounting plugin LuminPlatformFeatures
LogPluginManager: Mounting plugin MagicLeapLightEstimation
LogPluginManager: Mounting plugin MagicLeapMedia
LogPluginManager: Mounting plugin MagicLeapPassableWorld
LogPluginManager: Mounting plugin MLSDK
LogPluginManager: Mounting plugin LauncherChunkInstaller
LogPluginManager: Mounting plugin ActorSequence
LogPluginManager: Mounting plugin MagicLeap
LogPluginManager: Mounting plugin OnlineSubsystem
LogPluginManager: Mounting plugin LevelSequenceEditor
LogPluginManager: Mounting plugin MatineeToLevelSequence
LogPluginManager: Mounting plugin BackChannel
LogPluginManager: Mounting plugin OnlineSubsystemNull
LogPluginManager: Mounting plugin TemplateSequence
LogPluginManager: Mounting plugin OnlineSubsystemUtils
LogPluginManager: Mounting plugin ActorLayerUtilities
LogPluginManager: Mounting plugin ScreenshotTools
LogPluginManager: Mounting plugin AndroidDeviceProfileSelector
LogPluginManager: Mounting plugin AndroidMoviePlayer
LogPluginManager: Mounting plugin AndroidPermission
LogPluginManager: Mounting plugin AppleImageUtils
LogPluginManager: Mounting plugin AppleMoviePlayer
LogPluginManager: Mounting plugin ArchVisCharacter
LogPluginManager: Mounting plugin AssetTags
LogPluginManager: Mounting plugin AudioCapture
LogPluginManager: Mounting plugin AudioSynesthesia
LogPluginManager: Mounting plugin ChunkDownloader
LogPluginManager: Mounting plugin CustomMeshComponent
LogPluginManager: Mounting plugin CableComponent
LogPluginManager: Mounting plugin EditableMesh
LogPluginManager: Mounting plugin ExampleDeviceProfileSelector
LogPluginManager: Mounting plugin GoogleCloudMessaging
LogPluginManager: Mounting plugin GooglePAD
LogPluginManager: Mounting plugin IOSDeviceProfileSelector
LogPluginManager: Mounting plugin LinuxDeviceProfileSelector
LogPluginManager: Mounting plugin LocationServicesBPLibrary
LogPluginManager: Mounting plugin MobilePatchingUtils
LogPluginManager: Mounting plugin OpenXR
LogPluginManager: Mounting plugin OpenXREyeTracker
LogPluginManager: Mounting plugin OpenXRHandTracking
LogPluginManager: Mounting plugin PhysXVehicles
LogPluginManager: Mounting plugin PostSplashScreen
LogPluginManager: Mounting plugin PropertyAccessEditor
LogPluginManager: Mounting plugin ProceduralMeshComponent
LogPluginManager: Mounting plugin RuntimePhysXCooking
LogPluginManager: Mounting plugin SignificanceManager
LogPluginManager: Mounting plugin SoundFields
LogPluginManager: Mounting plugin Synthesis
LogPluginManager: Mounting plugin WebMMoviePlayer
LogPluginManager: Mounting plugin WindowsMoviePlayer
LogPluginManager: Mounting plugin Takes
LogPluginManager: Mounting plugin ContentBrowserAssetDataSource
LogPluginManager: Mounting plugin ContentBrowserClassDataSource
LogPluginManager: Mounting plugin ContentBrowserFileDataSource
LogPluginManager: Mounting plugin OnlineSubsystemIOS
LogPluginManager: Mounting plugin OnlineSubsystemGooglePlay
LogPluginManager: Mounting plugin OculusVR
LogPluginManager: Mounting plugin SteamVR
PixWinPlugin: PIX capture plugin failed to initialize! Check that the process is launched from PIX.
LogInit: Using libcurl 7.55.1-DEV
LogInit:  - built for x86_64-pc-win32
LogInit:  - supports SSL with OpenSSL/1.1.1
LogInit:  - supports HTTP deflate (compression) using libz 1.2.8
LogInit:  - other features:
LogInit:      CURL_VERSION_SSL
LogInit:      CURL_VERSION_LIBZ
LogInit:      CURL_VERSION_IPV6
LogInit:      CURL_VERSION_ASYNCHDNS
LogInit:      CURL_VERSION_LARGEFILE
LogInit:      CURL_VERSION_IDN
LogInit:  CurlRequestOptions (configurable via config and command line):
LogInit:  - bVerifyPeer = true  - Libcurl will verify peer certificate
LogInit:  - bUseHttpProxy = false  - Libcurl will NOT use HTTP proxy
LogInit:  - bDontReuseConnections = false  - Libcurl will reuse connections
LogInit:  - MaxHostConnections = 16  - Libcurl will limit the number of connections to a host
LogInit:  - LocalHostAddr = Default
LogInit:  - BufferSize = 65536
LogOnline: OSS: Creating online subsystem instance for: NULL
LogInit: WinSock: version 1.1 (2.2), MaxSocks=32767, MaxUdp=65467
LogOnline: OSS: TryLoadSubsystemAndSetDefault: Loaded subsystem for module [NULL]
LogOculusPluginWrapper: OculusPlugin initialized successfully
LogHMD: Failed initializing OVRPlugin 1.59.0
LogInit: Build: ++UE4+Release-4.27-CL-18319896
LogInit: Engine Version: 4.27.2-18319896+++UE4+Release-4.27
LogInit: Compatible Engine Version: 4.27.0-17155196+++UE4+Release-4.27
LogInit: Net CL: 17155196
LogInit: OS: Windows 10 (Release 2009) (), CPU: Intel(R) Core(TM) i7-8700 CPU @ 3.20GHz, GPU: NVIDIA GeForce GTX 1070 Ti
LogInit: Compiled (64-bit): Nov 30 2021 07:12:08
LogInit: Compiled with Visual C++: 19.24.28315.00
LogInit: Build Configuration: Development
LogInit: Branch Name: ++UE4+Release-4.27
LogInit: Command Line:  -skipcompile
LogInit: Base Directory: E:/Unreal/UE_4.27/Engine/Binaries/Win64/
LogInit: Allocator: TBB
LogInit: Installed Engine Build: 1
LogDevObjectVersion: Number of dev versions registered: 29
LogDevObjectVersion:   Dev-Blueprints (B0D832E4-1F89-4F0D-ACCF-7EB736FD4AA2): 10
LogDevObjectVersion:   Dev-Build (E1C64328-A22C-4D53-A36C-8E866417BD8C): 0
LogDevObjectVersion:   Dev-Core (375EC13C-06E4-48FB-B500-84F0262A717E): 4
LogDevObjectVersion:   Dev-Editor (E4B068ED-F494-42E9-A231-DA0B2E46BB41): 40
LogDevObjectVersion:   Dev-Framework (CFFC743F-43B0-4480-9391-14DF171D2073): 37
LogDevObjectVersion:   Dev-Mobile (B02B49B5-BB20-44E9-A304-32B752E40360): 3
LogDevObjectVersion:   Dev-Networking (A4E4105C-59A1-49B5-A7C5-40C4547EDFEE): 0
LogDevObjectVersion:   Dev-Online (39C831C9-5AE6-47DC-9A44-9C173E1C8E7C): 0
LogDevObjectVersion:   Dev-Physics (78F01B33-EBEA-4F98-B9B4-84EACCB95AA2): 14
LogDevObjectVersion:   Dev-Platform (6631380F-2D4D-43E0-8009-CF276956A95A): 0
LogDevObjectVersion:   Dev-Rendering (12F88B9F-8875-4AFC-A67C-D90C383ABD29): 45
LogDevObjectVersion:   Dev-Sequencer (7B5AE74C-D270-4C10-A958-57980B212A5A): 13
LogDevObjectVersion:   Dev-VR (D7296918-1DD6-4BDD-9DE2-64A83CC13884): 3
LogDevObjectVersion:   Dev-LoadTimes (C2A15278-BFE7-4AFE-6C17-90FF531DF755): 1
LogDevObjectVersion:   Private-Geometry (6EACA3D4-40EC-4CC1-B786-8BED09428FC5): 3
LogDevObjectVersion:   Dev-AnimPhys (29E575DD-E0A3-4627-9D10-D276232CDCEA): 17
LogDevObjectVersion:   Dev-Anim (AF43A65D-7FD3-4947-9873-3E8ED9C1BB05): 15
LogDevObjectVersion:   Dev-ReflectionCapture (6B266CEC-1EC7-4B8F-A30B-E4D90942FC07): 1
LogDevObjectVersion:   Dev-Automation (0DF73D61-A23F-47EA-B727-89E90C41499A): 1
LogDevObjectVersion:   FortniteMain (601D1886-AC64-4F84-AA16-D3DE0DEAC7D6): 47
LogDevObjectVersion:   FortniteRelease (E7086368-6B23-4C58-8439-1B7016265E91): 1
LogDevObjectVersion:   Dev-Enterprise (9DFFBCD6-494F-0158-E221-12823C92A888): 10
LogDevObjectVersion:   Dev-Niagara (F2AED0AC-9AFE-416F-8664-AA7FFA26D6FC): 1
LogDevObjectVersion:   Dev-Destruction (174F1F0B-B4C6-45A5-B13F-2EE8D0FB917D): 10
LogDevObjectVersion:   Dev-Physics-Ext (35F94A83-E258-406C-A318-09F59610247C): 41
LogDevObjectVersion:   Dev-PhysicsMaterial-Chaos (B68FC16E-8B1B-42E2-B453-215C058844FE): 1
LogDevObjectVersion:   Dev-CineCamera (B2E18506-4273-CFC2-A54E-F4BB758BBA07): 1
LogDevObjectVersion:   Dev-VirtualProduction (64F58936-FD1B-42BA-BA96-7289D5D0FA4E): 1
LogDevObjectVersion:   Dev-MediaFramework (6F0ED827-A609-4895-9C91-998D90180EA4): 2
LogInit: Presizing for max 25165824 objects, including 0 objects not considered by GC, pre-allocating 0 bytes for permanent pool.
LogConfig: Applying CVar settings from Section [/Script/Engine.StreamingSettings] File [E:/Prueba Tecnica/PruebaTecnica/PruebaTecnica/Saved/Config/Windows/Engine.ini]
LogConfig: Setting CVar [[s.MinBulkDataSizeForAsyncLoading:131072]]
LogConfig: Setting CVar [[s.AsyncLoadingThreadEnabled:0]]
LogConfig: Setting CVar [[s.EventDrivenLoaderEnabled:1]]
LogConfig: Setting CVar [[s.WarnIfTimeLimitExceeded:0]]
LogConfig: Setting CVar [[s.TimeLimitExceededMultiplier:1.5]]
LogConfig: Setting CVar [[s.TimeLimitExceededMinTime:0.005]]
LogConfig: Setting CVar [[s.UseBackgroundLevelStreaming:1]]
LogConfig: Setting CVar [[s.PriorityAsyncLoadingExtraTime:15.0]]
LogConfig: Setting CVar [[s.LevelStreamingActorsUpdateTimeLimit:5.0]]
LogConfig: Setting CVar [[s.PriorityLevelStreamingActorsUpdateExtraTime:5.0]]
LogConfig: Setting CVar [[s.LevelStreamingComponentsRegistrationGranularity:10]]
LogConfig: Setting CVar [[s.UnregisterComponentsTimeLimit:1.0]]
LogConfig: Setting CVar [[s.LevelStreamingComponentsUnregistrationGranularity:5]]
LogConfig: Setting CVar [[s.FlushStreamingOnExit:1]]
LogInit: Object subsystem initialized
LogConfig: Setting CVar [[con.DebugEarlyDefault:1]]
LogConfig: Setting CVar [[r.setres:1280x720]]
[2022.04.18-14.06.10:552][  0]LogConfig: Setting CVar [[r.VSync:0]]
[2022.04.18-14.06.10:552][  0]LogConfig: Setting CVar [[r.RHICmdBypass:0]]
[2022.04.18-14.06.10:552][  0]LogConfig: Applying CVar settings from Section [/Script/Engine.RendererSettings] File [E:/Prueba Tecnica/PruebaTecnica/PruebaTecnica/Saved/Config/Windows/Engine.ini]
[2022.04.18-14.06.10:552][  0]LogConfig: Setting CVar [[r.GPUCrashDebugging:0]]
[2022.04.18-14.06.10:552][  0]LogConfig: Applying CVar settings from Section [/Script/Engine.RendererOverrideSettings] File [E:/Prueba Tecnica/PruebaTecnica/PruebaTecnica/Saved/Config/Windows/Engine.ini]
[2022.04.18-14.06.10:552][  0]LogConfig: Applying CVar settings from Section [/Script/Engine.StreamingSettings] File [E:/Prueba Tecnica/PruebaTecnica/PruebaTecnica/Saved/Config/Windows/Engine.ini]
[2022.04.18-14.06.10:552][  0]LogConfig: Setting CVar [[s.MinBulkDataSizeForAsyncLoading:131072]]
[2022.04.18-14.06.10:552][  0]LogConfig: Setting CVar [[s.AsyncLoadingThreadEnabled:0]]
[2022.04.18-14.06.10:552][  0]LogConfig: Setting CVar [[s.EventDrivenLoaderEnabled:1]]
[2022.04.18-14.06.10:552][  0]LogConfig: Setting CVar [[s.WarnIfTimeLimitExceeded:0]]
[2022.04.18-14.06.10:552][  0]LogConfig: Setting CVar [[s.TimeLimitExceededMultiplier:1.5]]
[2022.04.18-14.06.10:552][  0]LogConfig: Setting CVar [[s.TimeLimitExceededMinTime:0.005]]
[2022.04.18-14.06.10:552][  0]LogConfig: Setting CVar [[s.UseBackgroundLevelStreaming:1]]
[2022.04.18-14.06.10:552][  0]LogConfig: Setting CVar [[s.PriorityAsyncLoadingExtraTime:15.0]]
[2022.04.18-14.06.10:552][  0]LogConfig: Setting CVar [[s.LevelStreamingActorsUpdateTimeLimit:5.0]]
[2022.04.18-14.06.10:552][  0]LogConfig: Setting CVar [[s.PriorityLevelStreamingActorsUpdateExtraTime:5.0]]
[2022.04.18-14.06.10:552][  0]LogConfig: Setting CVar [[s.LevelStreamingComponentsRegistrationGranularity:10]]
[2022.04.18-14.06.10:552][  0]LogConfig: Setting CVar [[s.UnregisterComponentsTimeLimit:1.0]]
[2022.04.18-14.06.10:552][  0]LogConfig: Setting CVar [[s.LevelStreamingComponentsUnregistrationGranularity:5]]
[2022.04.18-14.06.10:552][  0]LogConfig: Setting CVar [[s.FlushStreamingOnExit:1]]
[2022.04.18-14.06.10:552][  0]LogConfig: Applying CVar settings from Section [/Script/Engine.GarbageCollectionSettings] File [E:/Prueba Tecnica/PruebaTecnica/PruebaTecnica/Saved/Config/Windows/Engine.ini]
[2022.04.18-14.06.10:552][  0]LogConfig: Setting CVar [[gc.MaxObjectsNotConsideredByGC:1]]
[2022.04.18-14.06.10:552][  0]LogConfig: Setting CVar [[gc.SizeOfPermanentObjectPool:0]]
[2022.04.18-14.06.10:552][  0]LogConfig: Setting CVar [[gc.FlushStreamingOnGC:0]]
[2022.04.18-14.06.10:552][  0]LogConfig: Setting CVar [[gc.NumRetriesBeforeForcingGC:10]]
[2022.04.18-14.06.10:552][  0]LogConfig: Setting CVar [[gc.AllowParallelGC:1]]
[2022.04.18-14.06.10:552][  0]LogConfig: Setting CVar [[gc.TimeBetweenPurgingPendingKillObjects:61.1]]
[2022.04.18-14.06.10:552][  0]LogConfig: Setting CVar [[gc.MaxObjectsInEditor:25165824]]
[2022.04.18-14.06.10:552][  0]LogConfig: Setting CVar [[gc.IncrementalBeginDestroyEnabled:1]]
[2022.04.18-14.06.10:552][  0]LogConfig: Setting CVar [[gc.CreateGCClusters:1]]
[2022.04.18-14.06.10:552][  0]LogConfig: Setting CVar [[gc.MinGCClusterSize:5]]
[2022.04.18-14.06.10:552][  0]LogConfig: Setting CVar [[gc.ActorClusteringEnabled:0]]
[2022.04.18-14.06.10:553][  0]LogConfig: Setting CVar [[gc.BlueprintClusteringEnabled:0]]
[2022.04.18-14.06.10:553][  0]LogConfig: Setting CVar [[gc.UseDisregardForGCOnDedicatedServers:0]]
[2022.04.18-14.06.10:553][  0]LogConfig: Setting CVar [[gc.MultithreadedDestructionEnabled:1]]
[2022.04.18-14.06.10:553][  0]LogConfig: Applying CVar settings from Section [/Script/Engine.NetworkSettings] File [E:/Prueba Tecnica/PruebaTecnica/PruebaTecnica/Saved/Config/Windows/Engine.ini]
[2022.04.18-14.06.10:553][  0]LogConfig: Applying CVar settings from Section [/Script/UnrealEd.CookerSettings] File [E:/Prueba Tecnica/PruebaTecnica/PruebaTecnica/Saved/Config/Windows/Engine.ini]
[2022.04.18-14.06.10:577][  0]LogConfig: Applying CVar settings from Section [ViewDistanceQuality@3] File [E:/Prueba Tecnica/PruebaTecnica/PruebaTecnica/Saved/Config/Windows/Scalability.ini]
[2022.04.18-14.06.10:577][  0]LogConfig: Setting CVar [[r.SkeletalMeshLODBias:0]]
[2022.04.18-14.06.10:577][  0]LogConfig: Setting CVar [[r.ViewDistanceScale:1.0]]
[2022.04.18-14.06.10:577][  0]LogConfig: Applying CVar settings from Section [AntiAliasingQuality@3] File [E:/Prueba Tecnica/PruebaTecnica/PruebaTecnica/Saved/Config/Windows/Scalability.ini]
[2022.04.18-14.06.10:577][  0]LogConfig: Setting CVar [[r.PostProcessAAQuality:4]]
[2022.04.18-14.06.10:577][  0]LogConfig: Applying CVar settings from Section [ShadowQuality@3] File [E:/Prueba Tecnica/PruebaTecnica/PruebaTecnica/Saved/Config/Windows/Scalability.ini]
[2022.04.18-14.06.10:577][  0]LogConfig: Setting CVar [[r.LightFunctionQuality:1]]
[2022.04.18-14.06.10:577][  0]LogConfig: Setting CVar [[r.ShadowQuality:5]]
[2022.04.18-14.06.10:577][  0]LogConfig: Setting CVar [[r.Shadow.CSM.MaxCascades:10]]
[2022.04.18-14.06.10:577][  0]LogConfig: Setting CVar [[r.Shadow.MaxResolution:2048]]
[2022.04.18-14.06.10:577][  0]LogConfig: Setting CVar [[r.Shadow.MaxCSMResolution:2048]]
[2022.04.18-14.06.10:577][  0]LogConfig: Setting CVar [[r.Shadow.RadiusThreshold:0.01]]
[2022.04.18-14.06.10:577][  0]LogConfig: Setting CVar [[r.Shadow.DistanceScale:1.0]]
[2022.04.18-14.06.10:577][  0]LogConfig: Setting CVar [[r.Shadow.CSM.TransitionScale:1.0]]
[2022.04.18-14.06.10:577][  0]LogConfig: Setting CVar [[r.Shadow.PreShadowResolutionFactor:1.0]]
[2022.04.18-14.06.10:577][  0]LogConfig: Setting CVar [[r.DistanceFieldShadowing:1]]
[2022.04.18-14.06.10:577][  0]LogConfig: Setting CVar [[r.DistanceFieldAO:1]]
[2022.04.18-14.06.10:577][  0]LogConfig: Setting CVar [[r.AOQuality:2]]
[2022.04.18-14.06.10:577][  0]LogConfig: Setting CVar [[r.VolumetricFog:1]]
[2022.04.18-14.06.10:577][  0]LogConfig: Setting CVar [[r.VolumetricFog.GridPixelSize:8]]
[2022.04.18-14.06.10:577][  0]LogConfig: Setting CVar [[r.VolumetricFog.GridSizeZ:128]]
[2022.04.18-14.06.10:577][  0]LogConfig: Setting CVar [[r.VolumetricFog.HistoryMissSupersampleCount:4]]
[2022.04.18-14.06.10:577][  0]LogConfig: Setting CVar [[r.LightMaxDrawDistanceScale:1]]
[2022.04.18-14.06.10:577][  0]LogConfig: Setting CVar [[r.CapsuleShadows:1]]
[2022.04.18-14.06.10:577][  0]LogConfig: Applying CVar settings from Section [PostProcessQuality@3] File [E:/Prueba Tecnica/PruebaTecnica/PruebaTecnica/Saved/Config/Windows/Scalability.ini]
[2022.04.18-14.06.10:577][  0]LogConfig: Setting CVar [[r.MotionBlurQuality:4]]
[2022.04.18-14.06.10:577][  0]LogConfig: Setting CVar [[r.AmbientOcclusionMipLevelFactor:0.4]]
[2022.04.18-14.06.10:578][  0]LogConfig: Setting CVar [[r.AmbientOcclusionMaxQuality:100]]
[2022.04.18-14.06.10:578][  0]LogConfig: Setting CVar [[r.AmbientOcclusionLevels:-1]]
[2022.04.18-14.06.10:578][  0]LogConfig: Setting CVar [[r.AmbientOcclusionRadiusScale:1.0]]
[2022.04.18-14.06.10:578][  0]LogConfig: Setting CVar [[r.DepthOfFieldQuality:2]]
[2022.04.18-14.06.10:578][  0]LogConfig: Setting CVar [[r.RenderTargetPoolMin:400]]
[2022.04.18-14.06.10:578][  0]LogConfig: Setting CVar [[r.LensFlareQuality:2]]
[2022.04.18-14.06.10:578][  0]LogConfig: Setting CVar [[r.SceneColorFringeQuality:1]]
[2022.04.18-14.06.10:578][  0]LogConfig: Setting CVar [[r.EyeAdaptationQuality:2]]
[2022.04.18-14.06.10:578][  0]LogConfig: Setting CVar [[r.BloomQuality:5]]
[2022.04.18-14.06.10:578][  0]LogConfig: Setting CVar [[r.FastBlurThreshold:100]]
[2022.04.18-14.06.10:578][  0]LogConfig: Setting CVar [[r.Upscale.Quality:3]]
[2022.04.18-14.06.10:578][  0]LogConfig: Setting CVar [[r.Tonemapper.GrainQuantization:1]]
[2022.04.18-14.06.10:578][  0]LogConfig: Setting CVar [[r.LightShaftQuality:1]]
[2022.04.18-14.06.10:578][  0]LogConfig: Setting CVar [[r.Filter.SizeScale:1]]
[2022.04.18-14.06.10:578][  0]LogConfig: Setting CVar [[r.Tonemapper.Quality:5]]
[2022.04.18-14.06.10:578][  0]LogConfig: Setting CVar [[r.DOF.Gather.AccumulatorQuality:1        ; higher gathering accumulator quality]]
[2022.04.18-14.06.10:578][  0]LogConfig: Setting CVar [[r.DOF.Gather.PostfilterMethod:1          ; Median3x3 postfilering method]]
[2022.04.18-14.06.10:578][  0]LogConfig: Setting CVar [[r.DOF.Gather.EnableBokehSettings:0       ; no bokeh simulation when gathering]]
[2022.04.18-14.06.10:578][  0]LogConfig: Setting CVar [[r.DOF.Gather.RingCount:4                 ; medium number of samples when gathering]]
[2022.04.18-14.06.10:578][  0]LogConfig: Setting CVar [[r.DOF.Scatter.ForegroundCompositing:1    ; additive foreground scattering]]
[2022.04.18-14.06.10:578][  0]LogConfig: Setting CVar [[r.DOF.Scatter.BackgroundCompositing:2    ; additive background scattering]]
[2022.04.18-14.06.10:578][  0]LogConfig: Setting CVar [[r.DOF.Scatter.EnableBokehSettings:1      ; bokeh simulation when scattering]]
[2022.04.18-14.06.10:578][  0]LogConfig: Setting CVar [[r.DOF.Scatter.MaxSpriteRatio:0.1         ; only a maximum of 10% of scattered bokeh]]
[2022.04.18-14.06.10:578][  0]LogConfig: Setting CVar [[r.DOF.Recombine.Quality:1                ; cheap slight out of focus]]
[2022.04.18-14.06.10:578][  0]LogConfig: Setting CVar [[r.DOF.Recombine.EnableBokehSettings:0    ; no bokeh simulation on slight out of focus]]
[2022.04.18-14.06.10:578][  0]LogConfig: Setting CVar [[r.DOF.TemporalAAQuality:1                ; more stable temporal accumulation]]
[2022.04.18-14.06.10:578][  0]LogConfig: Setting CVar [[r.DOF.Kernel.MaxForegroundRadius:0.025]]
[2022.04.18-14.06.10:578][  0]LogConfig: Setting CVar [[r.DOF.Kernel.MaxBackgroundRadius:0.025]]
[2022.04.18-14.06.10:578][  0]LogConfig: Applying CVar settings from Section [TextureQuality@3] File [E:/Prueba Tecnica/PruebaTecnica/PruebaTecnica/Saved/Config/Windows/Scalability.ini]
[2022.04.18-14.06.10:578][  0]LogConfig: Setting CVar [[r.Streaming.MipBias:0]]
[2022.04.18-14.06.10:578][  0]LogConfig: Setting CVar [[r.Streaming.AmortizeCPUToGPUCopy:0]]
[2022.04.18-14.06.10:578][  0]LogConfig: Setting CVar [[r.Streaming.MaxNumTexturesToStreamPerFrame:0]]
[2022.04.18-14.06.10:578][  0]LogConfig: Setting CVar [[r.Streaming.Boost:1]]
[2022.04.18-14.06.10:578][  0]LogConfig: Setting CVar [[r.MaxAnisotropy:8]]
[2022.04.18-14.06.10:578][  0]LogConfig: Setting CVar [[r.VT.MaxAnisotropy:8]]
[2022.04.18-14.06.10:578][  0]LogConfig: Setting CVar [[r.Streaming.LimitPoolSizeToVRAM:0]]
[2022.04.18-14.06.10:578][  0]LogConfig: Setting CVar [[r.Streaming.PoolSize:1000]]
[2022.04.18-14.06.10:578][  0]LogConfig: Setting CVar [[r.Streaming.MaxEffectiveScreenSize:0]]
[2022.04.18-14.06.10:578][  0]LogConfig: Applying CVar settings from Section [EffectsQuality@3] File [E:/Prueba Tecnica/PruebaTecnica/PruebaTecnica/Saved/Config/Windows/Scalability.ini]
[2022.04.18-14.06.10:578][  0]LogConfig: Setting CVar [[r.TranslucencyLightingVolumeDim:64]]
[2022.04.18-14.06.10:578][  0]LogConfig: Setting CVar [[r.RefractionQuality:2]]
[2022.04.18-14.06.10:578][  0]LogConfig: Setting CVar [[r.SSR.Quality:3]]
[2022.04.18-14.06.10:578][  0]LogConfig: Setting CVar [[r.SSR.HalfResSceneColor:0]]
[2022.04.18-14.06.10:578][  0]LogConfig: Setting CVar [[r.SceneColorFormat:4]]
[2022.04.18-14.06.10:578][  0]LogConfig: Setting CVar [[r.DetailMode:2]]
[2022.04.18-14.06.10:578][  0]LogConfig: Setting CVar [[r.TranslucencyVolumeBlur:1]]
[2022.04.18-14.06.10:578][  0]LogConfig: Setting CVar [[r.MaterialQualityLevel:1 ; High quality]]
[2022.04.18-14.06.10:578][  0]LogConfig: Setting CVar [[r.AnisotropicMaterials:1]]
[2022.04.18-14.06.10:578][  0]LogConfig: Setting CVar [[r.SSS.Scale:1]]
[2022.04.18-14.06.10:578][  0]LogConfig: Setting CVar [[r.SSS.SampleSet:2]]
[2022.04.18-14.06.10:578][  0]LogConfig: Setting CVar [[r.SSS.Quality:1]]
[2022.04.18-14.06.10:578][  0]LogConfig: Setting CVar [[r.SSS.HalfRes:0]]
[2022.04.18-14.06.10:578][  0]LogConfig: Setting CVar [[r.SSGI.Quality:3]]
[2022.04.18-14.06.10:578][  0]LogConfig: Setting CVar [[r.EmitterSpawnRateScale:1.0]]
[2022.04.18-14.06.10:578][  0]LogConfig: Setting CVar [[r.ParticleLightQuality:2]]
[2022.04.18-14.06.10:578][  0]LogConfig: Setting CVar [[r.SkyAtmosphere.AerialPerspectiveLUT.FastApplyOnOpaque:1 ; Always have FastSkyLUT 1 in this case to avoid wrong sky]]
[2022.04.18-14.06.10:578][  0]LogConfig: Setting CVar [[r.SkyAtmosphere.AerialPerspectiveLUT.SampleCountMaxPerSlice:4]]
[2022.04.18-14.06.10:578][  0]LogConfig: Setting CVar [[r.SkyAtmosphere.AerialPerspectiveLUT.DepthResolution:16.0]]
[2022.04.18-14.06.10:578][  0]LogConfig: Setting CVar [[r.SkyAtmosphere.FastSkyLUT:1]]
[2022.04.18-14.06.10:578][  0]LogConfig: Setting CVar [[r.SkyAtmosphere.FastSkyLUT.SampleCountMin:4.0]]
[2022.04.18-14.06.10:578][  0]LogConfig: Setting CVar [[r.SkyAtmosphere.FastSkyLUT.SampleCountMax:128.0]]
[2022.04.18-14.06.10:578][  0]LogConfig: Setting CVar [[r.SkyAtmosphere.SampleCountMin:4.0]]
[2022.04.18-14.06.10:578][  0]LogConfig: Setting CVar [[r.SkyAtmosphere.SampleCountMax:128.0]]
[2022.04.18-14.06.10:578][  0]LogConfig: Setting CVar [[r.SkyAtmosphere.TransmittanceLUT.UseSmallFormat:0]]
[2022.04.18-14.06.10:578][  0]LogConfig: Setting CVar [[r.SkyAtmosphere.TransmittanceLUT.SampleCount:10.0]]
[2022.04.18-14.06.10:578][  0]LogConfig: Setting CVar [[r.SkyAtmosphere.MultiScatteringLUT.SampleCount:15.0]]
[2022.04.18-14.06.10:578][  0]LogConfig: Setting CVar [[r.SkyLight.RealTimeReflectionCapture:1]]
[2022.04.18-14.06.10:578][  0]LogConfig: Applying CVar settings from Section [FoliageQuality@3] File [E:/Prueba Tecnica/PruebaTecnica/PruebaTecnica/Saved/Config/Windows/Scalability.ini]
[2022.04.18-14.06.10:578][  0]LogConfig: Setting CVar [[foliage.DensityScale:1.0]]
[2022.04.18-14.06.10:578][  0]LogConfig: Setting CVar [[grass.DensityScale:1.0]]
[2022.04.18-14.06.10:578][  0]LogConfig: Applying CVar settings from Section [ShadingQuality@3] File [E:/Prueba Tecnica/PruebaTecnica/PruebaTecnica/Saved/Config/Windows/Scalability.ini]
[2022.04.18-14.06.10:578][  0]LogConfig: Setting CVar [[r.HairStrands.SkyLighting.IntegrationType:2]]
[2022.04.18-14.06.10:578][  0]LogConfig: Setting CVar [[r.HairStrands.SkyAO.SampleCount:4]]
[2022.04.18-14.06.10:579][  0]LogConfig: Setting CVar [[r.HairStrands.Visibility.MSAA.SamplePerPixel:4]]
[2022.04.18-14.06.10:579][  0]LogInit: Selected Device Profile: [Windows]
[2022.04.18-14.06.10:579][  0]LogInit: Applying CVar settings loaded from the selected device profile: [Windows]
[2022.04.18-14.06.10:579][  0]LogHAL: Display: Platform has ~ 32 GB [34282221568 / 34359738368 / 32], which maps to Largest [LargestMinGB=32, LargerMinGB=12, DefaultMinGB=8, SmallerMinGB=6, SmallestMinGB=0)
[2022.04.18-14.06.10:579][  0]LogInit: Going up to parent DeviceProfile []
[2022.04.18-14.06.10:579][  0]LogConfig: Applying CVar settings from Section [ViewDistanceQuality@3] File [E:/Prueba Tecnica/PruebaTecnica/PruebaTecnica/Saved/Config/Windows/Scalability.ini]
[2022.04.18-14.06.10:579][  0]LogConfig: Setting CVar [[r.SkeletalMeshLODBias:0]]
[2022.04.18-14.06.10:579][  0]LogConfig: Setting CVar [[r.ViewDistanceScale:1.0]]
[2022.04.18-14.06.10:579][  0]LogConfig: Applying CVar settings from Section [AntiAliasingQuality@3] File [E:/Prueba Tecnica/PruebaTecnica/PruebaTecnica/Saved/Config/Windows/Scalability.ini]
[2022.04.18-14.06.10:579][  0]LogConfig: Setting CVar [[r.PostProcessAAQuality:4]]
[2022.04.18-14.06.10:579][  0]LogConfig: Applying CVar settings from Section [ShadowQuality@3] File [E:/Prueba Tecnica/PruebaTecnica/PruebaTecnica/Saved/Config/Windows/Scalability.ini]
[2022.04.18-14.06.10:579][  0]LogConfig: Setting CVar [[r.LightFunctionQuality:1]]
[2022.04.18-14.06.10:579][  0]LogConfig: Setting CVar [[r.ShadowQuality:5]]
[2022.04.18-14.06.10:579][  0]LogConfig: Setting CVar [[r.Shadow.CSM.MaxCascades:10]]
[2022.04.18-14.06.10:579][  0]LogConfig: Setting CVar [[r.Shadow.MaxResolution:2048]]
[2022.04.18-14.06.10:579][  0]LogConfig: Setting CVar [[r.Shadow.MaxCSMResolution:2048]]
[2022.04.18-14.06.10:579][  0]LogConfig: Setting CVar [[r.Shadow.RadiusThreshold:0.01]]
[2022.04.18-14.06.10:579][  0]LogConfig: Setting CVar [[r.Shadow.DistanceScale:1.0]]
[2022.04.18-14.06.10:579][  0]LogConfig: Setting CVar [[r.Shadow.CSM.TransitionScale:1.0]]
[2022.04.18-14.06.10:579][  0]LogConfig: Setting CVar [[r.Shadow.PreShadowResolutionFactor:1.0]]
[2022.04.18-14.06.10:579][  0]LogConfig: Setting CVar [[r.DistanceFieldShadowing:1]]
[2022.04.18-14.06.10:579][  0]LogConfig: Setting CVar [[r.DistanceFieldAO:1]]
[2022.04.18-14.06.10:579][  0]LogConfig: Setting CVar [[r.AOQuality:2]]
[2022.04.18-14.06.10:579][  0]LogConfig: Setting CVar [[r.VolumetricFog:1]]
[2022.04.18-14.06.10:579][  0]LogConfig: Setting CVar [[r.VolumetricFog.GridPixelSize:8]]
[2022.04.18-14.06.10:579][  0]LogConfig: Setting CVar [[r.VolumetricFog.GridSizeZ:128]]
[2022.04.18-14.06.10:579][  0]LogConfig: Setting CVar [[r.VolumetricFog.HistoryMissSupersampleCount:4]]
[2022.04.18-14.06.10:579][  0]LogConfig: Setting CVar [[r.LightMaxDrawDistanceScale:1]]
[2022.04.18-14.06.10:579][  0]LogConfig: Setting CVar [[r.CapsuleShadows:1]]
[2022.04.18-14.06.10:579][  0]LogConfig: Applying CVar settings from Section [PostProcessQuality@3] File [E:/Prueba Tecnica/PruebaTecnica/PruebaTecnica/Saved/Config/Windows/Scalability.ini]
[2022.04.18-14.06.10:579][  0]LogConfig: Setting CVar [[r.MotionBlurQuality:4]]
[2022.04.18-14.06.10:579][  0]LogConfig: Setting CVar [[r.AmbientOcclusionMipLevelFactor:0.4]]
[2022.04.18-14.06.10:579][  0]LogConfig: Setting CVar [[r.AmbientOcclusionMaxQuality:100]]
[2022.04.18-14.06.10:579][  0]LogConfig: Setting CVar [[r.AmbientOcclusionLevels:-1]]
[2022.04.18-14.06.10:579][  0]LogConfig: Setting CVar [[r.AmbientOcclusionRadiusScale:1.0]]
[2022.04.18-14.06.10:579][  0]LogConfig: Setting CVar [[r.DepthOfFieldQuality:2]]
[2022.04.18-14.06.10:579][  0]LogConfig: Setting CVar [[r.RenderTargetPoolMin:400]]
[2022.04.18-14.06.10:579][  0]LogConfig: Setting CVar [[r.LensFlareQuality:2]]
[2022.04.18-14.06.10:579][  0]LogConfig: Setting CVar [[r.SceneColorFringeQuality:1]]
[2022.04.18-14.06.10:579][  0]LogConfig: Setting CVar [[r.EyeAdaptationQuality:2]]
[2022.04.18-14.06.10:579][  0]LogConfig: Setting CVar [[r.BloomQuality:5]]
[2022.04.18-14.06.10:579][  0]LogConfig: Setting CVar [[r.FastBlurThreshold:100]]
[2022.04.18-14.06.10:579][  0]LogConfig: Setting CVar [[r.Upscale.Quality:3]]
[2022.04.18-14.06.10:579][  0]LogConfig: Setting CVar [[r.Tonemapper.GrainQuantization:1]]
[2022.04.18-14.06.10:579][  0]LogConfig: Setting CVar [[r.LightShaftQuality:1]]
[2022.04.18-14.06.10:579][  0]LogConfig: Setting CVar [[r.Filter.SizeScale:1]]
[2022.04.18-14.06.10:579][  0]LogConfig: Setting CVar [[r.Tonemapper.Quality:5]]
[2022.04.18-14.06.10:579][  0]LogConfig: Setting CVar [[r.DOF.Gather.AccumulatorQuality:1        ; higher gathering accumulator quality]]
[2022.04.18-14.06.10:579][  0]LogConfig: Setting CVar [[r.DOF.Gather.PostfilterMethod:1          ; Median3x3 postfilering method]]
[2022.04.18-14.06.10:579][  0]LogConfig: Setting CVar [[r.DOF.Gather.EnableBokehSettings:0       ; no bokeh simulation when gathering]]
[2022.04.18-14.06.10:579][  0]LogConfig: Setting CVar [[r.DOF.Gather.RingCount:4                 ; medium number of samples when gathering]]
[2022.04.18-14.06.10:579][  0]LogConfig: Setting CVar [[r.DOF.Scatter.ForegroundCompositing:1    ; additive foreground scattering]]
[2022.04.18-14.06.10:579][  0]LogConfig: Setting CVar [[r.DOF.Scatter.BackgroundCompositing:2    ; additive background scattering]]
[2022.04.18-14.06.10:579][  0]LogConfig: Setting CVar [[r.DOF.Scatter.EnableBokehSettings:1      ; bokeh simulation when scattering]]
[2022.04.18-14.06.10:579][  0]LogConfig: Setting CVar [[r.DOF.Scatter.MaxSpriteRatio:0.1         ; only a maximum of 10% of scattered bokeh]]
[2022.04.18-14.06.10:579][  0]LogConfig: Setting CVar [[r.DOF.Recombine.Quality:1                ; cheap slight out of focus]]
[2022.04.18-14.06.10:579][  0]LogConfig: Setting CVar [[r.DOF.Recombine.EnableBokehSettings:0    ; no bokeh simulation on slight out of focus]]
[2022.04.18-14.06.10:579][  0]LogConfig: Setting CVar [[r.DOF.TemporalAAQuality:1                ; more stable temporal accumulation]]
[2022.04.18-14.06.10:579][  0]LogConfig: Setting CVar [[r.DOF.Kernel.MaxForegroundRadius:0.025]]
[2022.04.18-14.06.10:579][  0]LogConfig: Setting CVar [[r.DOF.Kernel.MaxBackgroundRadius:0.025]]
[2022.04.18-14.06.10:579][  0]LogConfig: Applying CVar settings from Section [TextureQuality@3] File [E:/Prueba Tecnica/PruebaTecnica/PruebaTecnica/Saved/Config/Windows/Scalability.ini]
[2022.04.18-14.06.10:579][  0]LogConfig: Setting CVar [[r.Streaming.MipBias:0]]
[2022.04.18-14.06.10:579][  0]LogConfig: Setting CVar [[r.Streaming.AmortizeCPUToGPUCopy:0]]
[2022.04.18-14.06.10:579][  0]LogConfig: Setting CVar [[r.Streaming.MaxNumTexturesToStreamPerFrame:0]]
[2022.04.18-14.06.10:579][  0]LogConfig: Setting CVar [[r.Streaming.Boost:1]]
[2022.04.18-14.06.10:579][  0]LogConfig: Setting CVar [[r.MaxAnisotropy:8]]
[2022.04.18-14.06.10:579][  0]LogConfig: Setting CVar [[r.VT.MaxAnisotropy:8]]
[2022.04.18-14.06.10:580][  0]LogConfig: Setting CVar [[r.Streaming.LimitPoolSizeToVRAM:0]]
[2022.04.18-14.06.10:580][  0]LogConfig: Setting CVar [[r.Streaming.PoolSize:1000]]
[2022.04.18-14.06.10:580][  0]LogConfig: Setting CVar [[r.Streaming.MaxEffectiveScreenSize:0]]
[2022.04.18-14.06.10:580][  0]LogConfig: Applying CVar settings from Section [EffectsQuality@3] File [E:/Prueba Tecnica/PruebaTecnica/PruebaTecnica/Saved/Config/Windows/Scalability.ini]
[2022.04.18-14.06.10:580][  0]LogConfig: Setting CVar [[r.TranslucencyLightingVolumeDim:64]]
[2022.04.18-14.06.10:580][  0]LogConfig: Setting CVar [[r.RefractionQuality:2]]
[2022.04.18-14.06.10:580][  0]LogConfig: Setting CVar [[r.SSR.Quality:3]]
[2022.04.18-14.06.10:580][  0]LogConfig: Setting CVar [[r.SSR.HalfResSceneColor:0]]
[2022.04.18-14.06.10:580][  0]LogConfig: Setting CVar [[r.SceneColorFormat:4]]
[2022.04.18-14.06.10:580][  0]LogConfig: Setting CVar [[r.DetailMode:2]]
[2022.04.18-14.06.10:580][  0]LogConfig: Setting CVar [[r.TranslucencyVolumeBlur:1]]
[2022.04.18-14.06.10:580][  0]LogConfig: Setting CVar [[r.MaterialQualityLevel:1 ; High quality]]
[2022.04.18-14.06.10:580][  0]LogConfig: Setting CVar [[r.AnisotropicMaterials:1]]
[2022.04.18-14.06.10:580][  0]LogConfig: Setting CVar [[r.SSS.Scale:1]]
[2022.04.18-14.06.10:580][  0]LogConfig: Setting CVar [[r.SSS.SampleSet:2]]
[2022.04.18-14.06.10:580][  0]LogConfig: Setting CVar [[r.SSS.Quality:1]]
[2022.04.18-14.06.10:580][  0]LogConfig: Setting CVar [[r.SSS.HalfRes:0]]
[2022.04.18-14.06.10:580][  0]LogConfig: Setting CVar [[r.SSGI.Quality:3]]
[2022.04.18-14.06.10:580][  0]LogConfig: Setting CVar [[r.EmitterSpawnRateScale:1.0]]
[2022.04.18-14.06.10:580][  0]LogConfig: Setting CVar [[r.ParticleLightQuality:2]]
[2022.04.18-14.06.10:580][  0]LogConfig: Setting CVar [[r.SkyAtmosphere.AerialPerspectiveLUT.FastApplyOnOpaque:1 ; Always have FastSkyLUT 1 in this case to avoid wrong sky]]
[2022.04.18-14.06.10:580][  0]LogConfig: Setting CVar [[r.SkyAtmosphere.AerialPerspectiveLUT.SampleCountMaxPerSlice:4]]
[2022.04.18-14.06.10:580][  0]LogConfig: Setting CVar [[r.SkyAtmosphere.AerialPerspectiveLUT.DepthResolution:16.0]]
[2022.04.18-14.06.10:580][  0]LogConfig: Setting CVar [[r.SkyAtmosphere.FastSkyLUT:1]]
[2022.04.18-14.06.10:580][  0]LogConfig: Setting CVar [[r.SkyAtmosphere.FastSkyLUT.SampleCountMin:4.0]]
[2022.04.18-14.06.10:580][  0]LogConfig: Setting CVar [[r.SkyAtmosphere.FastSkyLUT.SampleCountMax:128.0]]
[2022.04.18-14.06.10:580][  0]LogConfig: Setting CVar [[r.SkyAtmosphere.SampleCountMin:4.0]]
[2022.04.18-14.06.10:580][  0]LogConfig: Setting CVar [[r.SkyAtmosphere.SampleCountMax:128.0]]
[2022.04.18-14.06.10:580][  0]LogConfig: Setting CVar [[r.SkyAtmosphere.TransmittanceLUT.UseSmallFormat:0]]
[2022.04.18-14.06.10:580][  0]LogConfig: Setting CVar [[r.SkyAtmosphere.TransmittanceLUT.SampleCount:10.0]]
[2022.04.18-14.06.10:580][  0]LogConfig: Setting CVar [[r.SkyAtmosphere.MultiScatteringLUT.SampleCount:15.0]]
[2022.04.18-14.06.10:580][  0]LogConfig: Setting CVar [[r.SkyLight.RealTimeReflectionCapture:1]]
[2022.04.18-14.06.10:580][  0]LogConfig: Applying CVar settings from Section [FoliageQuality@3] File [E:/Prueba Tecnica/PruebaTecnica/PruebaTecnica/Saved/Config/Windows/Scalability.ini]
[2022.04.18-14.06.10:580][  0]LogConfig: Setting CVar [[foliage.DensityScale:1.0]]
[2022.04.18-14.06.10:580][  0]LogConfig: Setting CVar [[grass.DensityScale:1.0]]
[2022.04.18-14.06.10:580][  0]LogConfig: Applying CVar settings from Section [ShadingQuality@3] File [E:/Prueba Tecnica/PruebaTecnica/PruebaTecnica/Saved/Config/Windows/Scalability.ini]
[2022.04.18-14.06.10:580][  0]LogConfig: Setting CVar [[r.HairStrands.SkyLighting.IntegrationType:2]]
[2022.04.18-14.06.10:580][  0]LogConfig: Setting CVar [[r.HairStrands.SkyAO.SampleCount:4]]
[2022.04.18-14.06.10:580][  0]LogConfig: Setting CVar [[r.HairStrands.Visibility.MSAA.SamplePerPixel:4]]
[2022.04.18-14.06.10:580][  0]LogConfig: Applying CVar settings from Section [Startup] File [../../../Engine/Config/ConsoleVariables.ini]
[2022.04.18-14.06.10:580][  0]LogConfig: Setting CVar [[net.UseAdaptiveNetUpdateFrequency:0]]
[2022.04.18-14.06.10:580][  0]LogConfig: Setting CVar [[p.chaos.AllowCreatePhysxBodies:1]]
[2022.04.18-14.06.10:580][  0]LogConfig: Setting CVar [[fx.SkipVectorVMBackendOptimizations:1]]
[2022.04.18-14.06.10:580][  0]LogConfig: Applying CVar settings from Section [ConsoleVariables] File [E:/Prueba Tecnica/PruebaTecnica/PruebaTecnica/Saved/Config/Windows/Engine.ini]
[2022.04.18-14.06.10:580][  0]LogConfig: Applying CVar settings from Section [ConsoleVariables] File [E:/Prueba Tecnica/PruebaTecnica/PruebaTecnica/Saved/Config/Windows/Editor.ini]
[2022.04.18-14.06.10:580][  0]LogInit: Computer: DESKTOP-PATULNA
[2022.04.18-14.06.10:580][  0]LogInit: User: Pablo
[2022.04.18-14.06.10:580][  0]LogInit: CPU Page size=4096, Cores=6
[2022.04.18-14.06.10:580][  0]LogInit: High frequency timer resolution =10.000000 MHz
[2022.04.18-14.06.10:580][  0]LogMemory: Memory total: Physical=31.9GB (32GB approx)
[2022.04.18-14.06.10:580][  0]LogMemory: Platform Memory Stats for Windows
[2022.04.18-14.06.10:580][  0]LogMemory: Process Physical Memory: 144.61 MB used, 144.62 MB peak
[2022.04.18-14.06.10:580][  0]LogMemory: Process Virtual Memory: 116.14 MB used, 116.14 MB peak
[2022.04.18-14.06.10:580][  0]LogMemory: Physical Memory: 13638.52 MB used,  19055.55 MB free, 32694.07 MB total
[2022.04.18-14.06.10:580][  0]LogMemory: Virtual Memory: 134197352.00 MB used,  20377.53 MB free, 134217728.00 MB total
[2022.04.18-14.06.10:587][  0]LogWindows: WindowsPlatformFeatures enabled
[2022.04.18-14.06.10:630][  0]LogInit: Physics initialised using underlying interface: PhysX
[2022.04.18-14.06.10:630][  0]LogInit: Overriding language with editor language configuration option (en-US).
[2022.04.18-14.06.10:630][  0]LogInit: Overriding language with editor locale configuration option (en).
[2022.04.18-14.06.10:632][  0]LogTextLocalizationManager: No specific localization for 'en-US' exists, so the 'en' localization will be used.
[2022.04.18-14.06.10:783][  0]LogInit: Setting process to per monitor DPI aware
[2022.04.18-14.06.10:796][  0]LogWindowsTextInputMethodSystem: Display: IME system deactivated.
[2022.04.18-14.06.10:808][  0]LogSlate: New Slate User Created.  User Index 0, Is Virtual User: 0
[2022.04.18-14.06.10:808][  0]LogSlate: Slate User Registered.  User Index 0, Is Virtual User: 0
[2022.04.18-14.06.10:925][  0]LogD3D11RHI: Loaded GFSDK_Aftermath_Lib.x64.dll
[2022.04.18-14.06.10:927][  0]LogHMD: Failed to initialize OpenVR with code 110
[2022.04.18-14.06.10:927][  0]LogD3D11RHI: D3D11 min allowed feature level: 11_0
[2022.04.18-14.06.10:927][  0]LogD3D11RHI: D3D11 max allowed feature level: 11_0
[2022.04.18-14.06.10:927][  0]LogD3D11RHI: D3D11 adapters:
[2022.04.18-14.06.11:013][  0]LogD3D11RHI:    0. 'NVIDIA GeForce GTX 1070 Ti' (Feature Level 11_0)
[2022.04.18-14.06.11:013][  0]LogD3D11RHI:       8079/0/16347 MB DedicatedVideo/DedicatedSystem/SharedSystem, Outputs:2, VendorId:0x10de
[2022.04.18-14.06.11:015][  0]LogD3D11RHI:    1. 'Microsoft Basic Render Driver' (Feature Level 11_0)
[2022.04.18-14.06.11:015][  0]LogD3D11RHI:       0/0/16347 MB DedicatedVideo/DedicatedSystem/SharedSystem, Outputs:0, VendorId:0x1414
[2022.04.18-14.06.11:015][  0]LogD3D11RHI: Chosen D3D11 Adapter:
[2022.04.18-14.06.11:015][  0]LogD3D11RHI:     Description : NVIDIA GeForce GTX 1070 Ti
[2022.04.18-14.06.11:015][  0]LogD3D11RHI:     VendorId    : 10de
[2022.04.18-14.06.11:015][  0]LogD3D11RHI:     DeviceId    : 1b82
[2022.04.18-14.06.11:015][  0]LogD3D11RHI:     SubSysId    : c3041462
[2022.04.18-14.06.11:015][  0]LogD3D11RHI:     Revision    : 00a1
[2022.04.18-14.06.11:015][  0]LogD3D11RHI:     DedicatedVideoMemory : 8471445504 bytes
[2022.04.18-14.06.11:015][  0]LogD3D11RHI:     DedicatedSystemMemory : 0 bytes
[2022.04.18-14.06.11:015][  0]LogD3D11RHI:     SharedSystemMemory : 17141110784 bytes
[2022.04.18-14.06.11:015][  0]LogD3D11RHI:     AdapterLuid : 0 51828
[2022.04.18-14.06.11:021][  0]LogD3D11RHI: Creating new Direct3DDevice
[2022.04.18-14.06.11:021][  0]LogD3D11RHI:     GPU DeviceId: 0x1b82 (for the marketing name, search the web for "GPU Device Id")
[2022.04.18-14.06.11:021][  0]LogWindows: EnumDisplayDevices:
[2022.04.18-14.06.11:021][  0]LogWindows:    0. 'NVIDIA GeForce GTX 1070 Ti' (P:0 D:1)
[2022.04.18-14.06.11:021][  0]LogWindows:    1. 'NVIDIA GeForce GTX 1070 Ti' (P:1 D:1)
[2022.04.18-14.06.11:021][  0]LogWindows:    2. 'NVIDIA GeForce GTX 1070 Ti' (P:0 D:0)
[2022.04.18-14.06.11:022][  0]LogWindows:    3. 'NVIDIA GeForce GTX 1070 Ti' (P:0 D:0)
[2022.04.18-14.06.11:022][  0]LogWindows: DebugString: FoundDriverCount:4 
[2022.04.18-14.06.11:022][  0]LogD3D11RHI:     Adapter Name: NVIDIA GeForce GTX 1070 Ti
[2022.04.18-14.06.11:022][  0]LogD3D11RHI:   Driver Version: 472.12 (internal:30.0.14.7212, unified:472.12)
[2022.04.18-14.06.11:022][  0]LogD3D11RHI:      Driver Date: 9-13-2021
[2022.04.18-14.06.11:022][  0]LogRHI: Texture pool is 5655 MB (70% of 8079 MB)
[2022.04.18-14.06.11:022][  0]LogD3D11RHI: Creating D3DDevice using adapter:
[2022.04.18-14.06.11:022][  0]LogD3D11RHI:     Description : NVIDIA GeForce GTX 1070 Ti
[2022.04.18-14.06.11:022][  0]LogD3D11RHI:     VendorId    : 10de
[2022.04.18-14.06.11:022][  0]LogD3D11RHI:     DeviceId    : 1b82
[2022.04.18-14.06.11:022][  0]LogD3D11RHI:     SubSysId    : c3041462
[2022.04.18-14.06.11:022][  0]LogD3D11RHI:     Revision    : 00a1
[2022.04.18-14.06.11:022][  0]LogD3D11RHI:     DedicatedVideoMemory : 8471445504 bytes
[2022.04.18-14.06.11:022][  0]LogD3D11RHI:     DedicatedSystemMemory : 0 bytes
[2022.04.18-14.06.11:022][  0]LogD3D11RHI:     SharedSystemMemory : 17141110784 bytes
[2022.04.18-14.06.11:022][  0]LogD3D11RHI:     AdapterLuid : 0 51828
[2022.04.18-14.06.11:089][  0]LogD3D11RHI: RHI has support for 64 bit atomics
[2022.04.18-14.06.11:089][  0]LogD3D11RHI: Async texture creation enabled
[2022.04.18-14.06.11:089][  0]LogD3D11RHI: Array index from any shader is supported
[2022.04.18-14.06.11:108][  0]LogD3D11RHI: GPU Timing Frequency: 1000.000000 (Debug: 2 1)
[2022.04.18-14.06.11:155][  0]LogRHI: GeForceNow SDK initialized: 1
[2022.04.18-14.06.11:416][  0]LogTargetPlatformManager: Display: Loaded TargetPlatform 'AllDesktop'
[2022.04.18-14.06.11:432][  0]LogTargetPlatformManager: Display: Loaded TargetPlatform 'Android'
[2022.04.18-14.06.11:432][  0]LogTargetPlatformManager: Display: Loaded TargetPlatform 'Android_ASTC'
[2022.04.18-14.06.11:432][  0]LogTargetPlatformManager: Display: Loaded TargetPlatform 'Android_DXT'
[2022.04.18-14.06.11:432][  0]LogTargetPlatformManager: Display: Loaded TargetPlatform 'Android_ETC2'
[2022.04.18-14.06.11:432][  0]LogTargetPlatformManager: Display: Loaded TargetPlatform 'AndroidClient'
[2022.04.18-14.06.11:432][  0]LogTargetPlatformManager: Display: Loaded TargetPlatform 'Android_ASTCClient'
[2022.04.18-14.06.11:433][  0]LogTargetPlatformManager: Display: Loaded TargetPlatform 'Android_DXTClient'
[2022.04.18-14.06.11:433][  0]LogTargetPlatformManager: Display: Loaded TargetPlatform 'Android_ETC2Client'
[2022.04.18-14.06.11:433][  0]LogTargetPlatformManager: Display: Loaded TargetPlatform 'Android_Multi'
[2022.04.18-14.06.11:433][  0]LogTargetPlatformManager: Display: Loaded TargetPlatform 'Android_MultiClient'
[2022.04.18-14.06.11:447][  0]LogTargetPlatformManager: Display: Loaded TargetPlatform 'IOSClient'
[2022.04.18-14.06.11:447][  0]LogTargetPlatformManager: Display: Loaded TargetPlatform 'IOS'
[2022.04.18-14.06.11:454][  0]LogTargetPlatformManager: Display: Loaded TargetPlatform 'Linux'
[2022.04.18-14.06.11:457][  0]LogTargetPlatformManager: Display: Loaded TargetPlatform 'LinuxNoEditor'
[2022.04.18-14.06.11:461][  0]LogTargetPlatformManager: Display: Loaded TargetPlatform 'LinuxClient'
[2022.04.18-14.06.11:465][  0]LogTargetPlatformManager: Display: Loaded TargetPlatform 'LinuxServer'
[2022.04.18-14.06.11:471][  0]LogTargetPlatformManager: Display: Loaded TargetPlatform 'LinuxAArch64NoEditor'
[2022.04.18-14.06.11:475][  0]LogTargetPlatformManager: Display: Loaded TargetPlatform 'LinuxAArch64Client'
[2022.04.18-14.06.11:478][  0]LogTargetPlatformManager: Display: Loaded TargetPlatform 'LinuxAArch64Server'
[2022.04.18-14.06.11:496][  0]LogTargetPlatformManager: Display: Loaded TargetPlatform 'Lumin'
[2022.04.18-14.06.11:496][  0]LogTargetPlatformManager: Display: Loaded TargetPlatform 'LuminClient'
[2022.04.18-14.06.11:502][  0]LogTargetPlatformManager: Display: Loaded TargetPlatform 'MacNoEditor'
[2022.04.18-14.06.11:506][  0]LogTargetPlatformManager: Display: Loaded TargetPlatform 'Mac'
[2022.04.18-14.06.11:509][  0]LogTargetPlatformManager: Display: Loaded TargetPlatform 'MacClient'
[2022.04.18-14.06.11:513][  0]LogTargetPlatformManager: Display: Loaded TargetPlatform 'MacServer'
[2022.04.18-14.06.11:520][  0]LogTargetPlatformManager: Display: Loaded TargetPlatform 'TVOSClient'
[2022.04.18-14.06.11:520][  0]LogTargetPlatformManager: Display: Loaded TargetPlatform 'TVOS'
[2022.04.18-14.06.11:527][  0]LogTargetPlatformManager: Display: Loaded TargetPlatform 'WindowsNoEditor'
[2022.04.18-14.06.11:530][  0]LogTargetPlatformManager: Display: Loaded TargetPlatform 'Windows'
[2022.04.18-14.06.11:534][  0]LogTargetPlatformManager: Display: Loaded TargetPlatform 'WindowsClient'
[2022.04.18-14.06.11:537][  0]LogTargetPlatformManager: Display: Loaded TargetPlatform 'WindowsServer'
[2022.04.18-14.06.11:537][  0]LogTargetPlatformManager: Display: Building Assets For Windows
[2022.04.18-14.06.11:543][  0]LogAudioDebug: Display: Lib vorbis DLL was dynamically loaded.
[2022.04.18-14.06.11:567][  0]LogTextureFormatOodle: Display: Oodle Texture 2.9.0 init RDO Off
[2022.04.18-14.06.11:593][  0]LogRendererCore: Ray tracing is disabled. Reason: r.RayTracing=0.
[2022.04.18-14.06.11:593][  0]LogShaderCompilers: Guid format shader working directory is -11 characters bigger than the processId version (../../../../../Prueba Tecnica/PruebaTecnica/PruebaTecnica/Intermediate/Shaders/WorkingDirectory/6372/).
[2022.04.18-14.06.11:593][  0]LogShaderCompilers: Cleaned the shader compiler working directory 'C:/Users/Pablo/AppData/Local/Temp/UnrealShaderWorkingDir/B00C9C594D79E76AF77766BA1D3C6C72/'.
[2022.04.18-14.06.11:594][  0]LogXGEController: Cannot use XGE Controller as Incredibuild is not installed on this machine.
[2022.04.18-14.06.11:594][  0]LogShaderCompilers: Cannot use XGE Shader Compiler as Incredibuild is not installed on this machine.
[2022.04.18-14.06.11:594][  0]LogShaderCompilers: Display: Using Local Shader Compiler.
[2022.04.18-14.06.12:207][  0]LogDerivedDataCache: Display: Max Cache Size: 512 MB
[2022.04.18-14.06.12:254][  0]LogDerivedDataCache: Loaded boot cache 0.05s 99MB C:/Users/Pablo/AppData/Local/UnrealEngine/4.27/DerivedDataCache/Boot.ddc.
[2022.04.18-14.06.12:255][  0]LogDerivedDataCache: Display: Loaded Boot cache: C:/Users/Pablo/AppData/Local/UnrealEngine/4.27/DerivedDataCache/Boot.ddc
[2022.04.18-14.06.12:255][  0]LogDerivedDataCache: FDerivedDataBackendGraph:  Pak pak cache file ../../../../../Prueba Tecnica/PruebaTecnica/PruebaTecnica/DerivedDataCache/DDC.ddp not found, will not use a pak cache.
[2022.04.18-14.06.12:255][  0]LogDerivedDataCache: Unable to find inner node Pak for hierarchical cache Hierarchy.
[2022.04.18-14.06.12:255][  0]LogDerivedDataCache: FDerivedDataBackendGraph:  CompressedPak pak cache file ../../../../../Prueba Tecnica/PruebaTecnica/PruebaTecnica/DerivedDataCache/Compressed.ddp not found, will not use a pak cache.
[2022.04.18-14.06.12:255][  0]LogDerivedDataCache: Unable to find inner node CompressedPak for hierarchical cache Hierarchy.
[2022.04.18-14.06.12:268][  0]LogDerivedDataCache: Display: Pak cache opened for reading ../../../Engine/DerivedDataCache/Compressed.ddp.
[2022.04.18-14.06.12:268][  0]LogDerivedDataCache: FDerivedDataBackendGraph:  EnterprisePak pak cache file ../../../Enterprise/DerivedDataCache/Compressed.ddp not found, will not use a pak cache.
[2022.04.18-14.06.12:268][  0]LogDerivedDataCache: Unable to find inner node EnterprisePak for hierarchical cache Hierarchy.
[2022.04.18-14.06.12:277][  0]LogDerivedDataCache: Speed tests for C:/Users/Pablo/AppData/Local/UnrealEngine/Common/DerivedDataCache took 0.01 seconds
[2022.04.18-14.06.12:277][  0]LogDerivedDataCache: Display: Performance to C:/Users/Pablo/AppData/Local/UnrealEngine/Common/DerivedDataCache: Latency=0.03ms. RandomReadSpeed=939.65MBs, RandomWriteSpeed=116.49MBs. Assigned SpeedClass 'Local'
[2022.04.18-14.06.12:278][  0]LogDerivedDataCache: Using Local data cache path C:/Users/Pablo/AppData/Local/UnrealEngine/Common/DerivedDataCache: Writable
[2022.04.18-14.06.12:278][  0]LogDerivedDataCache: Shared data cache path not found in *engine.ini, will not use an Shared cache.
[2022.04.18-14.06.12:278][  0]LogDerivedDataCache: Unable to find inner node Shared for hierarchical cache Hierarchy.
[2022.04.18-14.06.12:317][  0]LogSlate: Using FreeType 2.10.0
[2022.04.18-14.06.12:317][  0]LogSlate: SlateFontServices - WITH_FREETYPE: 1, WITH_HARFBUZZ: 1
[2022.04.18-14.06.12:338][  0]LogAssetRegistry: FAssetRegistry took 0.0023 seconds to start up
[2022.04.18-14.06.12:525][  0]LogInit: Selected Device Profile: [Windows]
[2022.04.18-14.06.12:525][  0]LogInit: Active device profile: [00000254DBC1E800][00000254D8BC7880 49] Windows
[2022.04.18-14.06.12:525][  0]LogInit: Profiles: [00000254DBC1E800][00000254D8BC7880 49] Windows, [00000254DBC8EF00][00000254DC8D9A00 49] WindowsNoEditor, [00000254DBC1F600][00000254DC8DDB80 49] WindowsServer, [00000254DBC8DB00][00000254DC8E0180 49] WindowsClient, [00000254DBC1D300][00000254D8C08300 49] IOS, [00000254DBC8CF00][00000254D8C10480 49] iPadAir, [00000254DBC1D100][00000254D8C94600 49] iPadAir2, [00000254DBB96200][00000254D8C14840 49] IPadPro, [00000254DBB96300][00000254D8BCE880 49] iPadAir3, [00000254DBC1FB00][00000254D88869C0 49] iPadAir4, [00000254DBB96900][00000254DCA88B00 49] iPadMini2, [00000254DBC1FC00][00000254D8770C80 49] iPadMini3, [00000254DBB96A00][00000254D8774E00 49] iPadMini4, [00000254DBC1C500][00000254D8778F80 49] iPadMini5, [00000254DBBDDB00][00000254D877D240 49] iPhone6, [00000254DBBDDC00][00000254D882B280 49] iPodTouch6, [00000254DBB95A00][00000254D8785540 49] iPhone7, [00000254DBB95D00][00000254D8781580 49] iPodTouch7, [00000254DBBDE000][00000254D8789700 49] iPhone5S, [00000254DBB96100][00000254DCFB3880 49] iPhone6Plus, [00000254DBBDE100][00000254DCFC3A00 49] iPhone6S, [00000254DBB97F00][00000254DCFCBB80 49] iPhone6SPlus, [00000254DBBDEA00][00000254DCA8C180 49] iPhone7Plus, [00000254DBB95900][00000254DCA94300 49] iPhoneSE, [00000254DBBDFD00][00000254DCAA0480 49] iPhone8, [00000254DBB95100][00000254DCAA4600 49] iPhone8Plus, [00000254DBBDFE00][00000254DCAA8780 49] iPhoneX, [00000254DBB97000][00000254DCAAC900 49] iPhoneXS, [00000254DBBDD900][00000254D876CA40 49] iPhoneXSMax, [00000254DBB95B00][00000254DCCF4B80 49] iPhoneXR, [00000254DBBDF600][00000254DCCF8CC0 49] iPhone11, [00000254DBB96D00][00000254DCD00E40 49] iPhone11Pro, [00000254DBBDC600][00000254DCD04FC0 49] iPhone11ProMax, [00000254DBB94A00][00000254DCD09140 49] iPhoneSE2, [00000254DBBDE900][00000254DCD0D2C0 49] iPhone12Mini, [00000254DBB96700][00000254DCD11440 49] iPhone12, [00000254DBBDF900][00000254DCD155C0 49] iPhone12Pro, [00000254DBB96E00][00000254DCD2D740 49] iPhone12ProMax, [00000254DBBDC900][00000254DCD398C0 49] iPadPro105, [00000254DBB94D00][00000254DCD3DA40 49] iPadPro129, [00000254DBBDCD00][00000254DCD41BC0 49] iPadPro97, [00000254DBB97C00][00000254DCD441C0 49] iPadPro2_129, [00000254DBBDF300][00000254DCD4C340 49] iPad5, [00000254DBB94300][00000254DCD504C0 49] iPad6, [00000254DBBDE600][00000254DCD54640 49] iPad7, [00000254DBB94900][00000254DCD5C7C0 49] iPad8, [00000254DBBDF100][00000254DCA7A940 49] iPadPro11, [00000254DBC8C100][00000254DCA7EAC0 49] iPadPro2_11, [00000254DBE9D100][00000254DCCFCC00 49] iPadPro3_129, [00000254DBC8C600][00000254DCA82D40 49] iPadPro4_129, [00000254DBE9CD00][00000254D888AE80 49] AppleTV, [00000254DBC8E000][00000254DCD58FC0 49] AppleTV4K, [00000254DBE9D800][00000254D889B140 49] TVOS, [00000254DBC8E900][00000254D889F2C0 49] Mac, [00000254DBE9C600][00000254D88A3440 49] MacClient, [00000254DBBDD300][00000254D88A75C0 49] MacNoEditor, [00000254DBB97900][00000254DCA11740 49] MacServer, [00000254DBBDCB00][00000254DCA998C0 49] Linux, [00000254DBB94E00][00000254DCA91A40 49] LinuxAArch64, [00000254DBBDEB00][00000254DCFC7BC0 49] LinuxNoEditor, [00000254DBB94C00][00000254DCFBE1C0 49] LinuxAArch64NoEditor, [00000254DBBDF000][00000254DCFBA340 49] LinuxClient, [00000254DBB96F00][00000254DCFB64C0 49] LinuxAArch64Client, [00000254DBBDF500][00000254DC8E4640 49] LinuxServer, [00000254DBB95200][00000254D8C0C7C0 49] LinuxAArch64Server, [00000254DBBDD000][00000254D8C3C940 49] Android, [00000254DBB95F00][00000254D8C40AC0 49] Android_Low, [00000254DBBDDA00][00000254D8C44C40 49] Android_Mid, [00000254DBB96600][00000254DCD48D80 49] Android_High, [00000254DBBDD700][00000254D8C48EC0 49] Android_Default, [00000254DBB97300][00000254D8C4D000 49] Android_Adreno4xx, [00000254DBBDF700][00000254D8C51140 49] Android_Adreno5xx_Low, [00000254DBB94500][00000254D8C592C0 49] Android_Adreno5xx, [00000254DBBDFB00][00000254D8C5D440 49] Android_Adreno6xx, [00000254DBB94F00][00000254D8C615C0 49] Android_Adreno6xx_Vulkan, [00000254DBE9D200][00000254DCA15740 49] Android_Mali_T6xx, [00000254DBB95E00][00000254DCA198C0 49] Android_Mali_T7xx, [00000254DBE9CA00][00000254DCA1DA40 49] Android_Mali_T8xx, [00000254DBB94700][00000254DCA21BC0 49] Android_Mali_G71, [00000254DBE9DE00][00000254DCA241C0 49] Android_Mali_G72, [00000254DBB97B00][00000254DCA28340 49] Android_Mali_G72_Vulkan, [00000254DBE9CE00][00000254DCA2C4C0 49] Android_Mali_G76, [00000254DBB97100][00000254DCA30640 49] Android_Mali_G76_Vulkan, [00000254DBBDD800][00000254DCA347C0 49] Android_Mali_G77, [00000254DBB95000][00000254DCA38940 49] Android_Mali_G77_Vulkan, [00000254DBBDC100][00000254DCA3CAC0 49] Android_Mali_G78, [00000254DBB96B00][00000254DCA40C40 49] Android_Mali_G78_Vulkan, [00000254DBBDC700][00000254DCA44DC0 49] Android_Mali_G710, [00000254DBB95400][00000254DCA48F40 49] Android_Mali_G710_Vulkan, [00000254DBBDE300][00000254D8C55080 49] Android_Vulkan_SM5, [00000254DBB97A00][00000254D86FF1C0 49] Android_PowerVR_G6xxx, [00000254DBBDF400][00000254D8703300 49] Android_PowerVR_GT7xxx, [00000254DBB95600][00000254D870B480 49] Android_PowerVR_GE8xxx, [00000254DBBDD200][00000254D870F600 49] Android_PowerVR_GM9xxx, [00000254DBB97500][00000254D8713780 49] Android_PowerVR_GM9xxx_Vulkan, [00000254DBBDFC00][00000254D8717900 49] Android_TegraK1, [00000254DBC8DF00][00000254D871BA80 49] Android_Unknown_Vulkan, [00000254DBBDF800][00000254D871FC00 49] Lumin, [00000254DBC8D900][00000254D8722200 49] Lumin_Desktop, [00000254DBBDC500][00000254D8726380 49] HoloLens, 
[2022.04.18-14.06.12:637][  0]LogMeshReduction: Using QuadricMeshReduction for automatic static mesh reduction
[2022.04.18-14.06.12:637][  0]LogMeshReduction: Using SimplygonMeshReduction for automatic skeletal mesh reduction
[2022.04.18-14.06.12:637][  0]LogMeshReduction: Using ProxyLODMeshReduction for automatic mesh merging
[2022.04.18-14.06.12:637][  0]LogMeshReduction: No distributed automatic mesh merging module available
[2022.04.18-14.06.12:637][  0]LogMeshMerging: No distributed automatic mesh merging module available
[2022.04.18-14.06.12:650][  0]LogNetVersion: PruebaTecnica 1.0.0, NetCL: 17155196, EngineNetVer: 17, GameNetVer: 0 (Checksum: 2142848701)
[2022.04.18-14.06.12:964][  0]LogTexture: Default maximum texture size for cubemaps generated from long-lat sources has been changed from 512 to unlimited. In order to preserve old behaiour for '/Engine/MapTemplates/Sky/DaylightAmbientCubemap.DaylightAmbientCubemap', its maximum texture size has been explicitly set to 512.
[2022.04.18-14.06.13:009][  0]LogHMD: PokeAHoleMaterial loaded successfully
[2022.04.18-14.06.13:014][  0]LogUObjectArray: 17178 objects as part of root set at end of initial load.
[2022.04.18-14.06.13:014][  0]LogUObjectAllocator: 4302048 out of 0 bytes used by permanent object pool.
[2022.04.18-14.06.13:014][  0]LogUObjectArray: CloseDisregardForGC: 0/0 objects in disregard for GC pool
[2022.04.18-14.06.13:233][  0]LogNiagaraDebuggerClient: Niagara Debugger Client Initialized | Session: 8381B60C4983BB97E698F7BC6CF41B77 | Instance: BF543CED4611E8AE7A2471B7C53ECB1D (DESKTOP-PATULNA-6372).
[2022.04.18-14.06.13:261][  0]LogPython: Using Python 3.7.7
[2022.04.18-14.06.13:666][  0]LogTcpMessaging: Initializing TcpMessaging bridge
[2022.04.18-14.06.13:670][  0]LogUdpMessaging: Initializing bridge on interface 0.0.0.0:0 to multicast group 230.0.0.1:6666.
[2022.04.18-14.06.13:977][  0]SourceControl: Source control is disabled
[2022.04.18-14.06.13:977][  0]SourceControl: Source control is disabled
[2022.04.18-14.06.13:980][  0]SourceControl: Source control is disabled
[2022.04.18-14.06.13:982][  0]SourceControl: Source control is disabled
[2022.04.18-14.06.13:992][  0]SourceControl: Source control is disabled
[2022.04.18-14.06.13:997][  0]LogUProjectInfo: Found projects:
[2022.04.18-14.06.14:167][  0]LogOpenImageDenoise: OIDN starting up
[2022.04.18-14.06.14:193][  0]LogAndroidPermission: UAndroidPermissionCallbackProxy::GetInstance
[2022.04.18-14.06.14:211][  0]LogAudioCaptureCore: Display: No Audio Capture implementations found. Audio input will be silent.
[2022.04.18-14.06.14:211][  0]LogAudioCaptureCore: Display: No Audio Capture implementations found. Audio input will be silent.
[2022.04.18-14.06.14:301][  0]LogCollectionManager: Loaded 0 collections in 0.000572 seconds
[2022.04.18-14.06.14:319][  0]LogFileCache: Scanning file cache for directory 'E:/Prueba Tecnica/PruebaTecnica/PruebaTecnica/Saved/Collections/' took 0.00s
[2022.04.18-14.06.14:319][  0]LogFileCache: Scanning file cache for directory 'E:/Prueba Tecnica/PruebaTecnica/PruebaTecnica/Content/Developers/Pablo/Collections/' took 0.00s
[2022.04.18-14.06.14:319][  0]LogFileCache: Scanning file cache for directory 'E:/Prueba Tecnica/PruebaTecnica/PruebaTecnica/Content/Collections/' took 0.00s
[2022.04.18-14.06.14:319][  0]LogOcInput: OculusInput pre-init called
[2022.04.18-14.06.14:524][  0]LogEngine: Initializing Engine...
[2022.04.18-14.06.14:526][  0]LogHMD: Failed to enumerate extensions. Please check that you have a valid OpenXR runtime installed.
[2022.04.18-14.06.14:526][  0]LogHMD: Failed to initialize OpenVR with code 110
[2022.04.18-14.06.14:526][  0]LogMagicLeap: Warning: VR disabled because ZI is not enabled.  To enable, in the editor, Edit -> Project Settings -> Plugins -> Magic Leap Plugin -> Enable Zero Iteration
[2022.04.18-14.06.14:528][  0]LogStats: UGameplayTagsManager::InitializeManager -  0.000 s
[2022.04.18-14.06.14:620][  0]LogInit: Initializing FReadOnlyCVARCache
[2022.04.18-14.06.14:626][  0]LogAIModule: Creating AISystem for world Untitled
[2022.04.18-14.06.14:636][  0]LogAudio: Display: Initializing Audio Device Manager...
[2022.04.18-14.06.14:639][  0]LogAudio: Display: Loading Default Audio Settings Objects...
[2022.04.18-14.06.14:639][  0]LogAudio: Display: No default SoundConcurrencyObject specified (or failed to load).
[2022.04.18-14.06.14:639][  0]LogAudio: Display: Audio Device Manager Initialized
[2022.04.18-14.06.14:639][  0]LogAudio: Display: Creating Audio Device:                 Id: 1, Scope: Shared, Realtime: True
[2022.04.18-14.06.14:639][  0]LogAudioMixer: Display: Audio Mixer Platform Settings:
[2022.04.18-14.06.14:639][  0]LogAudioMixer: Display: 	Sample Rate:						  48000
[2022.04.18-14.06.14:639][  0]LogAudioMixer: Display: 	Callback Buffer Frame Size Requested: 1024
[2022.04.18-14.06.14:639][  0]LogAudioMixer: Display: 	Callback Buffer Frame Size To Use:	  1024
[2022.04.18-14.06.14:640][  0]LogAudioMixer: Display: 	Number of buffers to queue:			  2
[2022.04.18-14.06.14:640][  0]LogAudioMixer: Display: 	Max Channels (voices):				  32
[2022.04.18-14.06.14:640][  0]LogAudioMixer: Display: 	Number of Async Source Workers:		  0
[2022.04.18-14.06.14:640][  0]LogAudio: Display: AudioDevice MaxSources: 32
[2022.04.18-14.06.14:640][  0]LogAudio: Display: Audio Spatialization Plugin: None (built-in).
[2022.04.18-14.06.14:640][  0]LogAudio: Display: Audio Reverb Plugin: None (built-in).
[2022.04.18-14.06.14:640][  0]LogAudio: Display: Audio Occlusion Plugin: None (built-in).
[2022.04.18-14.06.14:640][  0]LogAudioMixer: Display: Initializing audio mixer.
[2022.04.18-14.06.14:652][  0]LogAudioMixer: Display: 0: FrontLeft
[2022.04.18-14.06.14:652][  0]LogAudioMixer: Display: 1: FrontRight
[2022.04.18-14.06.14:685][  0]LogAudioMixer: Display: Using Audio Device Altavoces (Realtek High Definition Audio)
[2022.04.18-14.06.14:687][  0]LogAudioMixer: Display: Initializing Sound Submixes...
[2022.04.18-14.06.14:689][  0]LogAudioMixer: Display: Creating Master Submix 'MasterSubmixDefault'
[2022.04.18-14.06.14:689][  0]LogAudioMixer: Display: Creating Master Submix 'MasterReverbSubmixDefault'
[2022.04.18-14.06.14:690][  0]LogAudioMixer: Display: Creating Master Submix 'MasterEQSubmixDefault'
[2022.04.18-14.06.14:690][  0]LogAudioMixer: FMixerPlatformXAudio2::StartAudioStream() called
[2022.04.18-14.06.14:690][  0]LogAudioMixer: Display: Output buffers initialized: Frames=1024, Channels=2, Samples=2048
[2022.04.18-14.06.14:691][  0]LogAudioMixer: Display: Starting AudioMixerPlatformInterface::RunInternal()
[2022.04.18-14.06.14:691][  0]LogAudioMixer: Display: FMixerPlatformXAudio2::SubmitBuffer() called for the first time
[2022.04.18-14.06.14:691][  0]LogInit: FAudioDevice initialized.
[2022.04.18-14.06.14:691][  0]LogAudio: Display: Audio Device (ID: 1) registered with world 'Untitled'.
[2022.04.18-14.06.14:691][  0]LogNetVersion: Set ProjectVersion to 1.0.0.0. Version Checksum will be recalculated on next use.
[2022.04.18-14.06.14:763][  0]LogDerivedDataCache: Saved boot cache 0.07s 99MB C:/Users/Pablo/AppData/Local/UnrealEngine/4.27/DerivedDataCache/Boot.ddc.
[2022.04.18-14.06.14:765][  0]LogInit: Texture streaming: Enabled
[2022.04.18-14.06.14:774][  0]LogAnalytics: Display: [UEEditor.Rocket.Release] APIServer = https://datarouter.ol.epicgames.com/. AppVersion = 4.27.2-18319896+++UE4+Release-4.27
[2022.04.18-14.06.14:779][  0]LogEngineSessionManager: EngineSessionManager initialized
[2022.04.18-14.06.14:779][  0]LogEditorSessionSummary: Verbose: Initializing EditorSessionSummaryWriter for editor session tracking
[2022.04.18-14.06.14:790][  0]LogEditorSessionSummary: EditorSessionSummaryWriter initialized
[2022.04.18-14.06.14:810][  0]LogInit: Transaction tracking system initialized
[2022.04.18-14.06.14:825][  0]BlueprintLog: New page: Editor Load
[2022.04.18-14.06.14:868][  0]LocalizationService: Localization service is disabled
[2022.04.18-14.06.14:886][  0]TimingProfiler: Initialize
[2022.04.18-14.06.14:886][  0]TimingProfiler: OnSessionChanged
[2022.04.18-14.06.14:886][  0]LoadingProfiler: Initialize
[2022.04.18-14.06.14:886][  0]LoadingProfiler: OnSessionChanged
[2022.04.18-14.06.14:886][  0]NetworkingProfiler: Initialize
[2022.04.18-14.06.14:886][  0]NetworkingProfiler: OnSessionChanged
[2022.04.18-14.06.14:886][  0]MemoryProfiler: Initialize
[2022.04.18-14.06.14:886][  0]MemoryProfiler: OnSessionChanged
[2022.04.18-14.06.14:988][  0]LogCook: Display: CookSettings for Memory: MemoryMaxUsedVirtual 0MiB, MemoryMaxUsedPhysical 16384MiB, MemoryMinFreeVirtual 0MiB, MemoryMinFreePhysical 1024MiB
[2022.04.18-14.06.14:989][  0]LogCook: Display: Mobile HDR setting 1
[2022.04.18-14.06.15:137][  0]LogFileCache: Scanning file cache for directory 'E:/Prueba Tecnica/PruebaTecnica/PruebaTecnica/Content/' took 0.00s
[2022.04.18-14.06.15:288][  0]LogInit: Display: Engine is initialized. Leaving FEngineLoop::Init()
[2022.04.18-14.06.15:294][  0]SourceControl: Source control is disabled
[2022.04.18-14.06.15:294][  0]LogUnrealEdMisc: Loading editor; pre map load, took 5.456
[2022.04.18-14.06.15:294][  0]Cmd: MAP LOAD FILE="../../../../../Prueba Tecnica/PruebaTecnica/PruebaTecnica/Content/FirstPersonCPP/Maps/FirstPersonExampleMap.umap" TEMPLATE=0 SHOWPROGRESS=1 FEATURELEVEL=3
[2022.04.18-14.06.15:295][  0]LightingResults: New page: Lighting Build
[2022.04.18-14.06.15:296][  0]LogWorld: UWorld::CleanupWorld for Untitled, bSessionEnded=true, bCleanupResources=true
[2022.04.18-14.06.15:296][  0]LogSlate: InvalidateAllWidgets triggered.  All widgets were invalidated
[2022.04.18-14.06.15:296][  0]MapCheck: New page: Map Check
[2022.04.18-14.06.15:296][  0]LightingResults: New page: Lighting Build
[2022.04.18-14.06.15:300][  0]LogAudio: Display: Audio Device unregistered from world 'None'.
[2022.04.18-14.06.15:302][  0]LogUObjectHash: Compacting FUObjectHashTables data took   0.66ms
[2022.04.18-14.06.15:388][  0]LogAudio: Display: Audio Device (ID: 1) registered with world 'FirstPersonExampleMap'.
[2022.04.18-14.06.15:389][  0]LogAIModule: Creating AISystem for world FirstPersonExampleMap
[2022.04.18-14.06.15:394][  0]LogEditorServer: Finished looking for orphan Actors (0.000 secs)
[2022.04.18-14.06.15:403][  0]LogUObjectHash: Compacting FUObjectHashTables data took   0.76ms
[2022.04.18-14.06.15:403][  0]Cmd: MAP CHECKDEP NOCLEARLOG
[2022.04.18-14.06.15:403][  0]MapCheck: Map check complete: 0 Error(s), 0 Warning(s), took 0.097ms to complete.
[2022.04.18-14.06.15:404][  0]LogFileHelpers: Loading map 'FirstPersonExampleMap' took 0.109
[2022.04.18-14.06.15:405][  0]LogUnrealEdMisc: Total Editor Startup Time, took 5.566
[2022.04.18-14.06.15:526][  0]LogSlate: Updating window title bar state: overlay mode, drag disabled, window buttons hidden, title bar hidden
[2022.04.18-14.06.15:532][  0]LogSlate: Updating window title bar state: overlay mode, drag disabled, window buttons hidden, title bar hidden
[2022.04.18-14.06.15:537][  0]LogSlate: Updating window title bar state: overlay mode, drag disabled, window buttons hidden, title bar hidden
[2022.04.18-14.06.15:542][  0]LogSlate: Updating window title bar state: overlay mode, drag disabled, window buttons hidden, title bar hidden
[2022.04.18-14.06.15:558][  0]LogNativeClassHierarchy: Verbose: Native class hierarchy populated in 0.0082 seconds. Added 3833 classes and 931 folders.
[2022.04.18-14.06.15:560][  0]LogNativeClassHierarchy: Verbose: Native class hierarchy updated for 'WidgetCarousel' in 0.0002 seconds. Added 0 classes and 0 folders.
[2022.04.18-14.06.15:561][  0]LogPakFile: PakFile PrimaryIndexSize=187
[2022.04.18-14.06.15:561][  0]LogPakFile: PakFile PathHashIndexSize=101
[2022.04.18-14.06.15:561][  0]LogPakFile: PakFile FullDirectoryIndexSize=148
[2022.04.18-14.06.15:561][  0]LogShaderLibrary: Display: ShaderCodeLibraryPakFileMountedCallback: PakFile 'E:/Unreal/UE_4.27/FeaturePacks/FP_FirstPerson.upack' (chunk index -1, root 'root:/') mounted
[2022.04.18-14.06.15:561][  0]LogShaderLibrary: Display: ShaderCodeLibraryPakFileMountedCallback: pending pak file info (ChunkID:-1 Root:root:/ File:E:/Unreal/UE_4.27/FeaturePacks/FP_FirstPerson.upack)
[2022.04.18-14.06.15:561][  0]LogPakFile: OnPakFileMounted2Time == 0.000058
[2022.04.18-14.06.15:561][  0]LogPakFile: PakFile PrimaryIndexSize=189
[2022.04.18-14.06.15:561][  0]LogPakFile: PakFile PathHashIndexSize=101
[2022.04.18-14.06.15:561][  0]LogPakFile: PakFile FullDirectoryIndexSize=152
[2022.04.18-14.06.15:561][  0]LogShaderLibrary: Display: ShaderCodeLibraryPakFileMountedCallback: PakFile 'E:/Unreal/UE_4.27/FeaturePacks/FP_FirstPersonBP.upack' (chunk index -1, root 'root:/') mounted
[2022.04.18-14.06.15:561][  0]LogShaderLibrary: Display: ShaderCodeLibraryPakFileMountedCallback: pending pak file info (ChunkID:-1 Root:root:/ File:E:/Unreal/UE_4.27/FeaturePacks/FP_FirstPersonBP.upack)
[2022.04.18-14.06.15:561][  0]LogPakFile: OnPakFileMounted2Time == 0.000046
[2022.04.18-14.06.15:562][  0]LogPakFile: PakFile PrimaryIndexSize=191
[2022.04.18-14.06.15:562][  0]LogPakFile: PakFile PathHashIndexSize=101
[2022.04.18-14.06.15:562][  0]LogPakFile: PakFile FullDirectoryIndexSize=160
[2022.04.18-14.06.15:562][  0]LogShaderLibrary: Display: ShaderCodeLibraryPakFileMountedCallback: PakFile 'E:/Unreal/UE_4.27/FeaturePacks/MobileStarterContent.upack' (chunk index -1, root 'root:/') mounted
[2022.04.18-14.06.15:562][  0]LogShaderLibrary: Display: ShaderCodeLibraryPakFileMountedCallback: pending pak file info (ChunkID:-1 Root:root:/ File:E:/Unreal/UE_4.27/FeaturePacks/MobileStarterContent.upack)
[2022.04.18-14.06.15:562][  0]LogPakFile: OnPakFileMounted2Time == 0.000090
[2022.04.18-14.06.15:562][  0]LogPakFile: PakFile PrimaryIndexSize=185
[2022.04.18-14.06.15:562][  0]LogPakFile: PakFile PathHashIndexSize=101
[2022.04.18-14.06.15:562][  0]LogPakFile: PakFile FullDirectoryIndexSize=148
[2022.04.18-14.06.15:563][  0]LogShaderLibrary: Display: ShaderCodeLibraryPakFileMountedCallback: PakFile 'E:/Unreal/UE_4.27/FeaturePacks/StarterContent.upack' (chunk index -1, root 'root:/') mounted
[2022.04.18-14.06.15:563][  0]LogShaderLibrary: Display: ShaderCodeLibraryPakFileMountedCallback: pending pak file info (ChunkID:-1 Root:root:/ File:E:/Unreal/UE_4.27/FeaturePacks/StarterContent.upack)
[2022.04.18-14.06.15:563][  0]LogPakFile: OnPakFileMounted2Time == 0.000045
[2022.04.18-14.06.15:563][  0]LogPakFile: PakFile PrimaryIndexSize=190
[2022.04.18-14.06.15:563][  0]LogPakFile: PakFile PathHashIndexSize=101
[2022.04.18-14.06.15:563][  0]LogPakFile: PakFile FullDirectoryIndexSize=154
[2022.04.18-14.06.15:563][  0]LogShaderLibrary: Display: ShaderCodeLibraryPakFileMountedCallback: PakFile 'E:/Unreal/UE_4.27/FeaturePacks/TP_2DSideScroller.upack' (chunk index -1, root 'root:/') mounted
[2022.04.18-14.06.15:563][  0]LogShaderLibrary: Display: ShaderCodeLibraryPakFileMountedCallback: pending pak file info (ChunkID:-1 Root:root:/ File:E:/Unreal/UE_4.27/FeaturePacks/TP_2DSideScroller.upack)
[2022.04.18-14.06.15:563][  0]LogPakFile: OnPakFileMounted2Time == 0.000040
[2022.04.18-14.06.15:563][  0]LogPakFile: PakFile PrimaryIndexSize=192
[2022.04.18-14.06.15:564][  0]LogPakFile: PakFile PathHashIndexSize=101
[2022.04.18-14.06.15:564][  0]LogPakFile: PakFile FullDirectoryIndexSize=158
[2022.04.18-14.06.15:564][  0]LogShaderLibrary: Display: ShaderCodeLibraryPakFileMountedCallback: PakFile 'E:/Unreal/UE_4.27/FeaturePacks/TP_2DSideScrollerBP.upack' (chunk index -1, root 'root:/') mounted
[2022.04.18-14.06.15:564][  0]LogShaderLibrary: Display: ShaderCodeLibraryPakFileMountedCallback: pending pak file info (ChunkID:-1 Root:root:/ File:E:/Unreal/UE_4.27/FeaturePacks/TP_2DSideScrollerBP.upack)
[2022.04.18-14.06.15:564][  0]LogPakFile: OnPakFileMounted2Time == 0.000039
[2022.04.18-14.06.15:564][  0]LogPakFile: PakFile PrimaryIndexSize=182
[2022.04.18-14.06.15:564][  0]LogPakFile: PakFile PathHashIndexSize=101
[2022.04.18-14.06.15:564][  0]LogPakFile: PakFile FullDirectoryIndexSize=138
[2022.04.18-14.06.15:564][  0]LogShaderLibrary: Display: ShaderCodeLibraryPakFileMountedCallback: PakFile 'E:/Unreal/UE_4.27/FeaturePacks/TP_Flying.upack' (chunk index -1, root 'root:/') mounted
[2022.04.18-14.06.15:564][  0]LogShaderLibrary: Display: ShaderCodeLibraryPakFileMountedCallback: pending pak file info (ChunkID:-1 Root:root:/ File:E:/Unreal/UE_4.27/FeaturePacks/TP_Flying.upack)
[2022.04.18-14.06.15:564][  0]LogPakFile: OnPakFileMounted2Time == 0.000039
[2022.04.18-14.06.15:564][  0]LogPakFile: PakFile PrimaryIndexSize=184
[2022.04.18-14.06.15:564][  0]LogPakFile: PakFile PathHashIndexSize=101
[2022.04.18-14.06.15:565][  0]LogPakFile: PakFile FullDirectoryIndexSize=142
[2022.04.18-14.06.15:565][  0]LogShaderLibrary: Display: ShaderCodeLibraryPakFileMountedCallback: PakFile 'E:/Unreal/UE_4.27/FeaturePacks/TP_FlyingBP.upack' (chunk index -1, root 'root:/') mounted
[2022.04.18-14.06.15:565][  0]LogShaderLibrary: Display: ShaderCodeLibraryPakFileMountedCallback: pending pak file info (ChunkID:-1 Root:root:/ File:E:/Unreal/UE_4.27/FeaturePacks/TP_FlyingBP.upack)
[2022.04.18-14.06.15:565][  0]LogPakFile: OnPakFileMounted2Time == 0.000090
[2022.04.18-14.06.15:565][  0]LogPakFile: PakFile PrimaryIndexSize=188
[2022.04.18-14.06.15:565][  0]LogPakFile: PakFile PathHashIndexSize=101
[2022.04.18-14.06.15:565][  0]LogPakFile: PakFile FullDirectoryIndexSize=150
[2022.04.18-14.06.15:565][  0]LogShaderLibrary: Display: ShaderCodeLibraryPakFileMountedCallback: PakFile 'E:/Unreal/UE_4.27/FeaturePacks/TP_HandheldARBP.upack' (chunk index -1, root 'root:/') mounted
[2022.04.18-14.06.15:565][  0]LogShaderLibrary: Display: ShaderCodeLibraryPakFileMountedCallback: pending pak file info (ChunkID:-1 Root:root:/ File:E:/Unreal/UE_4.27/FeaturePacks/TP_HandheldARBP.upack)
[2022.04.18-14.06.15:565][  0]LogPakFile: OnPakFileMounted2Time == 0.000041
[2022.04.18-14.06.15:566][  0]LogPakFile: PakFile PrimaryIndexSize=182
[2022.04.18-14.06.15:566][  0]LogPakFile: PakFile PathHashIndexSize=101
[2022.04.18-14.06.15:566][  0]LogPakFile: PakFile FullDirectoryIndexSize=138
[2022.04.18-14.06.15:566][  0]LogShaderLibrary: Display: ShaderCodeLibraryPakFileMountedCallback: PakFile 'E:/Unreal/UE_4.27/FeaturePacks/TP_Puzzle.upack' (chunk index -1, root 'root:/') mounted
[2022.04.18-14.06.15:566][  0]LogShaderLibrary: Display: ShaderCodeLibraryPakFileMountedCallback: pending pak file info (ChunkID:-1 Root:root:/ File:E:/Unreal/UE_4.27/FeaturePacks/TP_Puzzle.upack)
[2022.04.18-14.06.15:566][  0]LogPakFile: OnPakFileMounted2Time == 0.000043
[2022.04.18-14.06.15:566][  0]LogPakFile: PakFile PrimaryIndexSize=184
[2022.04.18-14.06.15:566][  0]LogPakFile: PakFile PathHashIndexSize=101
[2022.04.18-14.06.15:566][  0]LogPakFile: PakFile FullDirectoryIndexSize=142
[2022.04.18-14.06.15:566][  0]LogShaderLibrary: Display: ShaderCodeLibraryPakFileMountedCallback: PakFile 'E:/Unreal/UE_4.27/FeaturePacks/TP_PuzzleBP.upack' (chunk index -1, root 'root:/') mounted
[2022.04.18-14.06.15:566][  0]LogShaderLibrary: Display: ShaderCodeLibraryPakFileMountedCallback: pending pak file info (ChunkID:-1 Root:root:/ File:E:/Unreal/UE_4.27/FeaturePacks/TP_PuzzleBP.upack)
[2022.04.18-14.06.15:566][  0]LogPakFile: OnPakFileMounted2Time == 0.000041
[2022.04.18-14.06.15:567][  0]LogPakFile: PakFile PrimaryIndexSize=183
[2022.04.18-14.06.15:567][  0]LogPakFile: PakFile PathHashIndexSize=101
[2022.04.18-14.06.15:567][  0]LogPakFile: PakFile FullDirectoryIndexSize=140
[2022.04.18-14.06.15:567][  0]LogShaderLibrary: Display: ShaderCodeLibraryPakFileMountedCallback: PakFile 'E:/Unreal/UE_4.27/FeaturePacks/TP_Rolling.upack' (chunk index -1, root 'root:/') mounted
[2022.04.18-14.06.15:567][  0]LogShaderLibrary: Display: ShaderCodeLibraryPakFileMountedCallback: pending pak file info (ChunkID:-1 Root:root:/ File:E:/Unreal/UE_4.27/FeaturePacks/TP_Rolling.upack)
[2022.04.18-14.06.15:567][  0]LogPakFile: OnPakFileMounted2Time == 0.000045
[2022.04.18-14.06.15:567][  0]LogPakFile: PakFile PrimaryIndexSize=185
[2022.04.18-14.06.15:567][  0]LogPakFile: PakFile PathHashIndexSize=101
[2022.04.18-14.06.15:567][  0]LogPakFile: PakFile FullDirectoryIndexSize=144
[2022.04.18-14.06.15:567][  0]LogShaderLibrary: Display: ShaderCodeLibraryPakFileMountedCallback: PakFile 'E:/Unreal/UE_4.27/FeaturePacks/TP_RollingBP.upack' (chunk index -1, root 'root:/') mounted
[2022.04.18-14.06.15:567][  0]LogShaderLibrary: Display: ShaderCodeLibraryPakFileMountedCallback: pending pak file info (ChunkID:-1 Root:root:/ File:E:/Unreal/UE_4.27/FeaturePacks/TP_RollingBP.upack)
[2022.04.18-14.06.15:567][  0]LogPakFile: OnPakFileMounted2Time == 0.000040
[2022.04.18-14.06.15:568][  0]LogPakFile: PakFile PrimaryIndexSize=188
[2022.04.18-14.06.15:568][  0]LogPakFile: PakFile PathHashIndexSize=101
[2022.04.18-14.06.15:568][  0]LogPakFile: PakFile FullDirectoryIndexSize=150
[2022.04.18-14.06.15:568][  0]LogShaderLibrary: Display: ShaderCodeLibraryPakFileMountedCallback: PakFile 'E:/Unreal/UE_4.27/FeaturePacks/TP_SideScroller.upack' (chunk index -1, root 'root:/') mounted
[2022.04.18-14.06.15:568][  0]LogShaderLibrary: Display: ShaderCodeLibraryPakFileMountedCallback: pending pak file info (ChunkID:-1 Root:root:/ File:E:/Unreal/UE_4.27/FeaturePacks/TP_SideScroller.upack)
[2022.04.18-14.06.15:568][  0]LogPakFile: OnPakFileMounted2Time == 0.000039
[2022.04.18-14.06.15:569][  0]LogPakFile: PakFile PrimaryIndexSize=190
[2022.04.18-14.06.15:569][  0]LogPakFile: PakFile PathHashIndexSize=101
[2022.04.18-14.06.15:569][  0]LogPakFile: PakFile FullDirectoryIndexSize=154
[2022.04.18-14.06.15:569][  0]LogShaderLibrary: Display: ShaderCodeLibraryPakFileMountedCallback: PakFile 'E:/Unreal/UE_4.27/FeaturePacks/TP_SideScrollerBP.upack' (chunk index -1, root 'root:/') mounted
[2022.04.18-14.06.15:569][  0]LogShaderLibrary: Display: ShaderCodeLibraryPakFileMountedCallback: pending pak file info (ChunkID:-1 Root:root:/ File:E:/Unreal/UE_4.27/FeaturePacks/TP_SideScrollerBP.upack)
[2022.04.18-14.06.15:569][  0]LogPakFile: OnPakFileMounted2Time == 0.000040
[2022.04.18-14.06.15:569][  0]LogPakFile: PakFile PrimaryIndexSize=187
[2022.04.18-14.06.15:569][  0]LogPakFile: PakFile PathHashIndexSize=101
[2022.04.18-14.06.15:569][  0]LogPakFile: PakFile FullDirectoryIndexSize=148
[2022.04.18-14.06.15:569][  0]LogShaderLibrary: Display: ShaderCodeLibraryPakFileMountedCallback: PakFile 'E:/Unreal/UE_4.27/FeaturePacks/TP_ThirdPerson.upack' (chunk index -1, root 'root:/') mounted
[2022.04.18-14.06.15:569][  0]LogShaderLibrary: Display: ShaderCodeLibraryPakFileMountedCallback: pending pak file info (ChunkID:-1 Root:root:/ File:E:/Unreal/UE_4.27/FeaturePacks/TP_ThirdPerson.upack)
[2022.04.18-14.06.15:569][  0]LogPakFile: OnPakFileMounted2Time == 0.000039
[2022.04.18-14.06.15:570][  0]LogPakFile: PakFile PrimaryIndexSize=189
[2022.04.18-14.06.15:570][  0]LogPakFile: PakFile PathHashIndexSize=101
[2022.04.18-14.06.15:570][  0]LogPakFile: PakFile FullDirectoryIndexSize=152
[2022.04.18-14.06.15:570][  0]LogShaderLibrary: Display: ShaderCodeLibraryPakFileMountedCallback: PakFile 'E:/Unreal/UE_4.27/FeaturePacks/TP_ThirdPersonBP.upack' (chunk index -1, root 'root:/') mounted
[2022.04.18-14.06.15:570][  0]LogShaderLibrary: Display: ShaderCodeLibraryPakFileMountedCallback: pending pak file info (ChunkID:-1 Root:root:/ File:E:/Unreal/UE_4.27/FeaturePacks/TP_ThirdPersonBP.upack)
[2022.04.18-14.06.15:570][  0]LogPakFile: OnPakFileMounted2Time == 0.000096
[2022.04.18-14.06.15:571][  0]LogPakFile: PakFile PrimaryIndexSize=183
[2022.04.18-14.06.15:571][  0]LogPakFile: PakFile PathHashIndexSize=101
[2022.04.18-14.06.15:571][  0]LogPakFile: PakFile FullDirectoryIndexSize=140
[2022.04.18-14.06.15:571][  0]LogShaderLibrary: Display: ShaderCodeLibraryPakFileMountedCallback: PakFile 'E:/Unreal/UE_4.27/FeaturePacks/TP_TopDown.upack' (chunk index -1, root 'root:/') mounted
[2022.04.18-14.06.15:571][  0]LogShaderLibrary: Display: ShaderCodeLibraryPakFileMountedCallback: pending pak file info (ChunkID:-1 Root:root:/ File:E:/Unreal/UE_4.27/FeaturePacks/TP_TopDown.upack)
[2022.04.18-14.06.15:571][  0]LogPakFile: OnPakFileMounted2Time == 0.000103
[2022.04.18-14.06.15:572][  0]LogPakFile: PakFile PrimaryIndexSize=185
[2022.04.18-14.06.15:572][  0]LogPakFile: PakFile PathHashIndexSize=101
[2022.04.18-14.06.15:572][  0]LogPakFile: PakFile FullDirectoryIndexSize=144
[2022.04.18-14.06.15:572][  0]LogShaderLibrary: Display: ShaderCodeLibraryPakFileMountedCallback: PakFile 'E:/Unreal/UE_4.27/FeaturePacks/TP_TopDownBP.upack' (chunk index -1, root 'root:/') mounted
[2022.04.18-14.06.15:572][  0]LogShaderLibrary: Display: ShaderCodeLibraryPakFileMountedCallback: pending pak file info (ChunkID:-1 Root:root:/ File:E:/Unreal/UE_4.27/FeaturePacks/TP_TopDownBP.upack)
[2022.04.18-14.06.15:572][  0]LogPakFile: OnPakFileMounted2Time == 0.000068
[2022.04.18-14.06.15:573][  0]LogPakFile: PakFile PrimaryIndexSize=185
[2022.04.18-14.06.15:573][  0]LogPakFile: PakFile PathHashIndexSize=101
[2022.04.18-14.06.15:573][  0]LogPakFile: PakFile FullDirectoryIndexSize=144
[2022.04.18-14.06.15:573][  0]LogShaderLibrary: Display: ShaderCodeLibraryPakFileMountedCallback: PakFile 'E:/Unreal/UE_4.27/FeaturePacks/TP_TwinStick.upack' (chunk index -1, root 'root:/') mounted
[2022.04.18-14.06.15:573][  0]LogShaderLibrary: Display: ShaderCodeLibraryPakFileMountedCallback: pending pak file info (ChunkID:-1 Root:root:/ File:E:/Unreal/UE_4.27/FeaturePacks/TP_TwinStick.upack)
[2022.04.18-14.06.15:573][  0]LogPakFile: OnPakFileMounted2Time == 0.000088
[2022.04.18-14.06.15:573][  0]LogPakFile: PakFile PrimaryIndexSize=187
[2022.04.18-14.06.15:573][  0]LogPakFile: PakFile PathHashIndexSize=101
[2022.04.18-14.06.15:573][  0]LogPakFile: PakFile FullDirectoryIndexSize=148
[2022.04.18-14.06.15:573][  0]LogShaderLibrary: Display: ShaderCodeLibraryPakFileMountedCallback: PakFile 'E:/Unreal/UE_4.27/FeaturePacks/TP_TwinStickBP.upack' (chunk index -1, root 'root:/') mounted
[2022.04.18-14.06.15:574][  0]LogShaderLibrary: Display: ShaderCodeLibraryPakFileMountedCallback: pending pak file info (ChunkID:-1 Root:root:/ File:E:/Unreal/UE_4.27/FeaturePacks/TP_TwinStickBP.upack)
[2022.04.18-14.06.15:574][  0]LogPakFile: OnPakFileMounted2Time == 0.000080
[2022.04.18-14.06.15:574][  0]LogPakFile: PakFile PrimaryIndexSize=183
[2022.04.18-14.06.15:574][  0]LogPakFile: PakFile PathHashIndexSize=101
[2022.04.18-14.06.15:574][  0]LogPakFile: PakFile FullDirectoryIndexSize=140
[2022.04.18-14.06.15:574][  0]LogShaderLibrary: Display: ShaderCodeLibraryPakFileMountedCallback: PakFile 'E:/Unreal/UE_4.27/FeaturePacks/TP_Vehicle.upack' (chunk index -1, root 'root:/') mounted
[2022.04.18-14.06.15:574][  0]LogShaderLibrary: Display: ShaderCodeLibraryPakFileMountedCallback: pending pak file info (ChunkID:-1 Root:root:/ File:E:/Unreal/UE_4.27/FeaturePacks/TP_Vehicle.upack)
[2022.04.18-14.06.15:574][  0]LogPakFile: OnPakFileMounted2Time == 0.000042
[2022.04.18-14.06.15:575][  0]LogPakFile: PakFile PrimaryIndexSize=186
[2022.04.18-14.06.15:575][  0]LogPakFile: PakFile PathHashIndexSize=101
[2022.04.18-14.06.15:575][  0]LogPakFile: PakFile FullDirectoryIndexSize=146
[2022.04.18-14.06.15:575][  0]LogShaderLibrary: Display: ShaderCodeLibraryPakFileMountedCallback: PakFile 'E:/Unreal/UE_4.27/FeaturePacks/TP_VehicleAdv.upack' (chunk index -1, root 'root:/') mounted
[2022.04.18-14.06.15:575][  0]LogShaderLibrary: Display: ShaderCodeLibraryPakFileMountedCallback: pending pak file info (ChunkID:-1 Root:root:/ File:E:/Unreal/UE_4.27/FeaturePacks/TP_VehicleAdv.upack)
[2022.04.18-14.06.15:575][  0]LogPakFile: OnPakFileMounted2Time == 0.000089
[2022.04.18-14.06.15:576][  0]LogPakFile: PakFile PrimaryIndexSize=188
[2022.04.18-14.06.15:576][  0]LogPakFile: PakFile PathHashIndexSize=101
[2022.04.18-14.06.15:576][  0]LogPakFile: PakFile FullDirectoryIndexSize=150
[2022.04.18-14.06.15:576][  0]LogShaderLibrary: Display: ShaderCodeLibraryPakFileMountedCallback: PakFile 'E:/Unreal/UE_4.27/FeaturePacks/TP_VehicleAdvBP.upack' (chunk index -1, root 'root:/') mounted
[2022.04.18-14.06.15:576][  0]LogShaderLibrary: Display: ShaderCodeLibraryPakFileMountedCallback: pending pak file info (ChunkID:-1 Root:root:/ File:E:/Unreal/UE_4.27/FeaturePacks/TP_VehicleAdvBP.upack)
[2022.04.18-14.06.15:576][  0]LogPakFile: OnPakFileMounted2Time == 0.000042
[2022.04.18-14.06.15:576][  0]LogPakFile: PakFile PrimaryIndexSize=185
[2022.04.18-14.06.15:576][  0]LogPakFile: PakFile PathHashIndexSize=101
[2022.04.18-14.06.15:576][  0]LogPakFile: PakFile FullDirectoryIndexSize=144
[2022.04.18-14.06.15:576][  0]LogShaderLibrary: Display: ShaderCodeLibraryPakFileMountedCallback: PakFile 'E:/Unreal/UE_4.27/FeaturePacks/TP_VehicleBP.upack' (chunk index -1, root 'root:/') mounted
[2022.04.18-14.06.15:576][  0]LogShaderLibrary: Display: ShaderCodeLibraryPakFileMountedCallback: pending pak file info (ChunkID:-1 Root:root:/ File:E:/Unreal/UE_4.27/FeaturePacks/TP_VehicleBP.upack)
[2022.04.18-14.06.15:576][  0]LogPakFile: OnPakFileMounted2Time == 0.000039
[2022.04.18-14.06.15:577][  0]LogPakFile: PakFile PrimaryIndexSize=192
[2022.04.18-14.06.15:577][  0]LogPakFile: PakFile PathHashIndexSize=101
[2022.04.18-14.06.15:577][  0]LogPakFile: PakFile FullDirectoryIndexSize=158
[2022.04.18-14.06.15:577][  0]LogShaderLibrary: Display: ShaderCodeLibraryPakFileMountedCallback: PakFile 'E:/Unreal/UE_4.27/FeaturePacks/TP_VirtualRealityBP.upack' (chunk index -1, root 'root:/') mounted
[2022.04.18-14.06.15:577][  0]LogShaderLibrary: Display: ShaderCodeLibraryPakFileMountedCallback: pending pak file info (ChunkID:-1 Root:root:/ File:E:/Unreal/UE_4.27/FeaturePacks/TP_VirtualRealityBP.upack)
[2022.04.18-14.06.15:577][  0]LogPakFile: OnPakFileMounted2Time == 0.000042
[2022.04.18-14.06.15:609][  0]LogNativeClassHierarchy: Verbose: Native class hierarchy updated for 'AddContentDialog' in 0.0002 seconds. Added 0 classes and 0 folders.
[2022.04.18-14.06.15:613][  0]LogNativeClassHierarchy: Verbose: Native class hierarchy updated for 'SceneOutliner' in 0.0002 seconds. Added 2 classes and 0 folders.
[2022.04.18-14.06.15:712][  0]LogSlate: Took 0.000119 seconds to synchronously load lazily loaded font '../../../Engine/Content/Slate/Fonts/Roboto-Regular.ttf' (155K)
[2022.04.18-14.06.15:713][  0]LogSlate: Took 0.000091 seconds to synchronously load lazily loaded font '../../../Engine/Content/Editor/Slate/Fonts/FontAwesome.ttf' (139K)
[2022.04.18-14.06.15:713][  0]LogSlate: Took 0.000084 seconds to synchronously load lazily loaded font '../../../Engine/Content/Slate/Fonts/Roboto-Bold.ttf' (160K)
[2022.04.18-14.06.15:788][  0]LogRenderer: Reallocating scene render targets to support 1124x524 Format 10 NumSamples 1 (Frame:1).
[2022.04.18-14.06.15:826][  0]LogSlate: Took 0.000114 seconds to synchronously load lazily loaded font '../../../Engine/Content/Slate/Fonts/Roboto-Light.ttf' (167K)
[2022.04.18-14.06.15:881][  0]LogNativeClassHierarchy: Verbose: Native class hierarchy updated for 'HierarchicalLODOutliner' in 0.0002 seconds. Added 0 classes and 0 folders.
[2022.04.18-14.06.15:881][  0]LogLoad: (Engine Initialization) Total time: 6.04 seconds
[2022.04.18-14.06.15:881][  0]LogLoad: (Engine Initialization) Total Blueprint compile time: 0.00 seconds
[2022.04.18-14.06.15:916][  0]LogAssetRegistry: Asset discovery search completed in 3.5799 seconds
[2022.04.18-14.06.15:920][  0]LogCollectionManager: Fixed up redirectors for 0 collections in 0.000003 seconds (updated 0 objects)
[2022.04.18-14.06.15:921][  0]LogContentStreaming: Texture pool size now 1000 MB
[2022.04.18-14.06.17:218][140]LogTemp: Repeating last play command: Selected Viewport
[2022.04.18-14.06.17:226][140]LogPlayLevel: PlayLevel: No blueprints needed recompiling
[2022.04.18-14.06.17:226][140]PIE: New page: PIE session: FirstPersonExampleMap (Apr 18, 2022, 8:06:17 AM)
[2022.04.18-14.06.17:227][140]LogOnline: OSS: Creating online subsystem instance for: NULL
[2022.04.18-14.06.17:228][140]LogOnline: OSS: TryLoadSubsystemAndSetDefault: Loaded subsystem for module [NULL]
[2022.04.18-14.06.17:228][140]LogPlayLevel: Creating play world package: /Game/FirstPersonCPP/Maps/UEDPIE_0_FirstPersonExampleMap
[2022.04.18-14.06.17:239][140]LogPlayLevel: PIE: StaticDuplicateObject took: (0.010804s)
[2022.04.18-14.06.17:240][140]LogAIModule: Creating AISystem for world FirstPersonExampleMap
[2022.04.18-14.06.17:240][140]LogPlayLevel: PIE: World Init took: (0.000849s)
[2022.04.18-14.06.17:240][140]LogPlayLevel: PIE: Created PIE world by copying editor world from /Game/FirstPersonCPP/Maps/FirstPersonExampleMap.FirstPersonExampleMap to /Game/FirstPersonCPP/Maps/UEDPIE_0_FirstPersonExampleMap.FirstPersonExampleMap (0.011858s)
[2022.04.18-14.06.17:245][140]LogUObjectHash: Compacting FUObjectHashTables data took   0.52ms
[2022.04.18-14.06.17:246][140]LogAudio: Display: Creating Audio Device:                 Id: 2, Scope: Unique, Realtime: True
[2022.04.18-14.06.17:246][140]LogAudioMixer: Display: Audio Mixer Platform Settings:
[2022.04.18-14.06.17:246][140]LogAudioMixer: Display: 	Sample Rate:						  48000
[2022.04.18-14.06.17:246][140]LogAudioMixer: Display: 	Callback Buffer Frame Size Requested: 1024
[2022.04.18-14.06.17:246][140]LogAudioMixer: Display: 	Callback Buffer Frame Size To Use:	  1024
[2022.04.18-14.06.17:246][140]LogAudioMixer: Display: 	Number of buffers to queue:			  2
[2022.04.18-14.06.17:246][140]LogAudioMixer: Display: 	Max Channels (voices):				  32
[2022.04.18-14.06.17:246][140]LogAudioMixer: Display: 	Number of Async Source Workers:		  0
[2022.04.18-14.06.17:246][140]LogAudio: Display: AudioDevice MaxSources: 32
[2022.04.18-14.06.17:246][140]LogAudio: Display: Audio Spatialization Plugin: None (built-in).
[2022.04.18-14.06.17:246][140]LogAudio: Display: Audio Reverb Plugin: None (built-in).
[2022.04.18-14.06.17:246][140]LogAudio: Display: Audio Occlusion Plugin: None (built-in).
[2022.04.18-14.06.17:246][140]LogAudioMixer: Display: Initializing audio mixer.
[2022.04.18-14.06.17:251][140]LogAudioMixer: Display: 0: FrontLeft
[2022.04.18-14.06.17:251][140]LogAudioMixer: Display: 1: FrontRight
[2022.04.18-14.06.17:256][140]LogAudioMixer: Display: Using Audio Device Altavoces (Realtek High Definition Audio)
[2022.04.18-14.06.17:256][140]LogAudioMixer: Display: Initializing Sound Submixes...
[2022.04.18-14.06.17:256][140]LogAudioMixer: Display: Creating Master Submix 'MasterSubmixDefault'
[2022.04.18-14.06.17:257][140]LogAudioMixer: Display: Creating Master Submix 'MasterReverbSubmixDefault'
[2022.04.18-14.06.17:257][140]LogAudioMixer: Display: Creating Master Submix 'MasterEQSubmixDefault'
[2022.04.18-14.06.17:257][140]LogAudioMixer: FMixerPlatformXAudio2::StartAudioStream() called
[2022.04.18-14.06.17:257][140]LogAudioMixer: Display: Output buffers initialized: Frames=1024, Channels=2, Samples=2048
[2022.04.18-14.06.17:258][140]LogAudioMixer: Display: Starting AudioMixerPlatformInterface::RunInternal()
[2022.04.18-14.06.17:258][140]LogAudioMixer: Display: FMixerPlatformXAudio2::SubmitBuffer() called for the first time
[2022.04.18-14.06.17:258][140]LogInit: FAudioDevice initialized.
[2022.04.18-14.06.17:258][140]LogAudio: Display: Audio Device (ID: 2) registered with world 'FirstPersonExampleMap'.
[2022.04.18-14.06.17:285][140]LogLoad: Game class is 'BP_GameMode_C'
[2022.04.18-14.06.17:287][140]LogWorld: Bringing World /Game/FirstPersonCPP/Maps/UEDPIE_0_FirstPersonExampleMap.FirstPersonExampleMap up for play (max tick rate 0) at 2022.04.18-11.06.17
[2022.04.18-14.06.17:288][140]LogWorld: Bringing up level for play took: 0.001958
[2022.04.18-14.06.17:288][140]LogOnline: OSS: Creating online subsystem instance for: :Context_1
[2022.04.18-14.06.17:291][140]LogNativeClassHierarchy: Verbose: Native class hierarchy updated for 'MovieSceneCapture' in 0.0003 seconds. Added 20 classes and 0 folders.
[2022.04.18-14.06.17:291][140]LogOutputDevice: Warning: 

Script Stack (0 frames):

[2022.04.18-14.06.17:345][140]LogStats: FPlatformStackWalk::StackWalkAndDump -  0.054 s
[2022.04.18-14.06.17:345][140]LogOutputDevice: Error: === Handled ensure: ===
[2022.04.18-14.06.17:345][140]LogOutputDevice: Error: 
[2022.04.18-14.06.17:345][140]LogOutputDevice: Error: Ensure condition failed: this->IsBound() [File:E:\Unreal\UE_4.27\Engine\Source\Runtime\Core\Public\Delegates/DelegateSignatureImpl.inl] [Line: 1028]
[2022.04.18-14.06.17:345][140]LogOutputDevice: Error: Unable to bind delegate to 'OnOverlapBegin' (function might not be marked as a UFUNCTION or object may be pending kill)
[2022.04.18-14.06.17:345][140]LogOutputDevice: Error: Stack: 
[2022.04.18-14.06.17:345][140]LogOutputDevice: Error: [Callstack] 0x00007fff8c2454a8 UE4Editor-PruebaTecnica.dll!DispatchCheckVerify<bool,<lambda_da26843666f3776819781e265ee9e814> >() [E:\Unreal\UE_4.27\Engine\Source\Runtime\Core\Public\Misc\AssertionMacros.h:164]
[2022.04.18-14.06.17:345][140]LogOutputDevice: Error: [Callstack] 0x00007fff8c23678d UE4Editor-PruebaTecnica.dll!ALevelEnd::BeginPlay() [E:\Prueba Tecnica\PruebaTecnica\PruebaTecnica\Source\PruebaTecnica\Private\LevelEnd.cpp:27]
[2022.04.18-14.06.17:345][140]LogOutputDevice: Error: [Callstack] 0x00007fffa1a40c1f UE4Editor-Engine.dll!UnknownFunction []
[2022.04.18-14.06.17:345][140]LogOutputDevice: Error: [Callstack] 0x00007fffa2e4ba95 UE4Editor-Engine.dll!UnknownFunction []
[2022.04.18-14.06.17:345][140]LogOutputDevice: Error: [Callstack] 0x00007fffa218ca31 UE4Editor-Engine.dll!UnknownFunction []
[2022.04.18-14.06.17:345][140]LogOutputDevice: Error: [Callstack] 0x00007fffa2defb3e UE4Editor-Engine.dll!UnknownFunction []
[2022.04.18-14.06.17:345][140]LogOutputDevice: Error: [Callstack] 0x00007fffa21aeb09 UE4Editor-Engine.dll!UnknownFunction []
[2022.04.18-14.06.17:345][140]LogOutputDevice: Error: [Callstack] 0x00007fffa66c2c45 UE4Editor-UnrealEd.dll!UnknownFunction []
[2022.04.18-14.06.17:346][140]LogOutputDevice: Error: [Callstack] 0x00007fffa66e622f UE4Editor-UnrealEd.dll!UnknownFunction []
[2022.04.18-14.06.17:346][140]LogOutputDevice: Error: [Callstack] 0x00007fffa66c397d UE4Editor-UnrealEd.dll!UnknownFunction []
[2022.04.18-14.06.17:346][140]LogOutputDevice: Error: [Callstack] 0x00007fffa6703772 UE4Editor-UnrealEd.dll!UnknownFunction []
[2022.04.18-14.06.17:346][140]LogOutputDevice: Error: [Callstack] 0x00007fffa6706d31 UE4Editor-UnrealEd.dll!UnknownFunction []
[2022.04.18-14.06.17:346][140]LogOutputDevice: Error: [Callstack] 0x00007fffa67065f8 UE4Editor-UnrealEd.dll!UnknownFunction []
[2022.04.18-14.06.17:346][140]LogOutputDevice: Error: [Callstack] 0x00007fffa6160c8c UE4Editor-UnrealEd.dll!UnknownFunction []
[2022.04.18-14.06.17:346][140]LogOutputDevice: Error: [Callstack] 0x00007fffa6a62ba6 UE4Editor-UnrealEd.dll!UnknownFunction []
[2022.04.18-14.06.17:346][140]LogOutputDevice: Error: [Callstack] 0x00007ff650c987a0 UE4Editor.exe!UnknownFunction []
[2022.04.18-14.06.17:346][140]LogOutputDevice: Error: [Callstack] 0x00007ff650cb0fcc UE4Editor.exe!UnknownFunction []
[2022.04.18-14.06.17:346][140]LogOutputDevice: Error: [Callstack] 0x00007ff650cb10ba UE4Editor.exe!UnknownFunction []
[2022.04.18-14.06.17:346][140]LogOutputDevice: Error: [Callstack] 0x00007ff650cb40dd UE4Editor.exe!UnknownFunction []
[2022.04.18-14.06.17:346][140]LogOutputDevice: Error: [Callstack] 0x00007ff650cc5984 UE4Editor.exe!UnknownFunction []
[2022.04.18-14.06.17:346][140]LogOutputDevice: Error: [Callstack] 0x00007ff650cc853a UE4Editor.exe!UnknownFunction []
[2022.04.18-14.06.17:346][140]LogOutputDevice: Error: [Callstack] 0x00007ff8361c7034 KERNEL32.DLL!UnknownFunction []
[2022.04.18-14.06.17:346][140]LogOutputDevice: Error: [Callstack] 0x00007ff8370e2651 ntdll.dll!UnknownFunction []
[2022.04.18-14.06.17:346][140]LogOutputDevice: Error: 
[2022.04.18-14.06.17:356][140]LogStats:                SubmitErrorReport -  0.000 s
[2022.04.18-14.06.18:843][140]LogStats:                    SendNewReport -  1.486 s
[2022.04.18-14.06.18:843][140]LogStats:             FDebug::EnsureFailed -  1.551 s
[2022.04.18-14.06.18:845][140]LogViewport: Display: Viewport MouseCaptureMode Changed, CapturePermanently_IncludingInitialMouseDown -> CapturePermanently
[2022.04.18-14.06.18:845][140]PIE: Server logged in
[2022.04.18-14.06.18:847][140]PIE: Play in editor total start time 1.626 seconds.
[2022.04.18-14.06.25:509][929]LogSlate: Updating window title bar state: overlay mode, drag disabled, window buttons hidden, title bar hidden
[2022.04.18-14.06.25:509][929]LogWorld: BeginTearingDown for /Game/FirstPersonCPP/Maps/UEDPIE_0_FirstPersonExampleMap
[2022.04.18-14.06.25:510][929]LogWorld: UWorld::CleanupWorld for FirstPersonExampleMap, bSessionEnded=true, bCleanupResources=true
[2022.04.18-14.06.25:510][929]LogSlate: InvalidateAllWidgets triggered.  All widgets were invalidated
[2022.04.18-14.06.25:519][929]LogPlayLevel: Display: Shutting down PIE online subsystems
[2022.04.18-14.06.25:521][929]LogSlate: InvalidateAllWidgets triggered.  All widgets were invalidated
[2022.04.18-14.06.25:524][929]LogAudio: Display: Audio Device unregistered from world 'None'.
[2022.04.18-14.06.25:524][929]LogAudioMixer: FMixerPlatformXAudio2::StopAudioStream() called
[2022.04.18-14.06.25:525][929]LogAudioMixer: FMixerPlatformXAudio2::StopAudioStream() called
[2022.04.18-14.06.25:526][929]LogSlate: Updating window title bar state: overlay mode, drag disabled, window buttons hidden, title bar hidden
[2022.04.18-14.06.25:530][929]LogUObjectHash: Compacting FUObjectHashTables data took   0.76ms
[2022.04.18-14.06.25:570][932]LogPlayLevel: Display: Destroying online subsystem :Context_1
[2022.04.18-14.06.34:502][960]LogSlate: Took 0.000119 seconds to synchronously load lazily loaded font '../../../Engine/Content/Slate/Fonts/Roboto-Light.ttf' (167K)
[2022.04.18-14.06.34:518][960]LogAssetEditorSubsystem: Opening Asset editor for Blueprint /Game/FirstPersonCPP/Blueprints/FirstPersonCharacter.FirstPersonCharacter
[2022.04.18-14.06.34:580][960]LogNativeClassHierarchy: Verbose: Native class hierarchy updated for 'BlueprintGraph' in 0.0004 seconds. Added 126 classes and 0 folders.
